[30m[48;5;68m  [4mF[0m[30m[48;5;68mile  [4mE[0m[30m[48;5;68mdit  [4mV[0m[30m[48;5;68miew  [4mC[0m[30m[48;5;68molumn  [4mR[0m[30m[48;5;68mow  [4mD[0m[30m[48;5;68mata  [4mP[0m[30m[48;5;68mlot  [4mS[0m[30m[48;5;68mystem  [4mH[0m[30m[48;5;68melp     | VisiData 3.0.2 | Alt+H for help men
[1;4;7m[38;5;81m[40m AIRPORT            [0m[38;5;246m[40m║[1;4m[37m↓count♯[0m[38;5;246m[40m│[1;4m[37m percent%[0m[38;5;246m[40m│[1;4m[37m histogram                             ~[0m[38;5;246m[40m║[39m                   
[1m[38;5;81m UNKNOWN            [0m[38;5;246m[40m║[37m  8424 [38;5;246m│[37m   11.47 [38;5;246m│[37m ■■■■■■■■■■■■■■■■■■■■■■■■■■■■■■■■■■■■■■ [38;5;246m║
[1m[38;5;81m DENVER INTL AIRPORT[0m[38;5;246m[40m║[37m  2756 [38;5;246m│[37m    3.75 [38;5;246m│[37m ■■■■■■■■■■■■[39m                           [38;5;246m║
[1m[38;5;81m DALLAS/FORT WORTH …[0m[38;5;246m[40m║[37m  2392 [38;5;246m│[37m    3.26 [38;5;246m│[37m ■■■■■■■■■■[39m                             [38;5;246m║
[1m[38;5;81m CHICAGO O'HARE INT…[0m[38;5;246m[40m║[37m  1583 [38;5;246m│[37m    2.16 [38;5;246m│[37m ■■■■■■■[39m                                [38;5;246m║
[1m[38;5;81m JOHN F KENNEDY INTL[0m[38;5;246m[40m║[37m  1302 [38;5;246m│[37m    1.77 [38;5;246m│[37m ■■■■■[39m                                  [38;5;246m║
[38;5;220m[49m•[1m[38;5;215m[40mMEMPHIS INTL       [0m[38;5;215m[40m║  1217 │    1.66 │ ■■■■■[39m                                  [38;5;215m║
[1;7m[38;5;81m SALT LAKE CITY INTL[0;7m[37m[40m║  1179 │    1.61 │ ■■■■■                                  ║
[0;1m[38;5;81m[40m PHILADELPHIA INTL  [0m[38;5;246m[40m║[37m  1131 [38;5;246m│[37m    1.54 [38;5;246m│[37m ■■■■■[39m                                  [38;5;246m║
[1m[38;5;81m ORLANDO INTL       [0m[38;5;246m[40m║[37m  1026 [38;5;246m│[37m    1.40 [38;5;246m│[37m ■■■■[39m                                   [38;5;246m║
[1m[38;5;81m SACRAMENTO INTL    [0m[38;5;246m[40m║[37m  1021 [38;5;246m│[37m    1.39 [38;5;246m│[37m ■■■■[39m                                   [38;5;246m║
[1m[38;5;81m LA GUARDIA ARPT    [0m[38;5;246m[40m║[37m   974 [38;5;246m│[37m    1.33 [38;5;246m│[37m ■■■■[39m         [30m[48;5;114m┌───────────────────────────────|[43m statuses [48;5;114m|─┐
[1m[38;5;81m[40m CHARLOTTE/DOUGLAS …[0m[38;5;246m[40m║[37m   960 [38;5;246m│[37m    1.31 [38;5;246m│[37m ■■■■[39m         [30m[48;5;114m│ saul.pw/VisiData v3.0.2[39m                    [30m│
[1m[38;5;81m[40m NEWARK LIBERTY INT…[0m[38;5;246m[40m║[37m   917 [38;5;246m│[37m    1.25 [38;5;246m│[37m ■■■■[39m         [30m[48;5;114m│ opening example-cmdlog.vdj as vdj          │
[1m[38;5;81m[40m LOUISVILLE INTL AR…[0m[38;5;246m[40m║[37m   841 [38;5;246m│[37m    1.15 [38;5;246m│[37m ■■■[39m          [30m[48;5;114m│ Was I the same when I got up this morning?[39m [30m│
[1m[38;5;81m[40m AUSTIN-BERGSTROM I…[0m[38;5;246m[40m║[37m   817 [38;5;246m│[37m    1.11 [38;5;246m│[37m ■■■          [30m[48;5;114m│ opening faa-wildlife-strikes.csv as csv    │
[1m[38;5;81m[40m LOUIE ARMSTRONG NE…[0m[38;5;246m[40m║[37m   809 [38;5;246m│[37m    1.10 [38;5;246m│[37m ■■■[39m          [30m[48;5;114m│ Rename current sheet[39m                       [30m│
[1m[38;5;81m[40m KANSAS CITY INTL   [0m[38;5;246m[40m║[37m   807 [38;5;246m│[37m    1.10 [38;5;246m│[37m ■■■    [39m      [30m[48;5;114m│ open Frequency Table grouped on current[39m    [30m│
[1m[38;5;81m[40m HARTSFIELD - JACKS…[0m[38;5;246m[40m║[37m   775 [38;5;246m│[37m    1.06 [38;5;246m│[37m ■■■   [39m       [30m[48;5;114m│ column, with aggregations of other columns │
[1m[38;5;81m[40m GEORGE BUSH INTERC…[0m[38;5;246m[40m║[37m   746 [38;5;246m│[37m    1.02 [38;5;246m│[37m ■■■[39m          [30m[48;5;114m│ select current row[39m                     [30m    │
[1m[38;5;81m[40m DETROIT METRO WAYN…[0m[38;5;246m[40m║[37m   734 [38;5;246m│[37m    1.00 [38;5;246m│[37m ■■■        [39m  [30m[48;5;114m│ selected 1217 rows[39m                        [30m │
[1m[38;5;81m[40m BALTIMORE/WASH INT…[0m[38;5;246m[40m║[37m   691 [38;5;246m│[37m    0.94 [38;5;246m│[37m ■■■[39m          [30m[48;5;114m└────────────────────────────────────────────┘
[4m[48;5;68m3› strikes_AIRPORT_freq[0m[30m[48;5;68m|[39m                               [30m             [1m[38;5;52m[48;5;114mselect-row[0m[30m[48;5;68m       1512 bins  [4m[38;5;215m•1[0m[30m[48;5;68m 