[30m[48;5;68m  [4mF[0m[30m[48;5;68mile  [4mE[0m[30m[48;5;68mdit  [4mV[0m[30m[48;5;68miew  [4mC[0m[30m[48;5;68molumn  [4mR[0m[30m[48;5;68mow  [4mD[0m[30m[48;5;68mata  [4mP[0m[30m[48;5;68mlot  [4mS[0m[30m[48;5;68mystem  [4mH[0m[30m[48;5;68melp     | VisiData 3.0.2 | Alt+H for help men
[1;4m[38;5;81m[40m name              [0m[38;5;246m[40m║[1;4;7m[37m width#[0m[38;5;246m[40m│[1;4m[37m type [0m[38;5;246m[40m│[1;4m[37m fmtstr [0m[38;5;246m[40m│[1;4m[37m value              [0m[38;5;246m[40m│[1;4m[37m aggregators [0m[38;5;246m[40m║[39m                    
[38;5;81m OPERATOR          [38;5;246m║[1m[37m    20 [0m[38;5;246m[40m│[37m      [38;5;246m│[37m        [38;5;246m│[37m BUSINESS           [38;5;246m│[37m             [38;5;246m║[39m                     
[38;5;81m ATYPE             [38;5;246m║[1m[37m    14 [0m[38;5;246m[40m│[37m      [38;5;246m│[37m        [38;5;246m│[37m PA-28[39m              [38;5;246m│[37m             [38;5;246m║[39m                     
[38;5;81m INCIDENT_DATE     [38;5;246m║[1m[37m    19 [0m[38;5;246m[40m│[37m      [38;5;246m│[37m        [38;5;246m│[37m 05/22/15 00:00:00  [38;5;246m│[37m             [38;5;246m║[39m                     
[38;5;81m STATE             [38;5;246m║[1m[37m     7 [0m[38;5;246m[40m│[37m      [38;5;246m│[37m        [38;5;246m│[37m FL[39m                 [38;5;246m│[37m             [38;5;246m║[39m                     
[38;5;81m AIRPORT           [38;5;246m║[1m[37m    20 [0m[38;5;246m[40m│[37m      [38;5;246m│[37m        [38;5;246m│[37m VERO BEACH MUNICIP…[38;5;246m│[37m             [38;5;246m║[39m                     
[38;5;81m PHASE_OF_FLT      [38;5;246m║[1m[37m    14 [0m[38;5;246m[40m│[39m      [38;5;246m│[37m        [38;5;246m│[37m APPROACH           [38;5;246m│[37m             [38;5;246m║[39m                     
[38;5;220m[49m•[38;5;215m[40mHEIGHT            ║[1m     8 [0m[38;5;215m[40m│ int  │        │[39m                    [38;5;215m│             ║[39m                     
[38;5;220m[49m•[38;5;215m[40mSPEED             ║[1m     8 [0m[38;5;215m[40m│ int  │        │[39m                    [38;5;215m│             ║[39m                     
[38;5;81m SPECIES           [38;5;246m║[1m[37m      [38;5;226m⌀[0m[38;5;246m[40m│[37m      [38;5;246m│[37m        [38;5;246m│[37m Unknown bird       [38;5;246m│[37m             [38;5;246m║[39m                     
[38;5;220m[49m•[38;5;215m[40mBIRDS_STRUCK      ║[1m     8 [0m[38;5;215m[40m│ int  │        │ 1[39m                  [38;5;215m│             ║[39m                     
[38;5;81m EFFECT            [38;5;246m║[1m[37m      [38;5;226m⌀[0m[38;5;246m[40m│[37m      [38;5;246m│[37m        [38;5;246m│[37m NONE[39m               [38;5;246m│[37m             [38;5;246m║[39m                     
[38;5;81m DAMAGE            [38;5;246m║[1m[37m      [38;5;226m⌀[0m[38;5;246m[40m│[39m      [38;5;246m│[37m        [38;5;246m│[37m M[39m                  [38;5;246m│[37m             [38;5;246m║[39m                     
[38;5;220m[49m•[38;5;215m[40mCOST_REPAIRS      ║[1m     8 [0m[38;5;215m[40m│ int  │        │[39m                    [38;5;215m│             ║[39m                     
[7m[37m PERSON            ║[1m      [38;5;226m⌀[0;7m[37m[40m│      │        │ Tower              │             ║[0m[40m                     
[38;5;81m REMAINS_COLLECTED [38;5;246m║[1m[37m      [38;5;226m⌀[0m[38;5;246m[40m│[39m      [38;5;246m│[37m        [38;5;246m│[37m 0[39m                  [38;5;246m│[37m             [38;5;246m║[39m                     
[38;5;81m REMARKS           [38;5;246m║[1m[37m      [38;5;226m⌀[0m[38;5;246m[40m│[37m      [38;5;246m│[37m        [38;5;246m│[37m N9240F was right b…[38;5;246m│[37m             [38;5;246m║[39m                     


                                                       [30m[48;5;114m┌─────────────────────────────|[43m statuses [48;5;114m|─┐
[39m[40m                                                       [30m[48;5;114m│ set 4 cells to 1 values[39m                  [30m│
[39m[40m                                                       [30m[48;5;114m└──────────────────────────────────────────┘
[4m[48;5;68mShift+C› faa-wildlife-strikes_columns[0m[30m[48;5;68m|[39m                [1m[37m[48;5;237mge[0m[30m[48;5;68m   [1m[38;5;52m[48;5;114msetcol-input[0m[30m[48;5;68m         16 columns  [M] [4m[38;5;215m•4[0m[30m[48;5;68m 