[1;4m[38;5;81m[40m AIRPORT            [0m[38;5;246m[40m║[1;4m[37m OPERATOR           [0m[38;5;246m[40m|[1;4m[37m Aircraft     [0m[38;5;246m[40m|[1;4m[37m INCIDENT_DATE     [0m[38;5;246m[40m|[1;4;7m[37m STATE [0m[38;5;246m[40m|[1;4m[37m PHASE_OF_FLT[0m[38;5;246m[40m>[39m 
[7m[38;5;81m VERO BEACH MUNICIP…[37m║ BUSINESS           | PA-28        | 05/22/15 00:00:00 |[1m FL    [0;7m[37m[40m| APPROACH     ║
[0m[38;5;81m[40m KENAI MUNICIPAL AR…[37m║ BUSINESS           | BE-1900      | 06/18/15 00:00:00 |[1m AK    [0m[37m[40m| APPROACH     ║
[38;5;81m DAVID WAYNE HOOKS …[37m║ BUSINESS           | PA-46 MALIBU | 09/20/15 00:00:00 |[1m TX    [0m[37m[40m|              ║
[38;5;81m LAMBERT-ST LOUIS I…[37m║ DELTA AIR LINES    | B-717-200    | 11/07/15 00:00:00 |[1m MO    [0m[37m[40m| APPROACH     ║
[38;5;81m POMPANO BEACH AIRP…[37m║ BUSINESS           | BE-90 KING   | 12/17/15 00:00:00 |[1m FL    [0m[37m[40m| LANDING ROLL ║
[38;5;81m HENRY E ROHLSEN AR…[37m║ DELTA AIR LINES    | B-757        | 07/17/15 00:00:00 |[1m VI    [0m[37m[40m|              ║
[38;5;81m SAN ANTONIO INTL   [37m║ DELTA AIR LINES    | B-717-200    | 08/02/15 00:00:00 |[1m TX    [0m[37m[40m| APPROACH     ║
[38;5;81m LONE STAR EXECUTIV…[37m║ BUSINESS           | C-414        | 08/03/15 00:00:00 |[1m TX    [0m[37m[40m| DEPARTURE    ║
[38;5;81m TAMPA INTL         [37m║ ALLEGIANT AIR      | MD-80        | 09/02/15 00:00:00 |[1m FL    [0m[37m[40m| APPROACH     ║
[38;5;81m LAMBERT-ST LOUIS I…[37m║ TRANS STATES AIRLI…| EMB-145      | 09/07/15 00:00:00 |[1m MO    [0m[37m[40m| APPROACH     ║
[38;5;81m OPA-LOCKA EXECUTIV…[37m║ BUSINESS           | C-172        | 11/28/15 00:00:00 |[1m FL    [0m[37m[40m| APPROACH     ║
[38;5;81m NORMAN Y. MINETA S…[37m║ GOVERNMENT         | EC120        | 12/08/15 00:00:00 |[1m CA    [0m[37m[40m|              ║
[38;5;81m FORT LAUDERDALE/HO…[37m║ AMERICAN AIRLINES  | A-321        | 05/06/15 00:00:00 |[1m FL    [0m[37m[40m| APPROACH     ║
[38;5;81m FORT SMITH REGIONA…[37m║ EXPRESSJET AIRLINES| CRJ100/200   | 05/06/15 00:00:00 |[1m AR    [0m[37m[40m| CLIMB        ║
[38;5;81m BILL AND  HILLARY …[37m║ MESA AIRLINES      | CRJ900       | 05/08/15 00:00:00 |[1m AR    [0m[37m[40m| LANDING ROLL ║
[38;5;81m UNKNOWN            [37m║ BUSINESS           | HELICOPTER   | 05/06/15 00:00:00 |[1m       [0m[37m[40m| En Route     ║
[38;5;81m METRO OAKLAND INTL [37m║ DELTA AIR LINES    | A-320        | 05/07/15 00:00:00 |[1m CA    [0m[37m[40m|              ║
[38;5;81m SALT LAKE CITY INTL[37m║ DELTA AIR LINES    | A-320        | 05/08/15 00:00:00 |[1m UT    [0m[37m[40m|              ║
[38;5;81m GEORGE BUSH INTERC…[37m║ LUFTHANSA          | A-380        | 05/10/15 00:00:00 |[1m TX    [0m[37m[40m| CLIMB        ║
[38;5;81m ORLANDO SANFORD IN…[37m║ BUSINESS           | C-172        | 05/08/15 00:00:00 |[1m FL    [0m[37m[40m| APPROACH     ║
[38;5;81m CHICAGO O'HARE INT…[37m║ SPIRIT AIRLINES    | A-319        | 05/10/15 00:00:00 |[1m IL    [0m[37m[40m| CLIMB        ║
[38;5;81m BIRMINGHAM-SHUTTLE…[37m║ EXPRESSJET AIRLINES| EMB-145      | 05/11/15 00:00:00 |[1m AL    [0m[37m[40m| LANDING ROLL ║
[1m1› faa-wildlife-strikes|          [0m[39m[40m                                 [1m[37m      !  key-col     73448 rows [0m[39m[40m 