[1;4;7m[38;5;81m[40m option             [0m[38;5;246m[40m‖[1;4m[37m global_value   [0m[38;5;246m[40m|[1;4m[37m default           [0m[38;5;246m[40m|[1;4m[37m description        [0m[38;5;246m[40m|[1;4m[37m replayable   [0m[38;5;246m[40m‖[39m      
[1;7m[38;5;81m encoding           [0;7m[37m[40m‖                | utf-8             | encoding passed to…| True         ‖[0m[39m[40m      
[1m[38;5;81m encoding_errors    [0m[37m[40m‖        [39m        [37m| surrogateescape   | encoding_errors pa…| True         ‖[39m      
[1m[38;5;81m regex_flags        [0m[37m[40m‖[39m                [37m| I[39m                 [37m| flags to pass to r…| True         ‖[39m      
[1m[38;5;81m default_width      [0m[37m[40m‖          [39m      [37m| 20[39m               [38;5;226m#[37m| default column wid…| True         ‖[39m      
[1m[38;5;81m wrap[0m[39m[40m               [37m‖                | False             | wrap text to fit w…| False        ‖[39m      
[1m[38;5;81m bulk_select_clear  [0m[37m[40m‖      [39m          [37m| False             | clear selected row…| True         ‖[39m      
[1m[38;5;81m cmd_after_edit     [0m[37m[40m‖          [39m      [37m| go-down           | command longname t…| False        ‖[39m      
[1m[38;5;81m col_cache_size     [0m[37m[40m‖      [39m          [37m| 0[39m                [38;5;226m#[37m| max number of cach…| False        ‖[39m      
[1m[38;5;81m quitguard          [0m[37m[40m‖      [39m          [37m| False             | confirm before qui…| False        ‖[39m      
[1m[38;5;81m null_value         [0m[37m[40m‖        [39m        [37m| [39m                 [38;5;226m⌀[37m| a value to be coun…| True         ‖[39m      
[1m[38;5;81m force_valid_colnam…[0m[37m[40m‖      [39m          [37m| False             | clean column names…| True         ‖[39m      
[1m[38;5;81m debug[0m[39m[40m              [37m‖      [39m          [37m| False             | exit on error and …| False        ‖[39m      
[1m[38;5;81m curses_timeout     [0m[37m[40m‖      [39m          [37m| 100[39m              [38;5;226m#[37m| curses timeout in …| False        ‖[39m      
[1m[38;5;81m force_256_colors   [0m[37m[40m‖                | False             | use 256 colors eve…| False        ‖[39m      
[1m[38;5;81m use_default_colors [0m[37m[40m‖       [39m         [37m| False             | curses use default…| False        ‖[39m      
[1m[38;5;81m disp_note_none     [0m[37m[40m‖                | ⌀[39m                 [37m| visible contents o…| False        ‖[39m      
[1m[38;5;81m disp_truncator     [0m[37m[40m‖      [39m          [37m| …[39m                 [37m| indicator that the…| False        ‖[39m      
[1m[38;5;81m disp_oddspace      [0m[37m[40m‖      [39m          [37m| ·[39m                 [37m| displayable charac…| False        ‖[39m      
[1m[38;5;81m disp_unprintable   [0m[37m[40m‖      [39m          [37m| .[39m                 [37m| substitute charact…| False        ‖[39m      
[1m[38;5;81m disp_column_sep    [0m[37m[40m‖      [39m          [37m| |[39m                 [37m| separator between …| False        ‖[39m      
[1m[38;5;81m disp_keycol_sep    [0m[37m[40m‖      [39m          [37m| ‖[39m                 [37m| separator between …| False        ‖[39m      
[1m[38;5;81m disp_status_fmt    [0m[37m[40m‖        [39m        [37m| {sheet.name}|     | status line prefix | False        ‖[39m      
[1m[37mglobal_options|[0m[39m[40m                                                               [37m O[1m       100 options [0m[39m[40m 