vd(1)                        Quick Reference Guide                       vd(1)

NAME
     VisiData — a terminal utility for exploring and arranging tabular data

SYNOPSIS
     vd [options] [input ...]
     vd [options] --play cmdlog [-w waitsecs] [--batch] [-i] [-o output]
        [field=value]
     vd [options] [input ...] +toplevel:subsheet:col:row

DESCRIPTION
     VisiData is an easy-to-use multipurpose tool to explore, clean, edit, and
     restructure data. Rows can be selected, filtered, and grouped; columns
     can be rearranged, transformed, and derived via regex or Python expres‐
     sions; and workflows can be saved, documented, and replayed.

   REPLAY MODE
     -p, --play=cmdlog       replay a saved cmdlog within the interface
     -w, --replay-wait=seconds
                             wait seconds between commands
     -b, --batch             replay in batch mode (with no interface)
     -i, --interactive       launch VisiData in interactive mode after batch
: