[30m[48;5;68m  [4mF[0m[30m[48;5;68mile  [4mE[0m[30m[48;5;68mdit  [4mV[0m[30m[48;5;68miew  [4mC[0m[30m[48;5;68molumn  [4mR[0m[30m[48;5;68mow  [4mD[0m[30m[48;5;68mata  [4mP[0m[30m[48;5;68mlot  [4mS[0m[30m[48;5;68mystem  [4mH[0m[30m[48;5;68melp     | VisiData 3.0.2 | Alt+H for help men
[1;4;7m[37m[40m animal [0m[38;5;246m[40mâ”‚[1;4m[37m name   [0m[38;5;246m[40mâ•‘
[1;7m[37m dog    [0;7m[37m[40mâ”‚ Apollo â•‘
[0;1m[37m[40m dog    [0m[38;5;246m[40mâ”‚[37m Bambi  [38;5;246mâ•‘
[1m[37m dog    [0m[38;5;246m[40mâ”‚[37m Cutie  [38;5;246mâ•‘
[1m[37m fish   [0m[38;5;246m[40mâ”‚[37m Fido   [38;5;246mâ•‘
[1m[37m fish   [0m[38;5;246m[40mâ”‚[37m Fido   [38;5;246mâ•‘



[39m                                                 [30m[48;5;114mâ”Œâ”€â”€â”€â”€â”€â”€â”€â”€â”€â”€â”€â”€â”€â”€â”€â”€â”€â”€â”€â”€â”€â”€â”€â”€â”€â”€â”€â”€â”€|[43m Choose Command [48;5;114m|â”€â”
[39m[40m                                                 [30m[48;5;114mâ”‚ Start typing a command longname or keyword in  â”‚
[39m[40m                                                 [30m[48;5;114mâ”‚ its helpstring.[39m                                [30mâ”‚
[48;5;72m [1m[37m[48;5;237m         [0m[30m[48;5;72m    [1;4m[38;5;52m[48;5;114mdedupe-rows[0m[48;5;72m                       [30m [48;5;114mâ”‚[39m                                                [30mâ”‚
[48;5;72m [1m[37m[48;5;237m        *[0m[30m[48;5;72m    [1;4m[38;5;52m[48;5;114maddcol-regex-subst[0m[30m[48;5;72m - add column [31mde[30mr[48;5;114mâ”‚ - [1m[37m[48;5;237mEnter[0m[30m[48;5;114m to execute top command.[39m                [30mâ”‚
[48;5;72m [1m[37m[48;5;237m         [0m[30m[48;5;72m    [1;4m[38;5;52m[48;5;114maddcol-subst[0m[30m[48;5;72m - add column [31mde[30mrive[31md[30m f[48;5;114mâ”‚ - [1m[37m[48;5;237mTab[0m[30m[48;5;114m to highlight top command.[39m                [30mâ”‚
[48;5;72m [1m[37m[48;5;237m        ][0m[30m[48;5;72m    [1;4m[38;5;52m[48;5;114msort-desc[0m[30m[48;5;72m - sort [31mde[30mscen[31md[30ming by curr[48;5;114mâ”‚[39m                                                [30mâ”‚
[48;5;72m [1m[37m[48;5;237m       g][0m[30m[48;5;72m    [1;4m[38;5;52m[48;5;114msort-keys-desc[0m[30m[48;5;72m - sort [31mde[30mscen[31md[30ming by[48;5;114mâ”‚ [1m[38;5;200m## When Command Highlighted[0m[48;5;114m                    [30mâ”‚
[48;5;72m [1m[37m[48;5;237m        )[0m[30m[48;5;72m    [1;4m[38;5;52m[48;5;114mcontract-col[0m[30m[48;5;72m - remove current colum[48;5;114mâ”‚[39m                                                [30mâ”‚
[48;5;72m [1m[37m[48;5;237m       z)[0m[30m[48;5;72m    [1;4m[38;5;52m[48;5;114mcontract-col-depth[0m[30m[48;5;72m - remove current[48;5;114mâ”‚ - [1m[37m[48;5;237mTab[0m[30m[48;5;114m/[1m[37m[48;5;237mShift+Tab[0m[30m[48;5;114m to cycle highlighted command.[39m  [30mâ”‚
[48;5;72m [1m[37m[48;5;237m  Shift+D[0m[30m[48;5;72m    [1;4m[38;5;52m[48;5;114mcmdlog-sheet[0m[30m[48;5;72m - open current sheet's[48;5;114mâ”‚ - [1m[37m[48;5;237mEnter[0m[30m[48;5;114m to execute highlighted command.     [39m   [30mâ”‚
[48;5;72m [1m[37m[48;5;237m gShift+Y[0m[30m[48;5;72m    [1;4m[38;5;52m[48;5;114msyscopy-selected[0m[30m[48;5;72m - yank (copy) sele[48;5;114mâ”‚ - [1m[37m[48;5;237m0-9[0m[30m[48;5;114m to execute numbered command.             â”‚
[48;5;72m [1m[37m[48;5;237mgzShift+Y[0m[30m[48;5;72m    [1;4m[38;5;52m[48;5;114msyscopy-cells[0m[30m[48;5;72m - yank (copy) content[48;5;114mâ””â”€â”€â”€â”€â”€â”€â”€â”€â”€â”€â”€â”€â”€â”€â”€â”€â”€â”€â”€â”€â”€â”€â”€â”€â”€â”€â”€â”€â”€â”€â”€â”€â”€â”€â”€â”€â”€â”€â”€â”€â”€â”€â”€â”€â”€â”€â”€â”€â”˜
[39m[49mcommand name: [38;5;233m[48;5;110mdedup[39m                                         [48;5;68m [1m[37m[48;5;237mSpace[0m[30m[48;5;68m   [1m[38;5;52m[48;5;114mexec-longname[0m[30m[48;5;68m          5 rows 