[1;4;7m[38;5;81m[40m OPERATOR           [0m[38;5;246m[40m‖[1;4m[37m count  #[0m[38;5;246m[40m|[1;4m[37m percent  %[0m[38;5;246m[40m|[1;4m[37m histogram                                          [0m[38;5;246m[40m‖[39m    
[1;7m[38;5;81m UNKNOWN            [0;7m[37m[40m‖   23076 |     31.42 | ************************************************** ‖[0m[39m[40m    
[1m[38;5;81m SOUTHWEST AIRLINES [0m[38;5;246m[40m‖[37m    7752 [38;5;246m|[39m     [37m10.55 [38;5;246m|[37m ****************  [39m                                 [38;5;246m‖[39m    
[1m[38;5;81m BUSINESS           [0m[38;5;246m[40m‖[37m    5868 [38;5;246m|[37m      7.99 [38;5;246m|[37m ************[39m                                       [38;5;246m‖[39m    
[1m[38;5;81m AMERICAN AIRLINES  [0m[38;5;246m[40m‖[37m    4337 [38;5;246m|[39m      [37m5.90 [38;5;246m|[37m *********[39m                                          [38;5;246m‖[39m    
[1m[38;5;81m DELTA AIR LINES    [0m[38;5;246m[40m‖[37m    2817 [38;5;246m|[37m      3.84 [38;5;246m|[37m ******[39m                                             [38;5;246m‖[39m    
[1m[38;5;81m FEDEX EXPRESS      [0m[38;5;246m[40m‖[37m    2709 [38;5;246m|[39m      [37m3.69 [38;5;246m|[37m *****             [39m                                 [38;5;246m‖[39m    
[1m[38;5;81m UNITED AIRLINES    [0m[38;5;246m[40m‖[37m    2194 [38;5;246m|[39m      [37m2.99 [38;5;246m|[37m ****              [39m                                 [38;5;246m‖[39m    
[1m[38;5;81m US AIRWAYS         [0m[38;5;246m[40m‖[37m    1885 [38;5;246m|[39m      [37m2.57 [38;5;246m|[37m ****              [39m                                 [38;5;246m‖[39m    
[1m[38;5;81m UPS AIRLINES       [0m[38;5;246m[40m‖[37m    1773 [38;5;246m|[39m      [37m2.41 [38;5;246m|[37m ***[39m                     [37m            [39m         [37m      [38;5;246m‖[39m    
[1m[38;5;81m SKYWEST AIRLINES   [0m[38;5;246m[40m‖[37m    1769 [38;5;246m|[39m      [37m2.41 [38;5;246m|[37m ***[39m                                                [38;5;246m‖[39m    
[1m[38;5;81m JETBLUE AIRWAYS    [0m[38;5;246m[40m‖[37m    1740 [38;5;246m|[39m      [37m2.37 [38;5;246m|[37m ***[39m                                                [38;5;246m‖[39m    
[1m[38;5;81m EXPRESSJET AIRLINES[0m[38;5;246m[40m‖[37m    1347 [38;5;246m|[39m      [37m1.83 [38;5;246m|[37m **                [39m                                 [38;5;246m‖[39m    
[1m[38;5;81m AMERICAN EAGLE AIR…[0m[38;5;246m[40m‖[37m    1041 [38;5;246m|[39m      [37m1.42 [38;5;246m|[37m **[39m                                                 [38;5;246m‖[39m    
[1m[38;5;81m ENVOY AIR          [0m[38;5;246m[40m‖[37m     883 [38;5;246m|[37m      1.20 [38;5;246m|[37m *   [39m                                               [38;5;246m‖[39m    
[1m[38;5;81m ALASKA AIRLINES    [0m[38;5;246m[40m‖[37m     835 [38;5;246m|[39m      [37m1.14 [38;5;246m|[37m * [39m                                                 [38;5;246m‖[39m    
[1m[38;5;81m REPUBLIC AIRLINES  [0m[38;5;246m[40m‖[37m     804 [38;5;246m|[37m      1.09 [38;5;246m|[37m *[39m                       [37m         [39m            [37m      [38;5;246m‖[39m    
[1m[38;5;81m MESA AIRLINES      [0m[38;5;246m[40m‖[37m     693 [38;5;246m|[39m      [37m0.94 [38;5;246m|[37m * [39m                                                 [38;5;246m‖[39m    
[1m[38;5;81m AIR WISCONSIN AIRL…[0m[38;5;246m[40m‖[37m     623 [38;5;246m|[39m      [37m0.85 [38;5;246m|[37m *                 [39m                                 [38;5;246m‖[39m    
[1m[38;5;81m PSA AIRLINES       [0m[38;5;246m[40m‖[37m     577 [38;5;246m|[39m      [37m0.79 [38;5;246m|[37m *[39m                                                  [38;5;246m‖[39m    
[1m[38;5;81m PRIVATELY OWNED    [0m[38;5;246m[40m‖[37m     516 [38;5;246m|[39m      [37m0.70 [38;5;246m|[37m *[39m                                                  [38;5;246m‖[39m    
[1m[38;5;81m PHI INC            [0m[38;5;246m[40m‖[37m     491 [38;5;246m|[39m      [37m0.67 [38;5;246m|[37m *                 [39m                                 [38;5;246m‖[39m    
[1m[38;5;81m SHUTTLE AMERICA    [0m[38;5;246m[40m‖[37m     467 [38;5;246m|[39m      [37m0.64 [38;5;246m|[37m *[39m                                                  [38;5;246m‖[39m    
[1m[37mfaa-wildlife-strikes_OPERATOR_freq|[0m[39m[40m                                               [37m F[1m       282 bins[0m[39m[40m 