[30m[48;5;68m  [4mF[0m[30m[48;5;68mile  [4mE[0m[30m[48;5;68mdit  [4mV[0m[30m[48;5;68miew  [4mC[0m[30m[48;5;68molumn  [4mR[0m[30m[48;5;68mow  [4mD[0m[30m[48;5;68mata  [4mP[0m[30m[48;5;68mlot  [4mS[0m[30m[48;5;68mystem [38;5;223m[40m [4mH[0m[38;5;223m[40melp [30m[48;5;68m    | VisiData 3.0.2 | Alt+H for help men
[1;4;7m[38;5;81m[40m OPERATOR           [0m[38;5;246m[40m║[1;4m[37m↓count♯[0m[38;5;246m[40m│[1;4m[37m percent%[0m[38;5;246m[40m│[1;4m[37m histogram   [0m[30m[48;5;68m│[38;5;223m[40m VisiData Feature Guides           ⎘[30m[48;5;68m│[39m[40m         
[1;7m[38;5;81m UNKNOWN            [0;7m[37m[40m║ 23076 │   31.42 │ ■■■■■■■■■■■■[0m[30m[48;5;68m│ Version[39m                    [1m[37m[48;5;237mCtrl+V[0m[30m[48;5;68m  │
[1m[38;5;81m[40m SOUTHWEST AIRLINES [0m[38;5;246m[40m║[37m  7752 [38;5;246m│[37m   10.55 [38;5;246m│[37m ■■■■■■■■■■■■[30m[48;5;68m│ VisiData tutorial[39m                  [30m│
[1m[38;5;81m[40m BUSINESS           [0m[38;5;246m[40m║[37m  5868 [38;5;246m│[37m    7.99 [38;5;246m│[37m ■■■■■■■■■[39m   [30m[48;5;68m│ Sheet commands            [1m[37m[48;5;237mzCtrl+H[0m[30m[48;5;68m ⎘│
[1m[38;5;81m[40m AMERICAN AIRLINES  [0m[38;5;246m[40m║[37m  4337 [38;5;246m│[37m    5.90 [38;5;246m│[37m ■■■■■■■[39m     [30m[48;5;68m│ All commands             [1m[37m[48;5;237mgzCtrl+H[0m[30m[48;5;68m ⎘│
[1m[38;5;81m[40m DELTA AIR LINES    [0m[38;5;246m[40m║[37m  2817 [38;5;246m│[37m    3.84 [38;5;246m│[37m ■■■■[39m        [30m[48;5;68m│ Quick reference           [1m[37m[48;5;237mgCtrl+H[0m[30m[48;5;68m  │
[1m[38;5;81m[40m FEDEX EXPRESS      [0m[38;5;246m[40m║[37m  2709 [38;5;246m│[37m    3.69 [38;5;246m│[37m ■■■■ [39m       [30m[48;5;68m│ Command list[39m              [1m[37m[48;5;237mzCtrl+H[0m[30m[48;5;68m ⎘│
[1m[38;5;81m[40m UNITED AIRLINES    [0m[38;5;246m[40m║[37m  2194 [38;5;246m│[37m    2.99 [38;5;246m│[37m ■■■[39m         [30m[48;5;68m└────────────────────────────────────┘
[1m[38;5;81m[40m US AIRWAYS         [0m[38;5;246m[40m║[37m  1885 [38;5;246m│[37m    2.57 [38;5;246m│[37m ■■■[39m                                    [38;5;246m║
[1m[38;5;81m UPS AIRLINES       [0m[38;5;246m[40m║[37m  1773 [38;5;246m│[37m    2.41 [38;5;246m│[37m ■■[39m                                     [38;5;246m║
[1m[38;5;81m SKYWEST AIRLINES   [0m[38;5;246m[40m║[37m  1769 [38;5;246m│[37m    2.41 [38;5;246m│[37m ■■[39m                                     [38;5;246m║
[1m[38;5;81m JETBLUE AIRWAYS    [0m[38;5;246m[40m║[37m  1740 [38;5;246m│[37m    2.37 [38;5;246m│[37m ■■[39m                                     [38;5;246m║
[1m[38;5;81m EXPRESSJET AIRLINES[0m[38;5;246m[40m║[37m  1347 [38;5;246m│[37m    1.83 [38;5;246m│[37m ■■[39m                                     [38;5;246m║
[1m[38;5;81m AMERICAN EAGLE AIR…[0m[38;5;246m[40m║[37m  1041 [38;5;246m│[37m    1.42 [38;5;246m│[37m ■[39m                                      [38;5;246m║
[1m[38;5;81m ENVOY AIR          [0m[38;5;246m[40m║[37m   883 [38;5;246m│[37m    1.20 [38;5;246m│[37m ■  [39m                                    [38;5;246m║
[1m[38;5;81m ALASKA AIRLINES    [0m[38;5;246m[40m║[37m   835 [38;5;246m│[37m [30m[48;5;68m┌────────────────── open-guide-index ────────────────────────────┐
[1m[38;5;81m[40m REPUBLIC AIRLINES  [0m[38;5;246m[40m║[37m   804 [38;5;246m│[37m [30m[48;5;68m│ open VisiData guides table of contents[39m                         [30m│
[1m[38;5;81m[40m MESA AIRLINES      [0m[38;5;246m[40m║[37m   693 [38;5;246m│[37m [30m[48;5;68m│[39m                                                                [30m│
[1m[38;5;81m[40m AIR WISCONSIN AIRL…[0m[38;5;246m[40m║[37m   623 [38;5;246m│[37m [30m[48;5;68m│    ⎘ pushes sheet[39m                                              [30m│
[1m[38;5;81m[40m PSA AIRLINES       [0m[38;5;246m[40m║[37m   577 [38;5;246m│[37m [30m[48;5;68m└────────────────────────────────────────────────────────────────┘
[1m[38;5;81m[40m PRIVATELY OWNED    [0m[38;5;246m[40m║[37m   516 [38;5;246m│[37m    0.70 [38;5;246m│[39m                                        [38;5;246m║
[1m[38;5;81m PHI INC            [0m[38;5;246m[40m║[37m   491 [38;5;246m│[37m    0.67 [38;5;246m│[37m    [39m                                    [38;5;246m║
[4m[30m[48;5;68m2› faa-wildlife-strikes_OPERATOR_freq[0m[30m[48;5;68m|[39m                    [30m        [1m[37m[48;5;237mBksp[0m[30m[48;5;68m   [1m[38;5;52m[48;5;114mmenu-help[0m[30m[48;5;68m        282 bins 