[30m[48;5;68m  [4mF[0m[30m[48;5;68mile  [4mE[0m[30m[48;5;68mdit  [4mV[0m[30m[48;5;68miew  [4mC[0m[30m[48;5;68molumn  [4mR[0m[30m[48;5;68mow  [4mD[0m[30m[48;5;68mata  [4mP[0m[30m[48;5;68mlot  [4mS[0m[30m[48;5;68mystem  [4mH[0m[30m[48;5;68melp     | VisiData 3.0.2 | Alt+H for help men
[38;5;246m[40m<[1;4m[37mSTATE [0m[38;5;246m[40m│[1;4m[37m AIRPORT            [0m[38;5;246m[40m│[1;4m[37m PHASE_OF_FLT [0m[38;5;246m[40m│[1;4m[37m HEIGHT [0m[38;5;246m[40m│[1;4m[37m SPEED [0m[38;5;246m[40m│[1;4;7m[37m SPECIES            [0m[38;5;246m[40m│[1;4m[37m BIRDS_STRUCK [0m[38;5;246m[40m│[1;4m[37m [0m[38;5;246m>
[7m[37m[40m FL    │ VERO BEACH MUNICIP…│ APPROACH     │        │       │[1m Unknown bird       [0;7m[37m[40m│ 1            │ N[0m[40m 
[37m AK    [38;5;246m│[37m KENAI MUNICIPAL AR…[38;5;246m│[37m APPROACH     [38;5;246m│[37m        [38;5;246m│[37m       [38;5;246m│[1m[37m Unknown bird       [0m[38;5;246m[40m│[37m 1            [38;5;246m│[37m N[39m 
[37m TX    [38;5;246m│[37m DAVID WAYNE HOOKS …[38;5;246m│[39m              [38;5;246m│[37m        [38;5;246m│[37m       [38;5;246m│[1m[37m Unknown bird       [0m[38;5;246m[40m│[37m 1 [39m           [38;5;246m│[37m N[39m 
[37m MO    [38;5;246m│[37m LAMBERT-ST LOUIS I…[38;5;246m│[37m APPROACH     [38;5;246m│[37m        [38;5;246m│[37m       [38;5;246m│[1m[37m Unknown bird       [0m[38;5;246m[40m│[37m 1            [38;5;246m│[37m N[39m 
[37m FL    [38;5;246m│[37m POMPANO BEACH AIRP…[38;5;246m│[37m LANDING ROLL [38;5;246m│[37m 0      [38;5;246m│[37m       [38;5;246m│[1m[37m Unknown bird       [0m[38;5;246m[40m│[37m 1            [38;5;246m│[39m   
[37m VI    [38;5;246m│[37m HENRY E ROHLSEN AR…[38;5;246m│[39m      [37m        [38;5;246m│[37m        [38;5;246m│[37m       [38;5;246m│[1m[37m Unknown bird       [0m[38;5;246m[40m│[37m 1            [38;5;246m│[37m O[39m 
[37m TX    [38;5;246m│[37m SAN ANTONIO INTL   [38;5;246m│[37m APPROACH     [38;5;246m│[37m        [38;5;246m│[37m       [38;5;246m│[1m[37m Unknown bird       [0m[38;5;246m[40m│[37m 1            [38;5;246m│[37m N[39m 
[37m TX    [38;5;246m│[37m LONE STAR EXECUTIV…[38;5;246m│[37m DEPARTURE    [38;5;246m│[37m        [38;5;246m│[37m       [38;5;246m│[1m[37m Unknown bird       [0m[38;5;246m[40m│[37m 1            [38;5;246m│[37m P[39m 
[37m FL    [38;5;246m│[37m TAMPA INTL         [38;5;246m│[37m APPROACH     [38;5;246m│[37m 6000   [38;5;246m│[37m       [38;5;246m│[1m[37m Unknown bird       [0m[38;5;246m[40m│[37m 1            [38;5;246m│[37m N[39m 
[37m MO    [38;5;246m│[37m LAMBERT-ST LOUIS I…[38;5;246m│[37m APPROACH     [38;5;246m│[37m        [38;5;246m│[37m       [38;5;246m│[1m[37m Owls[0m[40m               [38;5;246m│[37m 1            [38;5;246m│[37m N[39m 
[38;5;220m[49m•[38;5;215m[40mFL    │ OPA-LOCKA EXECUTIV…│ APPROACH     │        │       │[1m Hawks[0m[40m              [38;5;215m│ 1            │ N[39m 
[37m CA    [38;5;246m│[37m NORMAN Y. MINETA S…[38;5;246m│[39m      [37m        [38;5;246m│[37m        [38;5;246m│[37m       [38;5;246m│[1m[37m Gulls[0m[40m              [38;5;246m│[37m 1            [38;5;246m│[37m N[39m 
[37m FL    [38;5;246m│[37m FORT LAUDERDALE/HO…[38;5;246m│[37m APPROACH     [38;5;246m│[37m 1500   [38;5;246m│[37m       [38;5;246m│[1m[37m Unknown bird - sma…[0m[38;5;246m[40m│[37m 1            [38;5;246m│[37m N[39m 
[37m AR    [38;5;246m│[37m FORT SMITH REGIONA…[38;5;246m│[37m CLIMB        [38;5;246m│[37m        [38;5;246m│[37m       [38;5;246m│[1m[37m Unknown bird - sma…[0m[38;5;246m[40m│[37m 1            [38;5;246m│[37m N[39m 
[37m AR    [38;5;246m│[37m BILL AND  HILLARY …[38;5;246m│[37m LANDING ROLL [38;5;246m│[37m 0      [38;5;246m│[37m       [38;5;246m│[1m[37m Unknown bird - sma…[0m[38;5;246m[40m│[37m 1            [38;5;246m│[37m N[39m 
      [37m [38;5;246m│[37m UNKNOWN            [38;5;246m│[37m En Route     [38;5;246m│[37m        [38;5;246m│[37m       [38;5;246m│[1m[37m Unknown bird       [0m[38;5;246m[40m│[37m 1            [38;5;246m│[37m P[39m 
[37m CA    [38;5;246m│[37m METRO OAKLAND INTL [38;5;246m│[39m      [37m        [38;5;246m│[37m        [38;5;246m│[37m  [30m[48;5;114m┌─────────────────────────────|[43m statuses [48;5;114m|─┐[39m[40m 
[37m UT    [38;5;246m│[37m SALT LAKE CITY INTL[38;5;246m│[39m      [37m        [38;5;246m│[37m        [38;5;246m│[37m  [30m[48;5;114m│ search wrapped[39m                           [30m│[39m[40m 
[37m TX    [38;5;246m│[37m GEORGE BUSH INTERC…[38;5;246m│[37m CLIMB        [38;5;246m│[37m        [38;5;246m│[37m  [30m[48;5;114m│ 2164 matches for /hawk/[39m                  [30m│[39m[40m 
[37m FL    [38;5;246m│[37m ORLANDO SANFORD IN…[38;5;246m│[37m APPROACH     [38;5;246m│[37m        [38;5;246m│[37m  [30m[48;5;114m│ selected 2164 rows[39m                       [30m│[39m[40m 
[37m IL    [38;5;246m│[37m CHICAGO O'HARE INT…[38;5;246m│[37m CLIMB        [38;5;246m│[37m 12000  [38;5;246m│[37m  [30m[48;5;114m└──────────────────────────────────────────┘[39m[40m 
[4m[30m[48;5;68m1› faa-wildlife-strikes[0m[30m[48;5;68m|[39m                              [30m [1m[37m[48;5;237m|[0m[30m[48;5;68m   [1m[38;5;52m[48;5;114mselect-col-regex[0m[30m[48;5;68m      73448 rows  [4m[38;5;215m•2164[0m[30m[48;5;68m 