[30m[48;5;68m  [4mF[0m[30m[48;5;68mile  [4mE[0m[30m[48;5;68mdit  [4mV[0m[30m[48;5;68miew  [4mC[0m[30m[48;5;68molumn  [4mR[0m[30m[48;5;68mow  [4mD[0m[30m[48;5;68mata  [4mP[0m[30m[48;5;68mlot  [4mS[0m[30m[48;5;68mystem  [4mH[0m[30m[48;5;68melp     | VisiData 3.0.2 | Alt+H for help men
[38;5;246m[40m<[1;4;7m[37mSTATE [0m[38;5;246m[40m│[1;4m[37m AIRPORT            [0m[38;5;246m[40m│[1;4m[37m PHASE_OF_FLT [0m[38;5;246m[40m│[1;4m[37m HEIGHT [0m[38;5;246m[40m│[1;4m[37m SPEED [0m[38;5;246m[40m│[1;4m[37m SPECIES            [0m[38;5;246m[40m│[1;4m[37m BIRDS_STRUCK [0m[38;5;246m[40m│[1;4m[37m [0m[38;5;246m>
[1;7m[37m[40m CA    [0;7m[37m[40m│ NORMAN Y. MINETA S…│              │        │       │ Gulls              │ 1            │ N
[0;1m[37m[40m CA    [0m[38;5;246m[40m│[37m METRO OAKLAND INTL [38;5;246m│[39m              [38;5;246m│[37m        [38;5;246m│[37m       [38;5;246m│[37m Unknown bird[39m       [38;5;246m│[37m 1[39m            [38;5;246m│[37m N
[1m CA    [0m[38;5;246m[40m│[37m LOS ANGELES INTL   [38;5;246m│[37m CLIMB        [38;5;246m│[37m        [38;5;246m│[37m       [38;5;246m│[37m Unknown bird[39m       [38;5;246m│[37m 1[39m            [38;5;246m│[37m P
[1m CA    [0m[38;5;246m[40m│[37m LONG BEACH-DAUGH F…[38;5;246m│[37m LANDING ROLL [38;5;246m│[37m 0[39m      [38;5;246m│[39m       [38;5;246m│[37m Unknown bird[39m       [38;5;246m│[37m 1[39m            [38;5;246m│[37m N
[1m CA    [0m[38;5;246m[40m│[37m NAPA COUNTY ARPT   [38;5;246m│[37m LANDING ROLL [38;5;246m│[37m 0[39m      [38;5;246m│[39m       [38;5;246m│[37m Unknown bird[39m       [38;5;246m│[37m 1[39m            [38;5;246m│[37m N
[1m CA    [0m[38;5;246m[40m│[37m HAYWARD EXECUTIVE …[38;5;246m│[37m Climb        [38;5;246m│[37m        [38;5;246m│[39m       [38;5;246m│[37m Unknown bird - sma…[38;5;246m│[37m 1[39m            [38;5;246m│[37m P
[1m CA    [0m[38;5;246m[40m│[37m ONTARIO INTL ARPT  [38;5;246m│[39m              [38;5;246m│[39m        [38;5;246m│[39m       [38;5;246m│[37m Owls [39m              [38;5;246m│[37m 1[39m            [38;5;246m│[37m N
[1m CA    [0m[38;5;246m[40m│[37m LOS ANGELES INTL   [38;5;246m│[37m APPROACH     [38;5;246m│[39m        [38;5;246m│[39m       [38;5;246m│[37m Unknown bird[39m       [38;5;246m│[37m 1[39m            [38;5;246m│[37m N
[1m CA    [0m[38;5;246m[40m│[37m LIVERMORE MUNICIPA…[38;5;246m│[37m TAKE-OFF RUN [38;5;246m│[37m 0[39m      [38;5;246m│[39m       [38;5;246m│[37m Unknown bird[39m       [38;5;246m│[37m 2-10[39m         [38;5;246m│[37m N
[1m CA    [0m[38;5;246m[40m│[37m WHITEMAN AIRPORT   [38;5;246m│[37m LANDING ROLL [38;5;246m│[37m 0[39m      [38;5;246m│[39m       [38;5;246m│[37m Rock pigeon[39m        [38;5;246m│[37m 1[39m            [38;5;246m│[37m N
[1m CA    [0m[38;5;246m[40m│[37m LIVERMORE MUNICIPA…[38;5;246m│[37m APPROACH     [38;5;246m│[39m        [38;5;246m│[39m       [38;5;246m│[37m Unknown bird[39m       [38;5;246m│[37m 1[39m            [38;5;246m│[37m N
[1m CA    [0m[38;5;246m[40m│[37m JOHN WAYNE-ORANGE …[38;5;246m│[37m APPROACH     [38;5;246m│[37m 1700   [38;5;246m│[39m       [38;5;246m│[37m Unknown bird - med…[38;5;246m│[37m 1[39m            [38;5;246m│[37m N
[1m CA    [0m[38;5;246m[40m│[37m CHINO AIRPORT      [38;5;246m│[37m    [39m          [38;5;246m│[39m        [38;5;246m│[39m       [38;5;246m│[37m Unknown bird[39m       [38;5;246m│[37m 1[39m            [38;5;246m│[37m N
[1m CA    [0m[38;5;246m[40m│[37m SAN FRANCISCO INTL…[38;5;246m│[37m LANDING ROLL [38;5;246m│[37m 0[39m      [38;5;246m│[39m       [38;5;246m│[37m Unknown bird[39m       [38;5;246m│[37m 1[39m            [38;5;246m│[37m N
[1m CA    [0m[38;5;246m[40m│[37m SACRAMENTO INTL    [38;5;246m│[37m APPROACH     [38;5;246m│[39m        [38;5;246m│[39m       [38;5;246m│[37m Unknown bird[39m       [38;5;246m│[37m 1[39m            [38;5;246m│[37m N
[1m CA    [0m[38;5;246m[40m│[37m SANTA MONICA MUNIC…[38;5;246m│[37m APPROACH     [38;5;246m│[37m 60     [38;5;246m│[39m       [38;5;246m│[37m Unknown bird[39m       [38;5;246m│[37m 1[39m            [38;5;246m│[37m N
[1m CA    [0m[38;5;246m[40m│[37m SACRAMENTO INTL    [38;5;246m│[37m  [39m            [38;5;246m│[39m        [38;5;246m│[39m       [38;5;246m│[37m Unknown bird[39m       [38;5;246m│[37m 1[39m            [38;5;246m│[37m N
[1m CA    [0m[38;5;246m[40m│[37m SACRAMENTO INTL    [38;5;246m│[37m Climb[39m        [38;5;246m│[37m 1500   [38;5;246m│[37m 210   [38;5;246m│[37m Northern pintail   [38;5;246m│[37m 2-10[39m         [38;5;246m│[37m P
[1m CA    [0m[38;5;246m[40m│[37m LOS ANGELES INTL   [38;5;246m│[37m Approach     [38;5;246m│[37m 900    [38;5;246m│[37m 135   [38;5;246m│[37m Unknown bird - med…[38;5;246m│[37m 1[39m            [38;5;246m│[37m N
[1m CA    [0m[38;5;246m[40m│[37m SAN FRANCISCO INTL…[38;5;246m│[37m Landing Roll [38;5;246m│[37m 0[39m      [38;5;246m│[37m 90    [38;5;246m│[37m Black-tailed jackr…[38;5;246m│[37m 1[39m            [38;5;246m│[37m N
[1m CA    [0m[38;5;246m[40m│[37m SACRAMENTO INTL    [38;5;246m│[37m Approach     [38;5;246m│[37m 1000   [38;5;246m│[37m 135   [38;5;246m│[37m Northern pintail   [38;5;246m│[37m 1[39m            [38;5;246m│[37m N
[4m[30m[48;5;68m4› faa-wildlife-strikes_CA[0m[30m[48;5;68m|        [39m                      [30m                 [1m[37m[48;5;237mEnter[0m[30m[48;5;68m          5270 rows 