[1;4;7m[38;5;81m[40m AIRPORT            [0m[38;5;246m[40m‖[1;4m[37m count  #[0m[38;5;246m[40m|[1;4m[37m percent  %[0m[38;5;246m[40m|[1;4m[37m histogram                                          [0m[38;5;246m[40m‖[39m    
[1;7m[38;5;81m UNKNOWN            [0;7m[37m[40m‖    8424 |     11.47 | ************************************************** ‖[0m[39m[40m    
[1m[38;5;81m DENVER INTL AIRPORT[0m[38;5;246m[40m‖[37m    2756 [38;5;246m|[37m      3.75 [38;5;246m|[37m ****************        [39m              [37m             [38;5;246m‖[39m    
[1m[38;5;81m DALLAS/FORT WORTH …[0m[38;5;246m[40m‖[37m    2392 [38;5;246m|[37m      3.26 [38;5;246m|[37m **************          [39m              [37m             [38;5;246m‖[39m    
[1m[38;5;81m CHICAGO O'HARE INT…[0m[38;5;246m[40m‖[37m    1583 [38;5;246m|[37m      2.16 [38;5;246m|[37m *********               [39m              [37m             [38;5;246m‖[39m    
[1m[38;5;81m JOHN F KENNEDY INTL[0m[38;5;246m[40m‖[37m    1302 [38;5;246m|[37m      1.77 [38;5;246m|[37m *******[39m       [37m [39m                              [37m      [38;5;246m‖[39m    
[1m[38;5;81m MEMPHIS INTL       [0m[38;5;246m[40m‖[37m    1217 [38;5;246m|[39m      [37m1.66 [38;5;246m|[37m *******[39m       [37m [39m                              [37m      [38;5;246m‖[39m    
[1m[38;5;81m SALT LAKE CITY INTL[0m[38;5;246m[40m‖[37m    1179 [38;5;246m|[37m      1.61 [38;5;246m|[37m ******[39m        [37m [39m                              [37m      [38;5;246m‖[39m    
[1m[38;5;81m PHILADELPHIA INTL  [0m[38;5;246m[40m‖[37m    1131 [38;5;246m|[37m      1.54 [38;5;246m|[37m ******[39m        [37m [39m                              [37m      [38;5;246m‖[39m    
[1m[38;5;81m ORLANDO INTL       [0m[38;5;246m[40m‖[37m    1026 [38;5;246m|[37m      1.40 [38;5;246m|[37m ******         [39m                              [37m      [38;5;246m‖[39m    
[1m[38;5;81m SACRAMENTO INTL    [0m[38;5;246m[40m‖[37m    1021 [38;5;246m|[37m      1.39 [38;5;246m|[37m ******[39m        [37m [39m         [37m      [39m               [37m      [38;5;246m‖[39m    
[1m[38;5;81m LA GUARDIA ARPT    [0m[38;5;246m[40m‖[37m     974 [38;5;246m|[37m      1.33 [38;5;246m|[37m *****[39m         [37m [39m         [37m       [39m              [37m      [38;5;246m‖[39m    
[1m[38;5;81m CHARLOTTE/DOUGLAS …[0m[38;5;246m[40m‖[37m     960 [38;5;246m|[39m      [37m1.31 [38;5;246m|[37m *****[39m         [37m [39m         [37m       [39m              [37m      [38;5;246m‖[39m    
[1m[38;5;81m NEWARK LIBERTY INT…[0m[38;5;246m[40m‖[37m     917 [38;5;246m|[37m      1.25 [38;5;246m|[37m *****[39m                                              [38;5;246m‖[39m    
[1m[38;5;81m LOUISVILLE INTL AR…[0m[38;5;246m[40m‖[37m     841 [38;5;246m|[37m      1.15 [38;5;246m|[37m ****[39m          [37m [39m                                    [38;5;246m‖[39m    
[1m[38;5;81m AUSTIN-BERGSTROM I…[0m[38;5;246m[40m‖[37m     817 [38;5;246m|[37m      1.11 [38;5;246m|[37m ****[39m                                               [38;5;246m‖[39m    
[1m[38;5;81m LOUIE ARMSTRONG NE…[0m[38;5;246m[40m‖[37m     809 [38;5;246m|[37m      1.10 [38;5;246m|[37m ****[39m          [37m [39m                              [37m      [38;5;246m‖[39m    
[1m[38;5;81m KANSAS CITY INTL   [0m[38;5;246m[40m‖[37m     807 [38;5;246m|[39m      [37m1.10 [38;5;246m|[37m ****     [39m     [37m [39m                              [37m      [38;5;246m‖[39m    
[1m[38;5;81m HARTSFIELD - JACKS…[0m[38;5;246m[40m‖[37m     775 [38;5;246m|[39m      [37m1.06 [38;5;246m|[37m ****           [39m                              [37m      [38;5;246m‖[39m    
[1m[38;5;81m GEORGE BUSH INTERC…[0m[38;5;246m[40m‖[37m     746 [38;5;246m|[37m      1.02 [38;5;246m|[37m ****[39m          [37m [39m                              [37m      [38;5;246m‖[39m    
[1m[38;5;81m DETROIT METRO WAYN…[0m[38;5;246m[40m‖[37m     734 [38;5;246m|[37m      1.00 [38;5;246m|[37m ****        [39m  [37m [39m                              [37m      [38;5;246m‖[39m    
[1m[38;5;81m BALTIMORE/WASH INT…[0m[38;5;246m[40m‖[37m     691 [38;5;246m|[37m      0.94 [38;5;246m|[37m ****[39m                                         [37m      [38;5;246m‖[39m    
[1m[38;5;81m GENERAL EDWARD LAW…[0m[38;5;246m[40m‖[37m     686 [38;5;246m|[37m      0.93 [38;5;246m|[37m ****  [39m        [37m [39m                                    [38;5;246m‖[39m    
[1m[37mfaa-wildlife-strikes_AIRPORT_freq|[0m[39m[40m                                                [37m F[1m      1512 bins[0m[39m[40m 