[38;5;246m[40m<[1;4m[37mSTATE   [0m[38;5;246m[40m|[1;4;7m[37m AIRPORT            [0m[38;5;246m[40m|[1;4m[37m PHASE_OF_FLT   [0m[38;5;246m[40m|[1;4m[37m HEIGHT   [0m[38;5;246m[40m|[1;4m[37m SPEED   [0m[38;5;246m[40m|[1;4m[37m SPECIES            [0m[38;5;246m[40m|[1;4m[37m BIRDS_S[0m[38;5;246m[40m>[39m 
[7m[37m FL      |[1m VERO BEACH MUNICIP…[0;7m[37m[40m| APPROACH       |          |         | Unknown bird       | 1       [0m[39m[40m 
[37m AK      |[1m KENAI MUNICIPAL AR…[0m[37m[40m| APPROACH       |          |         | Unknown bird       | 1[39m        
[37m TX      |[1m DAVID WAYNE HOOKS …[0m[37m[40m|[39m                [37m|          |         | Unknown bird       | 1[39m        
[37m MO      |[1m LAMBERT-ST LOUIS I…[0m[37m[40m| APPROACH       |          |         | Unknown bird       | 1[39m        
[37m FL      |[1m POMPANO BEACH AIRP…[0m[37m[40m| LANDING ROLL   | 0        |         | Unknown bird       | 1[39m        
[37m VI      |[1m HENRY E ROHLSEN AR…[0m[37m[40m|[39m                [37m|          |         | Unknown bird       | 1[39m        
[37m TX      |[1m SAN ANTONIO INTL   [0m[37m[40m| APPROACH       |          |         | Unknown bird       | 1[39m        
[37m TX      |[1m LONE STAR EXECUTIV…[0m[37m[40m| DEPARTURE      |  [39m        [37m|[39m         [37m| Unknown bird[39m       [37m| 1[39m        
[37m FL      |[1m TAMPA INTL         [0m[37m[40m| APPROACH       | 6000     |[39m         [37m| Unknown bird[39m       [37m| 1[39m        
[37m MO      |[1m LAMBERT-ST LOUIS I…[0m[37m[40m| APPROACH       |  [39m        [37m|[39m         [37m| Owls[39m               [37m| 1[39m        
[37m FL      |[1m OPA-LOCKA EXECUTIV…[0m[37m[40m| APPROACH       | [39m         [37m|[39m         [37m| Hawks[39m              [37m| 1[39m        
[37m CA      |[1m NORMAN Y. MINETA S…[0m[37m[40m|[39m      [37m          | [39m         [37m|[39m         [37m| Gulls[39m              [37m| 1[39m        
[37m FL      |[1m FORT LAUDERDALE/HO…[0m[37m[40m| APPROACH       | 1500     |[39m         [37m| Unknown bird - sma…| 1[39m        
[37m AR      |[1m FORT SMITH REGIONA…[0m[37m[40m| CLIMB          |[39m          [37m|[39m         [37m| Unknown bird - sma…| 1[39m        
[37m AR      |[1m BILL AND  HILLARY …[0m[37m[40m| LANDING ROLL   | 0[39m        [37m|[39m         [37m| Unknown bird - sma…| 1[39m        
        [37m |[1m UNKNOWN            [0m[37m[40m| En Route       |[39m          [37m|[39m         [37m| Unknown bird[39m       [37m| 1[39m        
[37m CA      |[1m METRO OAKLAND INTL [0m[37m[40m|[39m      [37m          |     [39m     [37m|[39m         [37m| Unknown bird[39m       [37m| 1[39m        
[37m UT      |[1m SALT LAKE CITY INTL[0m[37m[40m|[39m      [37m          |          |[39m         [37m| Unknown bird[39m       [37m| 1[39m        
[37m TX      |[1m GEORGE BUSH INTERC…[0m[37m[40m| CLIMB          |[39m          [37m|[39m         [37m| Unknown bird[39m       [37m| 1[39m        
[37m FL      |[1m ORLANDO SANFORD IN…[0m[37m[40m| APPROACH       |          |[39m         [37m| Unknown bird[39m       [37m| 1[39m        
[38;5;215m IL      |[1m CHICAGO O'HARE INT…[0m[38;5;215m[40m| CLIMB          | 12000    |         | Unknown bird       | 1       [39m 
[37m AL      |[1m BIRMINGHAM-SHUTTLE…[0m[37m[40m| LANDING ROLL   | 0[39m        [37m|[39m         [37m| Unknown bird - sma…| 1[39m        
[1m[37mfaa-wildlife-strikes|[0m[39m[40m                                                            [37m q[1m     73448 rows [0m[39m[40m 