[30m[48;5;68m  [4mF[0m[30m[48;5;68mile  [4mE[0m[30m[48;5;68mdit  [4mV[0m[30m[48;5;68miew  [4mC[0m[30m[48;5;68molumn  [4mR[0m[30m[48;5;68mow  [4mD[0m[30m[48;5;68mata  [4mP[0m[30m[48;5;68mlot  [4mS[0m[30m[48;5;68mystem  [4mH[0m[30m[48;5;68melp     | VisiData 3.0.2 | Alt+H for help men
[38;5;246m[40m<[1;4m[37mSTATE [0m[38;5;246m[40m│[1;4m[37m AIRPORT            [0m[38;5;246m[40m│[1;4m[37m PHASE_OF_FLT [0m[38;5;246m[40m│[1;4m[37m HEIGHT [0m[38;5;246m[40m│[1;4m[37m SPEED [0m[38;5;246m[40m│[1;4;7m[37m SPECIES            [0m[38;5;246m[40m│[1;4m[37m BIRDS_STRUCK [0m[38;5;246m[40m│[1;4m[37m [0m[38;5;246m>
[7m[37m[40m FL    │ OPA-LOCKA EXECUTIV…│ APPROACH     │        │       │[1m Hawks              [0;7m[37m[40m│ 1            │ N[0m[40m 
[37m TX    [38;5;246m│[37m GEORGE BUSH INTERC…[38;5;246m│[37m              [38;5;246m│[37m        [38;5;246m│[37m       [38;5;246m│[1m[37m Red-tailed hawk    [0m[38;5;246m[40m│[37m 1            [38;5;246m│[39m   
[37m CO    [38;5;246m│[37m DENVER INTL AIRPORT[38;5;246m│[37m Landing Roll [38;5;246m│[37m 0      [38;5;246m│[37m       [38;5;246m│[1m[37m Ferruginous hawk   [0m[38;5;246m[40m│[37m 1 [39m           [38;5;246m│[39m   
[37m PR    [38;5;246m│[37m LUIS MUNOZ MARIN I…[38;5;246m│[37m Landing Roll [38;5;246m│[37m 0      [38;5;246m│[37m       [38;5;246m│[1m[37m Hawks              [0m[38;5;246m[40m│[37m 1            [38;5;246m│[37m N[39m 
[37m GA    [38;5;246m│[37m DEKALB-PEACHTREE A…[38;5;246m│[37m APPROACH     [38;5;246m│[37m        [38;5;246m│[37m       [38;5;246m│[1m[37m Hawks              [0m[38;5;246m[40m│[37m 1            [38;5;246m│[39m [37mN[39m 
[37m OK    [38;5;246m│[37m RICHARD LLOYD JONE…[38;5;246m│[37m APPROACH     [38;5;246m│[37m        [38;5;246m│[37m       [38;5;246m│[1m[37m Hawks              [0m[38;5;246m[40m│[37m 1            [38;5;246m│[37m N[39m 
[37m AR    [38;5;246m│[37m NW ARKANSAS REGION…[38;5;246m│[37m DEPARTURE    [38;5;246m│[37m        [38;5;246m│[37m       [38;5;246m│[1m[37m Hawks              [0m[38;5;246m[40m│[37m 1            [38;5;246m│[37m N[39m 
[37m TX    [38;5;246m│[37m AUSTIN-BERGSTROM I…[38;5;246m│[37m APPROACH     [38;5;246m│[37m        [38;5;246m│[37m       [38;5;246m│[1m[37m Hawks              [0m[38;5;246m[40m│[37m 2-10         [38;5;246m│[37m N[39m 
[37m IL    [38;5;246m│[37m QUAD CITY ARPT     [38;5;246m│[37m APPROACH     [38;5;246m│[37m        [38;5;246m│[37m       [38;5;246m│[1m[37m Red-tailed hawk    [0m[38;5;246m[40m│[37m 1            [38;5;246m│[37m N[39m 
[37m MO    [38;5;246m│[37m LAMBERT-ST LOUIS I…[38;5;246m│[37m APPROACH     [38;5;246m│[37m 100    [38;5;246m│[37m       [38;5;246m│[1m[37m Hawks[0m[40m              [38;5;246m│[37m 1            [38;5;246m│[37m N[39m 
      [37m [38;5;246m│[37m UNKNOWN            [38;5;246m│[37m En Route     [38;5;246m│[37m 500    [38;5;246m│[37m 50    [38;5;246m│[1m[37m Hawks[0m[40m              [38;5;246m│[37m 1            [38;5;246m│[37m P[39m 
[37m KY    [38;5;246m│[37m LOUISVILLE INTL AR…[38;5;246m│[39m      [37m        [38;5;246m│[37m        [38;5;246m│[37m       [38;5;246m│[1m[37m Red-tailed hawk[0m[40m    [38;5;246m│[37m 1            [38;5;246m│[39m   
[37m MO    [38;5;246m│[37m KANSAS CITY INTL   [38;5;246m│[37m              [38;5;246m│[37m        [38;5;246m│[37m       [38;5;246m│[1m[37m Red-tailed hawk    [0m[38;5;246m[40m│[37m 1            [38;5;246m│[39m   
[37m NY    [38;5;246m│[37m JOHN F KENNEDY INTL[38;5;246m│[37m Climb        [38;5;246m│[37m 20     [38;5;246m│[37m 155   [38;5;246m│[1m[37m Red-tailed hawk    [0m[38;5;246m[40m│[37m 1            [38;5;246m│[37m N[39m 
[37m UT    [38;5;246m│[37m SALT LAKE CITY INTL[38;5;246m│[37m Approach     [38;5;246m│[37m 75     [38;5;246m│[37m 140   [38;5;246m│[1m[37m Rough-legged hawk  [0m[38;5;246m[40m│[37m 1            [38;5;246m│[37m N[39m 
 [37mBC[39m   [37m [38;5;246m│[37m VANCOUVER INTL     [38;5;246m│[37m Take-off run [38;5;246m│[37m 0      [38;5;246m│[37m       [38;5;246m│[1m[37m Rough-legged hawk  [0m[38;5;246m[40m│[37m 1            [38;5;246m│[37m N[39m 
[37m MD    [38;5;246m│[37m BALTIMORE/WASH INT…[38;5;246m│[37m Climb        [38;5;246m│[37m 100    [38;5;246m│[37m       [38;5;246m│[1m[37m Red-tailed hawk    [0m[38;5;246m[40m│[37m 1            [38;5;246m│[37m N[39m 
[37m FL    [38;5;246m│[37m GAINESVILLE REG AR…[38;5;246m│[39m      [37m        [38;5;246m│[37m        [38;5;246m│[37m       [38;5;246m│[1m[37m Common nighthawk   [0m[38;5;246m[40m│[37m 1            [38;5;246m│[39m   
[37m CA    [38;5;246m│[37m LONG BEACH-DAUGH F…[38;5;246m│[37m Landing Roll [38;5;246m│[37m 0      [38;5;246m│[37m       [38;5;246m│[1m[37m Red-tailed hawk    [0m[38;5;246m[40m│[37m 1            [38;5;246m│[37m N[39m 
[37m MD    [38;5;246m│[37m BALTIMORE/WASH INT…[38;5;246m│[37m Take-off run [38;5;246m│[37m 0      [38;5;246m│[37m 140   [38;5;246m│[1m[37m Hawks[0m[40m              [38;5;246m│[37m 1            [38;5;246m│[37m N[39m 
[37m IL    [38;5;246m│[37m CHICAGO O'HARE INT…[38;5;246m│[37m              [38;5;246m│[37m        [38;5;246m│[37m       [38;5;246m│[1m[37m Red-tailed hawk    [0m[38;5;246m[40m│[37m 1            [38;5;246m│[39m   
[4m[30m[48;5;68m2› faa-wildlife-strikes_selectedref[0m[30m[48;5;68m|[39m                  [30m [39m                       [1m[37m[48;5;237m"[0m[30m[48;5;68m          2164 rows 