[1;4;7m[38;5;81m[40m STATE [0m[38;5;246m[40m║[1;4m[37m count♯[0m[38;5;246m[40m|[1;4m[37m percent%[0m[38;5;246m[40m|[1;4m[37m histogram                                         ~[0m[38;5;246m[40m║[39m                     
      [1m[38;5;81m [0m[37m[40m║  9840 |   13.40 | ************************************************** ║[39m                     
[1m[38;5;81m TX    [0m[37m[40m║  7309 |    9.95 | *************************************[39m              [37m║[39m                     
[1;7m[38;5;81m CA    [0;7m[37m[40m║  5270 |    7.18 | **************************                         ║[0m[39m[40m                     
[1m[38;5;81m FL    [0m[37m[40m║  4902 |    6.67 | ************************[39m                           [37m║[39m                     
[1m[38;5;81m CO    [0m[37m[40m║  3523 |    4.80 | *****************[39m                                  [37m║[39m                     
[1m[38;5;81m NY    [0m[37m[40m║  3434 |    4.68 | *****************                    [39m              [37m║[39m                     
[1m[38;5;81m IL    [0m[37m[40m║  3020 |    4.11 | ***************[39m                                    [37m║[39m                     
 [1m[38;5;81mPA[0m[39m[40m   [1m[38;5;81m [0m[37m[40m║  2475 |    3.37 | ************[39m                                      [37m ║[39m                     
[1m[38;5;81m TN    [0m[37m[40m║  2116 |    2.88 | **********[39m                                         [37m║[39m                     
[1m[38;5;81m NJ    [0m[37m[40m║  2085 |    2.84 | **********         [39m                                [37m║[39m                     
[1m[38;5;81m OH    [0m[37m[40m║  1914 |    2.61 | *********[39m                                          [37m║[39m                     
[1m[38;5;81m MO    [0m[37m[40m║  1633 |    2.22 | ******** [39m                                          [37m║[39m                     
[1m[38;5;81m NC    [0m[37m[40m║  1620 |    2.21 | ********[39m                                           [37m║[39m                     
[1m[38;5;81m KY    [0m[37m[40m║  1548 |    2.11 | *******       [39m                                     [37m║[39m                     
[1m[38;5;81m MI    [0m[37m[40m║  1532 |    2.09 | *******                 [39m                           [37m║[39m                     
[1m[38;5;81m GA    [0m[37m[40m║  1247 |    1.70 | ******[39m                                             [37m║[39m                     
[1m[38;5;81m UT    [0m[37m[40m║  1225 |    1.67 | ******[39m                                             [37m║[39m                     
[1m[38;5;81m LA    [0m[37m[40m║  1182 |    1.61 | ******[39m                                             [37m║[39m                     
[1m[38;5;81m IN    [0m[37m[40m║  1174 |    1.60 | ***** [39m                                             [37m║[39m                     
[1m[38;5;81m WA    [0m[37m[40m║  1089 |    1.48 | *****[39m                                              [37m║[39m                     
[1m[38;5;81m HI    [0m[37m[40m║  1052 |    1.43 | *****  [39m                                            [37m║[39m                     
[1m[38;5;81m MA    [0m[37m[40m║   990 |    1.35 | *****[39m                                              [37m║[39m                     
[1m[37m3› faa-wildlife-strikes_STATE_freq|[0m[39m[40m                            [1m[37m          j  go-down        63 bins [0m[39m[40m 