[30m[48;5;68m  [4mF[0m[30m[48;5;68mile  [4mE[0m[30m[48;5;68mdit  [4mV[0m[30m[48;5;68miew  [4mC[0m[30m[48;5;68molumn  [4mR[0m[30m[48;5;68mow  [4mD[0m[30m[48;5;68mata  [4mP[0m[30m[48;5;68mlot  [4mS[0m[30m[48;5;68mystem  [4mH[0m[30m[48;5;68melp     | VisiData 3.0.2 | Alt+H for help men
[38;5;246m[40m<[1;4m[37mSTATE [0m[38;5;246m[40m│[1;4;7m[37m AIRPORT            [0m[38;5;246m[40m│[1;4m[37m PHASE_OF_FLT [0m[38;5;246m[40m│[1;4m[37m HEIGHT [0m[38;5;246m[40m│[1;4m[37m SPEED [0m[38;5;246m[40m│[1;4m[37m SPECIES            [0m[38;5;246m[40m│[1;4m[37m BIRDS_STRUCK [0m[38;5;246m[40m│[1;4m[37m [0m[38;5;246m>
[7m[37m[40m CO    │[1m DENVER INTL AIRPORT[0;7m[37m[40m│ LANDING ROLL │ 0      │       │ Unknown bird       │ 1            │ N
[0m[37m[40m CO    [38;5;246m│[1m[37m DENVER INTL AIRPORT[0m[38;5;246m[40m│[37m Approach     [38;5;246m│[37m        [38;5;246m│[37m       [38;5;246m│[37m Unknown bird       [38;5;246m│[37m 1[39m            [38;5;246m│[37m N
 CO    [38;5;246m│[1m[37m DENVER INTL AIRPORT[0m[38;5;246m[40m│[37m LANDING ROLL [38;5;246m│[37m 0      [38;5;246m│[37m       [38;5;246m│[37m Unknown bird       [38;5;246m│[37m 1[39m            [38;5;246m│[37m N
 CO    [38;5;246m│[1m[37m DENVER INTL AIRPORT[0m[38;5;246m[40m│[37m DEPARTURE    [38;5;246m│[37m        [38;5;246m│[37m       [38;5;246m│[37m Unknown bird - sma…[38;5;246m│[37m 1[39m            [38;5;246m│[37m N
 CO    [38;5;246m│[1m[37m DENVER INTL AIRPORT[0m[38;5;246m[40m│[37m Landing Roll [38;5;246m│[37m 0      [38;5;246m│[37m       [38;5;246m│[37m Ferruginous hawk   [38;5;246m│[37m 1[39m            [38;5;246m│
[37m CO    [38;5;246m│[1m[37m DENVER INTL AIRPORT[0m[38;5;246m[40m│[37m DEPARTURE    [38;5;246m│[37m        [38;5;246m│[37m       [38;5;246m│[37m Unknown bird - sma…[38;5;246m│[37m 1[39m            [38;5;246m│[37m N
 CO    [38;5;246m│[1m[37m DENVER INTL AIRPORT[0m[38;5;246m[40m│[37m LANDING ROLL [38;5;246m│[37m 0      [38;5;246m│[37m       [38;5;246m│[37m Unknown bird - sma…[38;5;246m│[37m 2-10[39m         [38;5;246m│[37m N
 CO    [38;5;246m│[1m[37m DENVER INTL AIRPORT[0m[38;5;246m[40m│[37m APPROACH     [38;5;246m│[37m [39m       [38;5;246m│[39m       [38;5;246m│[37m Unknown bird       [38;5;246m│[37m 1[39m            [38;5;246m│[37m N
 CO    [38;5;246m│[1m[37m DENVER INTL AIRPORT[0m[38;5;246m[40m│[39m              [38;5;246m│[39m        [38;5;246m│[39m       [38;5;246m│[37m Northern harrier   [38;5;246m│[37m 1[39m            [38;5;246m│
[37m CO    [38;5;246m│[1m[37m DENVER INTL AIRPORT[0m[38;5;246m[40m│[37m Take-off run [38;5;246m│[37m 0[39m      [38;5;246m│[39m       [38;5;246m│[37m Unknown bird - med…[38;5;246m│[37m 1[39m            [38;5;246m│
[37m CO    [38;5;246m│[1m[37m DENVER INTL AIRPORT[0m[38;5;246m[40m│[39m              [38;5;246m│[39m        [38;5;246m│[39m       [38;5;246m│[37m Great horned owl   [38;5;246m│[37m 1[39m            [38;5;246m│
[37m CO    [38;5;246m│[1m[37m DENVER INTL AIRPORT[0m[38;5;246m[40m│[39m              [38;5;246m│[39m        [38;5;246m│[39m       [38;5;246m│[37m Short-eared owl    [38;5;246m│[37m 1[39m            [38;5;246m│
[37m CO    [38;5;246m│[1m[37m DENVER INTL AIRPORT[0m[38;5;246m[40m│[37m Approach     [38;5;246m│[39m        [38;5;246m│[39m       [38;5;246m│[37m Horned lark[39m      [37m  [38;5;246m│[37m 1[39m            [38;5;246m│
[37m CO    [38;5;246m│[1m[37m DENVER INTL AIRPORT[0m[38;5;246m[40m│[39m              [38;5;246m│[39m        [38;5;246m│[39m       [38;5;246m│[37m Horned lark[39m      [37m  [38;5;246m│[37m 1[39m            [38;5;246m│
[37m CO    [38;5;246m│[1m[37m DENVER INTL AIRPORT[0m[38;5;246m[40m│[37m Climb        [38;5;246m│[37m 500    [38;5;246m│[37m 150   [38;5;246m│[37m Unknown bird - sma…[38;5;246m│[37m 1[39m            [38;5;246m│[37m N
 CO    [38;5;246m│[1m[37m DENVER INTL AIRPORT[0m[38;5;246m[40m│[39m              [38;5;246m│[39m        [38;5;246m│[39m       [38;5;246m│[37m Western meadowlark [38;5;246m│[37m 1[39m            [38;5;246m│
[37m CO    [38;5;246m│[1m[37m DENVER INTL AIRPORT[0m[38;5;246m[40m│[39m              [38;5;246m│[37m  [39m      [38;5;246m│[39m       [38;5;246m│[37m Western meadowlark [38;5;246m│[37m 2-10[39m         [38;5;246m│
[37m CO    [38;5;246m│[1m[37m DENVER INTL AIRPORT[0m[38;5;246m[40m│[37m Landing Roll [38;5;246m│[37m 0[39m      [38;5;246m│[39m       [38;5;246m│[37m Mourning dove      [38;5;246m│[37m 1[39m            [38;5;246m│
[37m CO    [38;5;246m│[1m[37m DENVER INTL AIRPORT[0m[38;5;246m[40m│[37m Take-off run [38;5;246m│[37m 0[39m      [38;5;246m│[37m 145   [38;5;246m│[37m Unknown bird - sma…[38;5;246m│[37m 1[39m            [38;5;246m│[37m N
 CO    [38;5;246m│[1m[37m DENVER INTL AIRPORT[0m[38;5;246m[40m│[39m              [38;5;246m│[37m    [39m    [38;5;246m│[39m       [38;5;246m│[37m Red-tailed hawk    [38;5;246m│[37m 1[39m            [38;5;246m│[39m  
[37m CO    [38;5;246m│[1m[37m DENVER INTL AIRPORT[0m[38;5;246m[40m│[39m              [38;5;246m│[39m        [38;5;246m│[39m       [38;5;246m│[37m Horned lark[39m      [37m  [38;5;246m│[37m 1[39m            [38;5;246m│[39m  
[4m[30m[48;5;68m6› faa-wildlife-strikes_several[0m[30m[48;5;68m|     [39m                                    [1m[37m[48;5;237mgEnter[0m[30m[48;5;68m          9250 rows 