[30m[48;5;68m  [4mF[0m[30m[48;5;68mile  [4mE[0m[30m[48;5;68mdit  [4mV[0m[30m[48;5;68miew  [4mC[0m[30m[48;5;68molumn  [4mR[0m[30m[48;5;68mow  [4mD[0m[30m[48;5;68mata  [4mP[0m[30m[48;5;68mlot  [4mS[0m[30m[48;5;68mystem  [4mH[0m[30m[48;5;68melp     | VisiData 3.0.2 | Alt+H for help men
[38;5;246m[40m<[1;4m[37mPERSON [0m[38;5;246m[40m│[1;4m[37m REMAINS_COLLECTED [0m[38;5;246m[40m│[1;4;7m[37m REMARKS                                                              
[0;7m[37m[40m Tower  │ 0                 │[1m…trike to the left wing.  He did not need any assistance.  He landed …[0;7m[37m[40m║
[0m[37m[40m Tower  [38;5;246m│[37m 0[39m                 [38;5;246m│[1m[37m…G AIRCRAFT, PILOT DISCOVERED DENT IN TIRE BOOT. UPON RUNWAY INSPECTI…[0m[38;5;246m[40m║
[37m Tower  [38;5;246m│[37m 0[39m                 [38;5;246m│[1m[37m…enerator, pilot's name is Robert Nipper, 713-539-0797.[0m[40m               [38;5;246m║
[37m Tower  [38;5;246m│[37m 0[39m                 [38;5;246m│[1m[37m… ADVISED THAT THEY HAD A BIRD STRIKE ON A 2 MILE FINAL TO RWY30R. A …[0m[38;5;246m[40m║
[37m Tower  [38;5;246m│[37m 0[39m                 [38;5;246m│[1m[37m…D HE HAD EXPERIENCED A BIRD STRIKE AND REQUESTED INSTRUCTIONS TO TAX…[0m[38;5;246m[40m║
[39m [37mTower  [38;5;246m│[37m 0[39m                 [38;5;246m│[1m[37m…E PILOT DID NOT REPORT A BIRD STRIKE TO THE ATCT. THE ATCT DID NOT F…[0m[38;5;246m[40m║
[39m [37mTower  [38;5;246m│[37m 0[39m                 [38;5;246m│[1m[37m…NUMBERS TO RY12R.  THE B717 LANDED WITHOUT INCIDENT.  PILOT ADVISED …[0m[38;5;246m[40m║
[39m [37mTower  [38;5;246m│[37m 0[39m                 [38;5;246m│[1m[37m…S INJESTED INTO THE RIGHT ENGINE. THE AIRCRAFT HAD MADE A PRECAUTION…[0m[38;5;246m[40m║
[37m Tower  [38;5;246m│[37m 0[39m                 [38;5;246m│[1m[37m…LOW 1ST OFFICERS' WINDOW, 30 NNE PIE AT 6,000 FT. PILOT KEVIN VAN TA…[0m[38;5;246m[40m║
[39m [37mTower  [38;5;246m│[37m 0[39m                 [38;5;246m│[1m[37m… taxied in and his taxi light was not working.[0m[40m                       [38;5;246m║
[39m [37mTower  [38;5;246m│[37m 0[39m                 [38;5;246m│[1m[37m…IRCRAFT LANDED WITHOUT INCIDENT. THE STUDENT THINKS IT WAS A LARGER …[0m[38;5;246m[40m║
[39m [37mTower  [38;5;246m│[37m 0[39m                 [38;5;246m│[1m[37m… the windshield. Pilot: Chris Dominguez, (408) 219-8588, Moderate to…[0m[38;5;246m[40m║
[37m Tower  [38;5;246m│[37m 0[39m                 [38;5;246m│[1m[37m…0FT. NO DAMAGE REPORTED. SMALL BIRD ON WINDSHIELD.[0m[40m                   [38;5;246m║
[39m [37mTower  [38;5;246m│[37m 0[39m                 [38;5;246m│[1m[37m…A SMALL BIRD. NO DAMAGE WAS REPORTED. ASQ2607 CLIMB WITHOUT ISSUE AN…[0m[38;5;246m[40m║
[39m [37mTower  [38;5;246m│[37m 0[39m                 [38;5;246m│[1m[37m…RE OVER THE RUNWAY.  BIRD WAS DESCRIBED AS SMALL AND BLACK.  RY OPS …[0m[38;5;246m[40m║
[39m [37mTower  [38;5;246m│[37m 0[39m                 [38;5;246m│[1m[37m…AT OAK.[0m[40m                                                              [38;5;246m║
[37m Tower  [38;5;246m│[37m 0[39m                 [38;5;246m│[1m[37m…[0m[40m                                                                     [38;5;246m║
[39m [37mTower  [38;5;246m│[37m 0[39m                 [38;5;246m│[1m[37m…ved RWY16R.[0m[40m                                                          [38;5;246m║
[39m [37mTower  [38;5;246m│[37m 0[39m                 [38;5;246m│[1m[37m…ately 13 miles east of IAH. The aircraft was IMC and unable to deter…[0m[38;5;246m[40m║
[39m [37mTower  [38;5;246m│[37m 0[39m                 [38;5;246m│[1m[37m…ROACH CONTROL FREQUENCY. AIRCRAFT RETURNED BACK TO SFB AND LANDED RW…[0m[38;5;246m[40m║
[37m Tower  [38;5;246m│[37m 0[39m                 [38;5;246m│[1m[37m…leveling at 13000. Declared emergency with stall indication in one e…[0m[38;5;246m[40m║
[4m[30m[48;5;68m1› faa-wildlife-strikes[0m[30m[48;5;68m|[39m                                   [1m[37m[48;5;237mzl[0m[30m[48;5;68m   [1m[38;5;52m[48;5;114mscroll-cells-right[0m[30m[48;5;68m      73448 rows 