[1;4m[37m[40m OPERATOR           [0m[38;5;246m[40m|[1;4;7m[37m ATYPE              [0m[38;5;246m[40m|[1;4m[37m INCIDENT_DATE     [0m[38;5;246m[40m|[1;4m[37m STATE [0m[38;5;246m[40m|[1;4m[37m AIRPORT            [0m[38;5;246m[40m|[1;4m[37m PHASE_[0m[38;5;246m[40m>[39m 
[37m BUSINESS           |[1m PA-28[0m[39m[40m              [37m| 05/22/15 00:00:00 | FL    | VERO BEACH MUNICIP…| APPROA…[39m 
[7m[37m BUSINESS           |[1m BE-1900            [0;7m[37m[40m| 06/18/15 00:00:00 | AK    | KENAI MUNICIPAL AR…| APPROA…[0m[39m[40m 
[37m BUSINESS           |[1m PA-46 MALIBU       [0m[37m[40m| 09/20/15 00:00:00 | TX    | DAVID WAYNE HOOKS …|[39m         
[37m DELTA AIR LINES    |[1m B-717-200          [0m[37m[40m| 11/07/15 00:00:00 | MO    | LAMBERT-ST LOUIS I…| APPROA…[39m 
[37m BUSINESS           |[1m BE-90 KING         [0m[37m[40m| 12/17/15 00:00:00 | FL    | POMPANO BEACH AIRP…| LANDIN…[39m 
[37m DELTA AIR LINES    |[1m B-757[0m[39m[40m              [37m| 07/17/15 00:00:00 | VI    | HENRY E ROHLSEN AR…|[39m         
[37m DELTA AIR LINES    |[1m B-717-200          [0m[37m[40m| 08/02/15 00:00:00 | TX    | SAN ANTONIO INTL   | APPROA…[39m 
[37m BUSINESS           |[1m C-414[0m[39m[40m              [37m| 08/03/15 00:00:00 | TX    | LONE STAR EXECUTIV…| DEPART…[39m 
[37m ALLEGIANT AIR      |[1m MD-80[0m[39m[40m              [37m| 09/02/15 00:00:00 | FL    | TAMPA INTL[39m         [37m| APPROA…[39m 
[37m TRANS STATES AIRLI…|[1m EMB-145            [0m[37m[40m| 09/07/15 00:00:00 | MO    | LAMBERT-ST LOUIS I…| APPROA…[39m 
[37m BUSINESS           |[1m C-172[0m[39m[40m              [37m| 11/28/15 00:00:00 | FL    | OPA-LOCKA EXECUTIV…| APPROA…[39m 
[37m GOVERNMENT         |[1m EC120[0m[39m[40m              [37m| 12/08/15 00:00:00 | CA    | NORMAN Y. MINETA S…|[39m         
[37m AMERICAN AIRLINES  |[1m A-321[0m[39m[40m              [37m| 05/06/15 00:00:00 | FL    | FORT LAUDERDALE/HO…| APPROA…[39m 
[37m EXPRESSJET AIRLINES|[1m CRJ100/200         [0m[37m[40m| 05/06/15 00:00:00 | AR    | FORT SMITH REGIONA…| CLIMB[39m   
[37m MESA AIRLINES      |[1m CRJ900             [0m[37m[40m| 05/08/15 00:00:00 | AR    | BILL AND  HILLARY …| LANDIN…[39m 
[37m BUSINESS           |[1m HELICOPTER         [0m[37m[40m| 05/06/15 00:00:00 |[39m       [37m| UNKNOWN[39m            [37m| En Rou…[39m 
[37m DELTA AIR LINES    |[1m A-320[0m[39m[40m              [37m| 05/07/15 00:00:00 | CA    | METRO OAKLAND INTL |[39m         
[37m DELTA AIR LINES    |[1m A-320[0m[39m[40m              [37m| 05/08/15 00:00:00 | UT    | SALT LAKE CITY INTL|[39m         
[37m LUFTHANSA          |[1m A-380[0m[39m[40m              [37m| 05/10/15 00:00:00 | TX    | GEORGE BUSH INTERC…| CLIMB[39m   
[37m BUSINESS           |[1m C-172[0m[39m[40m              [37m| 05/08/15 00:00:00 | FL    | ORLANDO SANFORD IN…| APPROA…[39m 
[37m SPIRIT AIRLINES    |[1m A-319[0m[39m[40m              [37m| 05/10/15 00:00:00 | IL    | CHICAGO O'HARE INT…| CLIMB[39m   
[37m EXPRESSJET AIRLINES|[1m EMB-145            [0m[37m[40m| 05/11/15 00:00:00 | AL    | BIRMINGHAM-SHUTTLE…| LANDIN…[39m 
[1m[37m1› faa-wildlife-strikes| [0m[39m[40m                                               [1m[37ml  go-right     73448 rows [0m[39m[40m 