[1;4;7m[37m[40m OPERATOR           [0m[38;5;246m[40m|[1;4m[37m ATYPE          [0m[38;5;246m[40m|[1;4m[37m INCIDENT_DATE      [0m[38;5;246m[40m|[1;4m[37m STATE   [0m[38;5;246m[40m|[1;4m[37m AIRPORT            [0m[38;5;246m[40m|[1;4m[37m PHASE_O[0m[38;5;246m[40m>[39m 
[1m[37m EXPRESSJET AIRLINES[0m[37m[40m| EMB-145        | 05/11/15 00:00:00  | AL      | BIRMINGHAM-SHUTTLE…| LANDING…[39m 
[1m[37m AIR WISCONSIN AIRL…[0m[37m[40m| CRJ100/200     | 05/09/15 00:00:00  | NC      | PIEDMONT TRIAD INTL| APPROACH[39m 
[1m[37m SKYWEST AIRLINES   [0m[37m[40m| CRJ100/200     | 05/11/15 00:00:00  | TX[39m      [37m| GEORGE BUSH INTERC…| APPROACH[39m 
[1m[37m HORIZON AIR        [0m[37m[40m| DHC8 DASH 8    | 05/10/15 00:00:00  | OR[39m      [37m| PORTLAND INTL (OR) | Climb[39m    
[1m[37m EXPRESSJET AIRLINES[0m[37m[40m| CRJ100/200     | 05/11/15 00:00:00  | TN[39m      [37m| TRI-CITIES REGIONA…| LANDING…[39m 
[1m[37m UPS AIRLINES       [0m[37m[40m| MD-11          | 05/12/15 00:00:00  | CO[39m      [37m| DENVER INTL AIRPORT| LANDING…[39m 
[1m[37m BUSINESS           [0m[37m[40m| BE-200 KING    | 05/12/15 00:00:00  | TX[39m      [37m| VALLEY INTL        | LANDING…[39m 
[1m[37m DELTA AIR LINES    [0m[37m[40m| MD-90-30       | 05/12/15 00:00:00  | VA[39m      [37m| RICHMOND INTL      | TAKE-OF…[39m 
[1m[37m ALASKA AIRLINES    [0m[37m[40m| B-737          | 05/12/15 00:00:00  | FL[39m      [37m| TAMPA INTL[39m         [37m| APPROACH[39m 
[1m[37m AMERIFLIGHT        [0m[37m[40m| BE-99          | 05/13/15 00:00:00  | OR[39m      [37m| SOUTHWEST OREGON R…| APPROACH[39m 
[1m[37m ENVOY AIR          [0m[37m[40m| EMB-145        | 05/14/15 00:00:00  | TN[39m      [37m| LOVELL FIELD ARPT  | LANDING…[39m 
[1m[37m REPUBLIC AIRLINES  [0m[37m[40m| EMB-170        | 05/14/15 00:00:00  | SC[39m      [37m| CHARLESTON AFB/INT…| DEPARTU…[39m 
[1m[37m HORIZON AIR        [0m[37m[40m| DHC8 DASH 8    | 05/14/15 00:00:00  | AK[39m      [37m| FAIRBANKS INTL ARPT| DEPARTU…[39m 
[1m[37m SPIRIT AIRLINES    [0m[37m[40m| A-319          | 05/14/15 00:00:00  | TX[39m      [37m| GEORGE BUSH INTERC…| LANDING…[39m 
[1m[37m SHUTTLE AMERICA    [0m[37m[40m| EMB-170        | 05/12/15 00:00:00  | ME[39m      [37m| PORTLAND INTL JETP…| CLIMB[39m    
[1m[37m AMERICAN AIRLINES  [0m[37m[40m| MD-83          | 05/14/15 00:00:00  |[39m [37mCA[39m      [37m| LOS ANGELES INTL   | CLIMB[39m    
[1m[37m BUSINESS           [0m[37m[40m| DHC8 DASH 8    | 05/13/15 00:00:00  | VA[39m      [37m| ROANOKE REGNL ARPT…| APPROACH[39m 
[1m[37m BUSINESS           [0m[37m[40m| C-172          | 05/15/15 00:00:00  | GA[39m      [37m| DEKALB-PEACHTREE A…| DEPARTU…[39m 
[1m[37m PIEDMONT AIRLINES  [0m[37m[40m| DHC8 DASH 8    | 05/16/15 00:00:00  | VA[39m      [37m| CHARLOTTESVILLE-AL…| DEPARTU…[39m 
[1m[37m MESA AIRLINES      [0m[37m[40m| CRJ700         | 05/16/15 00:00:00  | DC[39m      [37m| WASHINGTON DULLES …| DEPARTU…[39m 
[1m[37m BUSINESS           [0m[37m[40m| C-340          | 05/18/15 00:00:00  | FL[39m      [37m| VERO BEACH MUNICIP…| DEPARTU…[39m 
[1;7m[37m UNITED AIRLINES    [0;7m[37m[40m| B-737          | 05/18/15 00:00:00  | WA      | SEATTLE-TACOMA INTL| APPROACH[0m[39m[40m 
[1m[37mfaa-wildlife-strikes| "united"[0m[39m[40m                                                    [37m/[1m     73448 rows [0m[39m[40m 