[1;4m[37m[40m OPERATOR           [0m[38;5;246m[40m|[1;4;7m[37m ATYPE          [0m[38;5;246m[40m|[1;4m[37m ATYPE_re0   [0m[38;5;246m[40m|[1;4m[37m INCIDENT_DATE      [0m[38;5;246m[40m|[1;4m[37m INCIDENT_DATE_re1  [0m[38;5;246m[40m|[1;4m[37m STA[0m[38;5;246m[40m>[39m 
[7m[37m BUSINESS           |[1m PA-28          [0;7m[37m[40m| 28          | 05/22/15 00:00:00  | 00:00:00           | FL  [0m[39m[40m 
[37m BUSINESS           |[1m BE-1900        [0m[37m[40m| 1900        | 06/18/15 00:00:00  | 00:00:00           | AK[39m   
[37m BUSINESS           |[1m PA-46 MALIBU   [0m[37m[40m| 46          | 09/20/15 00:00:00  | 00:00:00           | TX[39m   
[37m DELTA AIR LINES    |[1m B-717-200      [0m[37m[40m| 717         | 11/07/15 00:00:00  | 00:00:00           | MO[39m   
[37m BUSINESS           |[1m BE-90 KING     [0m[37m[40m| 90          | 12/17/15 00:00:00  | 00:00:00           | FL[39m   
[37m DELTA AIR LINES    |[1m B-757          [0m[37m[40m| 757         | 07/17/15 00:00:00  | 00:00:00           | VI[39m   
[37m DELTA AIR LINES    |[1m B-717-200      [0m[37m[40m| 717         | 08/02/15 00:00:00  | 00:00:00           | TX[39m   
[37m BUSINESS           |[1m C-414          [0m[37m[40m| 414         | 08/03/15 00:00:00  | 00:00:00           | TX[39m   
[37m ALLEGIANT AIR      |[1m MD-80          [0m[37m[40m| 80          | 09/02/15 00:00:00  | 00:00:00           | FL[39m   
[37m TRANS STATES AIRLI…|[1m EMB-145        [0m[37m[40m| 145         | 09/07/15 00:00:00  | 00:00:00           | MO[39m   
[37m BUSINESS           |[1m C-172          [0m[37m[40m| 172         | 11/28/15 00:00:00  | 00:00:00           | FL[39m   
[37m GOVERNMENT         |[1m EC120          [0m[37m[40m| 120         | 12/08/15 00:00:00  | 00:00:00           | CA[39m   
[37m AMERICAN AIRLINES  |[1m A-321          [0m[37m[40m| 321         | 05/06/15 00:00:00  | 00:00:00           | FL[39m   
[37m EXPRESSJET AIRLINES|[1m CRJ100/200     [0m[37m[40m| 100         | 05/06/15 00:00:00  | 00:00:00           | AR[39m   
[37m MESA AIRLINES      |[1m CRJ900         [0m[37m[40m| 900         | 05/08/15 00:00:00  | 00:00:00           | AR[39m   
[37m BUSINESS           |[1m HELICOPTER     [0m[37m[40m|            [31m![37m| 05/06/15 00:00:00  | 00:00:00           |[39m      
[37m DELTA AIR LINES    |[1m A-320          [0m[37m[40m| 320         | 05/07/15 00:00:00  | 00:00:00           | CA[39m   
[37m DELTA AIR LINES    |[1m A-320          [0m[37m[40m| 320         | 05/08/15 00:00:00  | 00:00:00           | UT[39m   
[37m LUFTHANSA          |[1m A-380          [0m[37m[40m| 380         | 05/10/15 00:00:00  | 00:00:00           | TX[39m   
[37m BUSINESS           |[1m C-172          [0m[37m[40m| 172         | 05/08/15 00:00:00  | 00:00:00           | FL[39m   
[37m SPIRIT AIRLINES    |[1m A-319          [0m[37m[40m| 319         | 05/10/15 00:00:00  | 00:00:00           | IL[39m   
[37m EXPRESSJET AIRLINES|[1m EMB-145        [0m[37m[40m| 145         | 05/11/15 00:00:00  | 00:00:00           | AL[39m   
[1m[37mfaa-wildlife-strikes| "(\d+)"[0m[39m[40m                                                     [37m;[1m     73448 rows [0m[39m[40m 