[30m[48;5;68m  [4mF[0m[30m[48;5;68mile  [4mE[0m[30m[48;5;68mdit  [4mV[0m[30m[48;5;68miew  [4mC[0m[30m[48;5;68molumn  [4mR[0m[30m[48;5;68mow  [4mD[0m[30m[48;5;68mata  [4mP[0m[30m[48;5;68mlot  [4mS[0m[30m[48;5;68mystem  [4mH[0m[30m[48;5;68melp     | VisiData 3.0.2 | Alt+H for help men
[1;4m[37m[40m OPERATOR           [0m[38;5;246m[40m│[1;4;7m[37m A #[0m[38;5;246m[40m│[1;4m[37m ATYPE        [0m[38;5;246m[40m│[1;4m[37m INCIDENT_DATE     [0m[38;5;246m[40m│[1;4m[37m STATE [0m[38;5;246m[40m│[1;4m[37m AIRPORT            [0m[38;5;246m[40m│[1;4m[37m PHASE_O[0m[38;5;246m>
[7m[37m[40m BUSINESS           │[1m  1 [0;7m[37m[40m│ PA-28        │ 05/22/15 00:00:00 │ FL    │ VERO BEACH MUNICIP…│ APPROACH[0m[40m 
[37m BUSINESS           [38;5;246m│[1m[37m  2 [0m[38;5;246m[40m│[37m BE-1900      [38;5;246m│[37m 06/18/15 00:00:00 [38;5;246m│[37m AK    [38;5;246m│[37m KENAI MUNICIPAL AR…[38;5;246m│[37m APPROACH[39m 
[37m BUSINESS           [38;5;246m│[1m[37m  3 [0m[38;5;246m[40m│[37m PA-46 MALIBU [38;5;246m│[37m 09/20/15 00:00:00 [38;5;246m│[37m TX    [38;5;246m│[37m DAVID WAYNE HOOKS …[38;5;246m│[39m          
[37m DELTA AIR LINES    [38;5;246m│[1m[37m  4 [0m[38;5;246m[40m│[37m B-717-200    [38;5;246m│[37m 11/07/15 00:00:00 [38;5;246m│[37m MO    [38;5;246m│[37m LAMBERT-ST LOUIS I…[38;5;246m│[37m APPROACH[39m 
[37m BUSINESS           [38;5;246m│[1m[37m  5 [0m[38;5;246m[40m│[37m BE-90 KING   [38;5;246m│[37m 12/17/15 00:00:00 [38;5;246m│[37m FL    [38;5;246m│[37m POMPANO BEACH AIRP…[38;5;246m│[37m LANDING…[39m 
[37m DELTA AIR LINES    [38;5;246m│[1m[37m  6 [0m[38;5;246m[40m│[37m B-757        [38;5;246m│[37m 07/17/15 00:00:00 [38;5;246m│[37m VI    [38;5;246m│[37m HENRY E ROHLSEN AR…[38;5;246m│[39m          
[37m DELTA AIR LINES    [38;5;246m│[1m[37m  7 [0m[38;5;246m[40m│[37m B-717-200    [38;5;246m│[37m 08/02/15 00:00:00 [38;5;246m│[37m TX    [38;5;246m│[37m SAN ANTONIO INTL   [38;5;246m│[37m APPROACH[39m 
[37m BUSINESS           [38;5;246m│[1m[37m  8 [0m[38;5;246m[40m│[37m C-414        [38;5;246m│[37m 08/03/15 00:00:00 [38;5;246m│[37m TX    [38;5;246m│[37m LONE STAR EXECUTIV…[38;5;246m│[37m DEPARTU…[39m 
[37m ALLEGIANT AIR      [38;5;246m│[1m[37m  9 [0m[38;5;246m[40m│[37m MD-80        [38;5;246m│[37m 09/02/15 00:00:00 [38;5;246m│[37m FL    [38;5;246m│[37m TAMPA INTL         [38;5;246m│[37m APPROACH[39m 
[37m TRANS STATES AIRLI…[38;5;246m│[1m[37m 10 [0m[38;5;246m[40m│[37m EMB-145      [38;5;246m│[37m 09/07/15 00:00:00 [38;5;246m│[37m MO    [38;5;246m│[37m LAMBERT-ST LOUIS I…[38;5;246m│[37m APPROACH[39m 
[37m BUSINESS           [38;5;246m│[1m[37m 11 [0m[38;5;246m[40m│[37m C-172        [38;5;246m│[37m 11/28/15 00:00:00 [38;5;246m│[37m FL    [38;5;246m│[37m OPA-LOCKA EXECUTIV…[38;5;246m│[37m APPROACH[39m 
[37m GOVERNMENT         [38;5;246m│[1m[37m 12 [0m[38;5;246m[40m│[37m EC120        [38;5;246m│[37m 12/08/15 00:00:00 [38;5;246m│[37m CA    [38;5;246m│[37m NORMAN Y. MINETA S…[38;5;246m│[39m          
[37m AMERICAN AIRLINES  [38;5;246m│[1m[37m 13 [0m[38;5;246m[40m│[37m A-321        [38;5;246m│[37m 05/06/15 00:00:00 [38;5;246m│[37m FL    [38;5;246m│[37m FORT LAUDERDALE/HO…[38;5;246m│[37m APPROACH[39m 
[37m EXPRESSJET AIRLINES[38;5;246m│[1m[37m 14 [0m[38;5;246m[40m│[37m CRJ100/200   [38;5;246m│[37m 05/06/15 00:00:00 [38;5;246m│[37m AR    [38;5;246m│[37m FORT SMITH REGIONA…[38;5;246m│[37m CLIMB[39m    
[37m MESA AIRLINES      [38;5;246m│[1m[37m 15 [0m[38;5;246m[40m│[37m CRJ900       [38;5;246m│[37m 05/08/15 00:00:00 [38;5;246m│[37m AR    [38;5;246m│[37m BILL AND  HILLARY …[38;5;246m│[37m LANDING…[39m 
[37m BUSINESS           [38;5;246m│[1m[37m 16 [0m[38;5;246m[40m│[37m HELICOPTER   [38;5;246m│[37m 05/06/15 00:00:00 [38;5;246m│[37m       [38;5;246m│[37m UNKNOWN            [38;5;246m│[37m En Route[39m 
[37m DELTA AIR LINES    [38;5;246m│[1m[37m 17 [0m[38;5;246m[40m│[37m A-320        [38;5;246m│[37m 05/07/15 00:00:00 [38;5;246m│[37m CA    [38;5;246m│[37m METRO OAKLAND INTL [38;5;246m│[39m          
[37m DELTA AIR LINES    [38;5;246m│[1m[37m 18 [0m[38;5;246m[40m│[37m A-320        [38;5;246m│[37m 05/08/15 00:00:00 [38;5;246m│[37m UT    [38;5;246m│[37m SALT LAKE CITY INTL[38;5;246m│[39m          
[37m LUFTHANSA          [38;5;246m│[1m[37m 19 [0m[38;5;246m[40m│[37m A-380        [38;5;246m│[37m 05/10/15 00:0[30m[48;5;114m┌─────────────────────────────|[43m statuses [48;5;114m|─┐[39m[40m 
[37m BUSINESS           [38;5;246m│[1m[37m 20 [0m[38;5;246m[40m│[37m C-172        [38;5;246m│[37m 05/08/15 00:0[30m[48;5;114m│ set 73448 cells to 73448 values          │[39m[40m 
[37m SPIRIT AIRLINES    [38;5;246m│[1m[37m 21 [0m[38;5;246m[40m│[37m A-319        [38;5;246m│[37m 05/10/15 00:0[30m[48;5;114m└──────────────────────────────────────────┘[39m[40m 
[4m[30m[48;5;68m1› faa-wildlife-strikes[0m[30m[48;5;68m|[39m                          [30m             [1m[37m[48;5;237mi[0m[30m[48;5;68m   [1m[38;5;52m[48;5;114maddcol-incr[0m[30m[48;5;68m      73448 rows  [M]