[30m[48;5;68m  [4mF[0m[30m[48;5;68mile  [4mE[0m[30m[48;5;68mdit  [4mV[0m[30m[48;5;68miew  [4mC[0m[30m[48;5;68molumn  [4mR[0m[30m[48;5;68mow  [4mD[0m[30m[48;5;68mata  [4mP[0m[30m[48;5;68mlot  [4mS[0m[30m[48;5;68mystem  [4mH[0m[30m[48;5;68melp     | VisiData 3.0.2 | Alt+H for help men
[1;4m[37m[40m OPERATOR           [0m[38;5;246m[40m│[1;4m[37m ATYPE        [0m[38;5;246m[40m│[1;4m[37m INCIDENT_DATE     [0m[38;5;246m[40m│[1;4;7m[37m INCIDENT_DATE_re   [0m[38;5;246m[40m│[1;4m[37m STATE [0m[38;5;246m[40m│[1;4m[37m AIRPORT     [0m[38;5;246m>
[7m[37m[40m BUSINESS           │ PA-28        │ 05/22/15 00:00:00 │[1m [2] 05/22/15; 00:0…[0;7m[37m[40m│ FL    │ VERO BEACH M…[0m[40m 
[37m BUSINESS           [38;5;246m│[37m BE-1900      [38;5;246m│[37m 06/18/15 00:00:00 [38;5;246m│[1m[37m [2] 06/18/15; 00:0…[0m[38;5;246m[40m│[37m AK    [38;5;246m│[37m KENAI MUNICI…[39m 
[37m BUSINESS           [38;5;246m│[37m PA-46 MALIBU [38;5;246m│[37m 09/20/15 00:00:00 [38;5;246m│[1m[37m [2] 09/20/15; 00:0…[0m[38;5;246m[40m│[37m TX    [38;5;246m│[37m DAVID WAYNE …[39m 
[37m DELTA AIR LINES    [38;5;246m│[37m B-717-200    [38;5;246m│[37m 11/07/15 00:00:00 [38;5;246m│[1m[37m [2] 11/07/15; 00:0…[0m[38;5;246m[40m│[37m MO    [38;5;246m│[37m LAMBERT-ST L…[39m 
[37m BUSINESS           [38;5;246m│[37m BE-90 KING   [38;5;246m│[37m 12/17/15 00:00:00 [38;5;246m│[1m[37m [2] 12/17/15; 00:0…[0m[38;5;246m[40m│[37m FL    [38;5;246m│[37m POMPANO BEAC…[39m 
[37m DELTA AIR LINES    [38;5;246m│[37m B-757  [39m      [38;5;246m│[37m 07/17/15 00:00:00 [38;5;246m│[1m[37m [2] 07/17/15; 00:0…[0m[38;5;246m[40m│[37m VI    [38;5;246m│[37m HENRY E ROHL…[39m 
[37m DELTA AIR LINES    [38;5;246m│[37m B-717-200    [38;5;246m│[37m 08/02/15 00:00:00 [38;5;246m│[1m[37m [2] 08/02/15; 00:0…[0m[38;5;246m[40m│[37m TX    [38;5;246m│[37m SAN ANTONIO …[39m 
[37m BUSINESS           [38;5;246m│[37m C-414        [38;5;246m│[37m 08/03/15 00:00:00 [38;5;246m│[1m[37m [2] 08/03/15; 00:0…[0m[38;5;246m[40m│[37m TX    [38;5;246m│[37m LONE STAR EX…[39m 
[37m ALLEGIANT AIR      [38;5;246m│[37m MD-80        [38;5;246m│[37m 09/02/15 00:00:00 [38;5;246m│[1m[37m [2] 09/02/15; 00:0…[0m[38;5;246m[40m│[37m FL    [38;5;246m│[37m TAMPA INTL[39m    
[37m TRANS STATES AIRLI…[38;5;246m│[37m EMB-145      [38;5;246m│[37m 09/07/15 00:00:00 [38;5;246m│[1m[37m [2] 09/07/15; 00:0…[0m[38;5;246m[40m│[37m MO    [38;5;246m│[37m LAMBERT-ST L…[39m 
[37m BUSINESS           [38;5;246m│[37m C-172        [38;5;246m│[37m 11/28/15 00:00:00 [38;5;246m│[1m[37m [2] 11/28/15; 00:0…[0m[38;5;246m[40m│[37m FL    [38;5;246m│[37m OPA-LOCKA EX…[39m 
[37m GOVERNMENT         [38;5;246m│[37m EC120  [39m      [38;5;246m│[37m 12/08/15 00:00:00 [38;5;246m│[1m[37m [2] 12/08/15; 00:0…[0m[38;5;246m[40m│[37m CA    [38;5;246m│[37m NORMAN Y. MI…[39m 
[37m AMERICAN AIRLINES  [38;5;246m│[37m A-321        [38;5;246m│[37m 05/06/15 00:00:00 [38;5;246m│[1m[37m [2] 05/06/15; 00:0…[0m[38;5;246m[40m│[37m FL    [38;5;246m│[37m FORT LAUDERD…[39m 
[37m EXPRESSJET AIRLINES[38;5;246m│[37m CRJ100/200   [38;5;246m│[37m 05/06/15 00:00:00 [38;5;246m│[1m[37m [2] 05/06/15; 00:0…[0m[38;5;246m[40m│[37m AR    [38;5;246m│[37m FORT SMITH R…[39m 
[37m MESA AIRLINES      [38;5;246m│[37m CRJ900       [38;5;246m│[37m 05/08/15 00:00:00 [38;5;246m│[1m[37m [2] 05/08/15; 00:0…[0m[38;5;246m[40m│[37m AR    [38;5;246m│[37m BILL AND  HI…[39m 
 [37mBUSINESS           [38;5;246m│[37m HELICOPTER   [38;5;246m│[37m 05/06/15 00:00:00 [38;5;246m│[1m[37m [2] 05/06/15; 00:0…[0m[38;5;246m[40m│[37m       [38;5;246m│[37m UNKNOWN[39m       
[37m DELTA AIR LINES    [38;5;246m│[37m A-320  [39m      [38;5;246m│[37m 05/07/15 00:00:00 [38;5;246m│[1m[37m [2] 05/07/15; 00:0…[0m[38;5;246m[40m│[37m CA    [38;5;246m│[37m METRO OAKLAN…[39m 
[37m DELTA AIR LINES    [38;5;246m│[37m A-320  [39m      [38;5;246m│[37m 05/08/15 00:00:00 [38;5;246m│[1m[37m [2] 05/08/15; 00:0…[0m[38;5;246m[40m│[37m UT    [38;5;246m│[37m SALT LAKE CI…[39m 
[37m LUFTHANSA          [38;5;246m│[37m A-380        [38;5;246m│[37m 05/10/15 00:00:00 [38;5;246m│[1m[37m [2] 05/10/15; 00:0…[0m[38;5;246m[40m│[37m TX    [38;5;246m│[37m GEORGE BUSH …[39m 
[37m BUSINESS           [38;5;246m│[37m C-172        [38;5;246m│[37m 05/08/15 00:00:00 [38;5;246m│[1m[37m [2] 05/08/15; 00:0…[0m[38;5;246m[40m│[37m FL    [38;5;246m│[37m ORLANDO SANF…[39m 
[37m SPIRIT AIRLINES    [38;5;246m│[37m A-319        [38;5;246m│[37m 05/10/15 00:00:00 [38;5;246m│[1m[37m [2] 05/10/15; 00:0…[0m[38;5;246m[40m│[37m IL    [38;5;246m│[37m CHICAGO O'HA…[39m 
[4m[30m[48;5;68m1› faa-wildlife-strikes[0m[30m[48;5;68m|[39m                                      [1m[37m[48;5;237m:[0m[30m[48;5;68m   [1m[38;5;52m[48;5;114maddcol-split[0m[30m[48;5;68m      73448 rows  [M]