[1;4m[38;5;81m[40m STATE   [0m[38;5;246m[40m‖[1;4m[37m SPECIES            [0m[38;5;246m[40m|[1;4m[37m count  #[0m[38;5;246m[40m|[1;4m[37m state_total#[0m[38;5;246m[40m|[1;4;7m[37m pct_of_state%[0m[38;5;246m[40m‖[39m                              
[7m[38;5;81m SK      [37m‖ Gulls              |       1 |           1 |[1m       100.00 [0;7m[37m[40m‖[0m[39m[40m                              
[38;5;81m NS      [37m‖ Striped skunk      |       1 |           1 |[39m       [1m[37m100.00 [0m[37m[40m‖[39m                              
[38;5;81m NL      [37m‖ Snow bunting [39m      [37m|       1 |           1 |[39m  [1m[37m     100.00 [0m[37m[40m‖[39m                              
[38;5;81m MB      [37m‖ Mallard      [39m      [37m|       1 |           2 |[39m   [1m[37m     50.00 [0m[37m[40m‖[39m                              
[38;5;81m MB      [37m‖ Cedar waxwing[39m      [37m|[39m      [37m 1 |           2 |[39m        [1m[37m50.00 [0m[37m[40m‖[39m                              
[38;5;81m AB      [37m‖ Canada goose[39m       [37m|[39m      [37m 1 |           2 |[39m        [1m[37m50.00 [0m[37m[40m‖[39m                              
[38;5;81m AB      [37m‖ Perching birds (y) |[39m      [37m 1 |           2 |[39m   [1m[37m     50.00 [0m[37m[40m‖[39m                              
[38;5;81m PI      [37m‖ Yellow bittern     |[39m      [37m72 |         173 |[39m        [1m[37m41.62 [0m[37m[40m‖[39m                              
[38;5;81m CO      [37m‖ Horned lark        |    1117 |        2914 |[39m        [1m[37m38.33 [0m[37m[40m‖[39m                              
[38;5;81m HI      [37m‖ Pacific golden-plo…|[39m     [37m329 |         873 |[39m        [1m[37m37.69 [0m[37m[40m‖[39m                              
[38;5;81m AZ      [37m‖ Mourning dove      |[39m     [37m134 |         438 |[39m        [1m[37m30.59 [0m[37m[40m‖[39m                              
[38;5;81m MS      [37m‖ Mourning dove      |[39m      [37m60 |         197 |[39m        [1m[37m30.46 [0m[37m[40m‖[39m                              
[38;5;81m WV      [37m‖ Killdeer[39m           [37m|[39m      [37m21 |          78 |[39m   [1m[37m     26.92 [0m[37m[40m‖[39m                              
[38;5;81m VT      [37m‖ American kestrel   |[39m      [37m29 |         109 |[39m        [1m[37m26.61 [0m[37m[40m‖[39m                              
[38;5;81m IA      [37m‖ Killdeer           |[39m      [37m49 |         189 |[39m        [1m[37m25.93 [0m[37m[40m‖[39m                              
[38;5;81m UT      [37m‖ Horned lark        |[39m     [37m260 |        1049 |[39m        [1m[37m24.79 [0m[37m[40m‖[39m                              
[38;5;81m WY      [37m‖ Greater sage-grouse|[39m      [37m10 |          41 |[39m        [1m[37m24.39 [0m[37m[40m‖[39m                              
[38;5;81m IN      [37m‖ Mourning dove      |[39m     [37m179 |         773 |[39m        [1m[37m23.16 [0m[37m[40m‖[39m                              
[38;5;81m LA      [37m‖ Barn swallow       |[39m     [37m168 |         737 |[39m        [1m[37m22.80 [0m[37m[40m‖[39m                              
[38;5;81m MD      [37m‖ European starling  |[39m      [37m90 |         405 |[39m        [1m[37m22.22 [0m[37m[40m‖[39m                              
[38;5;81m BC      [37m‖ Red-tailed hawk    |[39m      [37m 2 |           9 |[39m        [1m[37m22.22 [0m[37m[40m‖[39m                              
[38;5;81m TX      [37m‖ Mourning dove[39m      [37m|[39m     [37m984 |        4670 |[39m        [1m[37m21.07 [0m[37m[40m‖[39m                              
[1m[37mknown_species_STATE-SPECIES_freq+known_species_STATE_freq| [0m[39m[40m                      [37m ][1m      5135 rows [0m[39m[40m 