[30m[48;5;68m  [4mF[0m[30m[48;5;68mile  [4mE[0m[30m[48;5;68mdit  [4mV[0m[30m[48;5;68miew  [4mC[0m[30m[48;5;68molumn  [4mR[0m[30m[48;5;68mow  [4mD[0m[30m[48;5;68mata  [4mP[0m[30m[48;5;68mlot  [4mS[0m[30m[48;5;68mystem  [4mH[0m[30m[48;5;68melp     | VisiData 3.0.2 | Alt+H for help men
[1;4;7m[38;5;81m[40m SPECIES            [0m[38;5;246m[40m║[1;4m[37m↓count♯[0m[38;5;246m[40m│[1;4m[37m percent%[0m[38;5;246m[40m│[1;4m[37m histogram                             ~[0m[38;5;246m[40m│[1;4m[37m HEIGHT_mean%[0m[38;5;246m[40m║[39m     
[1;7m[38;5;81m Unknown bird       [0;7m[37m[40m║  2098 │    9.17 │ ■■■■■■■■■                              │            [38;5;202m![37m║
[0;1m[38;5;81m[40m Unknown bird - sma…[0m[38;5;246m[40m║[37m  8807 [38;5;246m│[37m   38.49 [38;5;246m│[37m ■■■■■■■■■■■■■■■■■■■■■■■■■■■■■■■■■■■■■■ [38;5;246m│[39m            [38;5;202m![38;5;246m║
[1m[38;5;81m Unknown bird - lar…[0m[38;5;246m[40m║[37m   693 [38;5;246m│[37m    3.03 [38;5;246m│[37m ■■[39m                                     [38;5;246m│[39m            [38;5;202m![38;5;246m║
[1m[38;5;81m Unknown bird - med…[0m[38;5;246m[40m║[37m  3056 [38;5;246m│[37m   13.35 [38;5;246m│[37m ■■■■■■■■■■■■■[39m                          [38;5;246m│[39m            [38;5;202m![38;5;246m║
[1m[38;5;81m Gulls[0m[40m              [38;5;246m║[37m   550 [38;5;246m│[37m    2.40 [38;5;246m│[37m ■■[39m                                     [38;5;246m│[39m            [38;5;202m![38;5;246m║
[1m[38;5;81m Northern pintail   [0m[38;5;246m[40m║[37m    64 [38;5;246m│[37m    0.28 [38;5;246m│[39m                                        [38;5;246m│[39m            [38;5;202m![38;5;246m║
[1m[38;5;81m Barred owl         [0m[38;5;246m[40m║[37m     3 [38;5;246m│[37m    0.01 [38;5;246m│[39m                                        [38;5;246m│[39m            [38;5;202m![38;5;246m║
[1m[38;5;81m Common raven       [0m[38;5;246m[40m║[37m     4 [38;5;246m│[37m    0.02 [38;5;246m│[39m                                        [38;5;246m│[39m            [38;5;202m![38;5;246m║
[1m[38;5;81m Great blue heron   [0m[38;5;246m[40m║[37m    38 [38;5;246m│[37m    0.17 [38;5;246m│[39m                                        [38;5;246m│[39m            [38;5;202m![38;5;246m║
[1m[38;5;81m American robin     [0m[38;5;246m[40m║[37m   183 [38;5;246m│[37m    0.80 [38;5;246m│[39m                                        [38;5;246m│[39m            [38;5;202m![38;5;246m║
[1m[38;5;81m Rock pigeon        [0m[38;5;246m[40m║[37m   219 [38;5;246m│[37m    0.96 [38;5;246m│[39m                                        [38;5;246m│[39m            [38;5;202m![38;5;246m║
[1m[38;5;81m Eastern meadowlark [0m[38;5;246m[40m║[37m    77 [38;5;246m│[37m    0.34 [38;5;246m│[39m                                        [38;5;246m│[39m            [38;5;202m![38;5;246m║
[1m[38;5;81m Hawks[0m[40m              [38;5;246m║[37m   131 [38;5;246m│[37m    0.57 [38;5;246m│[39m                                        [38;5;246m│[39m            [38;5;202m![38;5;246m║
[1m[38;5;81m Bald eagle         [0m[38;5;246m[40m║[37m    42 [38;5;246m│[37m    0.18 [38;5;246m│[39m                                        [38;5;246m│[39m            [38;5;202m![38;5;246m║
[1m[38;5;81m Bonin petrel       [0m[38;5;246m[40m║[37m     3 [38;5;246m│[37m    0.01 [38;5;246m│[39m                                        [38;5;246m│[39m            [38;5;202m![38;5;246m║
[1m[38;5;81m Killdeer           [0m[38;5;246m[40m║[37m   199 [38;5;246m│[37m    0.87 [38;5;246m│[39m                                        [38;5;246m│[39m            [38;5;202m![38;5;246m║
[1m[38;5;81m Doves[0m[40m              [38;5;246m║[37m    72 [38;5;246m│[37m    0.31 [38;5;246m│[39m                                        [38;5;246m│[39m            [38;5;202m![38;5;246m║
[1m[38;5;81m Turkey vulture     [0m[38;5;246m[40m║[37m   178 [38;5;246m│[37m    0.78 [38;5;246m│[39m                                        [38;5;246m│[39m            [38;5;202m![38;5;246m║
[1m[38;5;81m Western meadowlark [0m[38;5;246m[40m║[37m    52 [38;5;246m│[37m    0.23 [38;5;246m│[39m                                        [38;5;246m│[39m            [38;5;202m![38;5;246m║
[1m[38;5;81m Red-tailed hawk    [0m[38;5;246m[40m║[37m   190 [38;5;246m│[37m    0.83 [38;5;246m│[39m                                        [38;5;246m│[39m            [38;5;202m![38;5;246m║
[1m[38;5;81m Rough-legged hawk  [0m[38;5;246m[40m║[37m     6 [38;5;246m│[37m    0.03 [38;5;246m│[39m                                        [38;5;246m│[39m            [38;5;202m![38;5;246m║
[4m[30m[48;5;68m3› faa-wildlife-strikes_selectedref_SPECIES_freq[0m[30m[48;5;68m|[39m          [38;5;118m processing…[30m [1m[37m[48;5;237mShift+F[0m[30m[48;5;68m           420 bins 