[1;4;7m[37m[40m OPERATOR           [0m[38;5;246m[40m|[1;4m[37m ATYPE          [0m[38;5;246m[40m|[1;4m[37m INCIDENT_DATE      [0m[38;5;246m[40m|[1;4m[37m STATE   [0m[38;5;246m[40m|[1;4m[37m AIRPORT            [0m[38;5;246m[40m|[1;4m[37m PHASE_O[0m[38;5;246m[40m>[39m 
[1;7m[37m BUSINESS           [0;7m[37m[40m| PA-28          | 05/22/15 00:00:00  | FL      | VERO BEACH MUNICIP…| APPROACH[0m[39m[40m 
[1m[37m BUSINESS           [0m[37m[40m| BE-1900[39m        [37m| 06/18/15 00:00:00  | AK[39m      [37m| KENAI MUNICIPAL AR…| APPROACH[39m 
[1m[37m BUSINESS           [0m[37m[40m| PA-46 MALIBU   | 09/20/15 00:00:00  | TX[39m      [37m| DAVID WAYNE HOOKS …|[39m          
[1m[37m DELTA AIR LINES    [0m[37m[40m| B-717-200[39m      [37m| 11/07/15 00:00:00  | MO[39m      [37m| LAMBERT-ST LOUIS I…| APPROACH[39m 
[1m[37m BUSINESS           [0m[37m[40m| BE-90 KING     | 12/17/15 00:00:00  | FL[39m      [37m| POMPANO BEACH AIRP…| LANDING…[39m 
[1m[37m DELTA AIR LINES    [0m[37m[40m| B-757[39m          [37m| 07/17/15 00:00:00  | VI[39m      [37m| HENRY E ROHLSEN AR…|[39m          
[1m[37m DELTA AIR LINES    [0m[37m[40m| B-717-200[39m      [37m| 08/02/15 00:00:00  | TX[39m      [37m| SAN ANTONIO INTL   | APPROACH[39m 
[1m[37m BUSINESS           [0m[37m[40m| C-414[39m          [37m| 08/03/15 00:00:00  | TX[39m      [37m| LONE STAR EXECUTIV…| DEPARTU…[39m 
[1m[37m ALLEGIANT AIR      [0m[37m[40m| MD-80[39m          [37m| 09/02/15 00:00:00  | FL[39m      [37m| TAMPA INTL[39m         [37m| APPROACH[39m 
[1m[37m TRANS STATES AIRLI…[0m[37m[40m| EMB-145[39m        [37m| 09/07/15 00:00:00  | MO[39m      [37m| LAMBERT-ST LOUIS I…| APPROACH[39m 
[1m[37m BUSINESS           [0m[37m[40m| C-172[39m          [37m| 11/28/15 00:00:00  | FL[39m      [37m| OPA-LOCKA EXECUTIV…| APPROACH[39m 
[1m[37m GOVERNMENT         [0m[37m[40m| EC120[39m          [37m| 12/08/15 00:00:00  | CA[39m      [37m| NORMAN Y. MINETA S…|[39m          
[1m[37m AMERICAN AIRLINES  [0m[37m[40m| A-321[39m          [37m| 05/06/15 00:00:00  | FL[39m      [37m| FORT LAUDERDALE/HO…| APPROACH[39m 
[1m[37m EXPRESSJET AIRLINES[0m[37m[40m| CRJ100/200     | 05/06/15 00:00:00  | AR[39m      [37m| FORT SMITH REGIONA…| CLIMB[39m    
[1m[37m MESA AIRLINES      [0m[37m[40m| CRJ900[39m         [37m| 05/08/15 00:00:00  | AR[39m      [37m| BILL AND  HILLARY …| LANDING…[39m 
[1m[37m BUSINESS           [0m[37m[40m| HELICOPTER     | 05/06/15 00:00:00  |[39m         [37m| UNKNOWN[39m            [37m| En Route[39m 
[1m[37m DELTA AIR LINES    [0m[37m[40m| A-320[39m          [37m| 05/07/15 00:00:00  | CA[39m      [37m| METRO OAKLAND INTL |[39m          
[1m[37m DELTA AIR LINES    [0m[37m[40m| A-320[39m          [37m| 05/08/15 00:00:00  | UT[39m      [37m| SALT LAKE CITY INTL|[39m          
[1m[37m LUFTHANSA          [0m[37m[40m| A-380[39m          [37m| 05/10/15 00:00:00  | TX[39m      [37m| GEORGE BUSH INTERC…| CLIMB[39m    
[1m[37m BUSINESS           [0m[37m[40m| C-172[39m          [37m| 05/08/15 00:00:00  | FL[39m      [37m| ORLANDO SANFORD IN…| APPROACH[39m 
[1m[37m SPIRIT AIRLINES    [0m[37m[40m| A-319[39m          [37m| 05/10/15 00:00:00  | IL[39m      [37m| CHICAGO O'HARE INT…| CLIMB[39m    
[1m[37m EXPRESSJET AIRLINES[0m[37m[40m| EMB-145[39m        [37m| 05/11/15 00:00:00  | AL[39m      [37m| BIRMINGHAM-SHUTTLE…| LANDING…[39m 
[1m[37mfaa-wildlife-strikes| saul.pw/VisiData v1.5.1 | opening faa-wildlife-strikes as cs[0m[37m[40m [1m     73448 rows…[0m[39m[40m 