[30m[48;5;110m  [4mF[0m[30m[48;5;110mile  [4mE[0m[30m[48;5;110mdit  [4mV[0m[30m[48;5;110miew  [4mC[0m[30m[48;5;110molumn  [4mR[0m[30m[48;5;110mow  [4mD[0m[30m[48;5;110mata  [4mP[0m[30m[48;5;110mlot  [4mS[0m[30m[48;5;110mystem  [4mH[0m[30m[48;5;110melp[39m               [30mCtrl+H for help menu       [39m[49m 
[1;4m[38;5;81m[40m STATE [0m[38;5;246m[40m║[1;4;7m[37m↓state_total♯[0m[38;5;246m[40m║[39m                                                                              
[7m[37m TX    ║[1m        4670 [0;7m[37m[40m║[0m[39m[40m                                                                              
      [38;5;81m [38;5;246m║[1m[37m        4428 [0m[38;5;246m[40m║[39m                                                                              
[38;5;81m CA    [38;5;246m║[1m[37m        3391 [0m[38;5;246m[40m║[39m                                                                              
[38;5;81m FL    [38;5;246m║[1m[37m        3096 [0m[38;5;246m[40m║[39m                                                                              
[38;5;81m CO    [38;5;246m║[1m[37m        2914 [0m[38;5;246m[40m║[39m                                                                              
[38;5;81m NY    [38;5;246m║[1m[37m        2626 [0m[38;5;246m[40m║[39m                                                                              
[38;5;81m IL    [38;5;246m║[1m[37m        2153 [0m[38;5;246m[40m║[39m                                                                              
[38;5;81m NJ    [38;5;246m║[1m[37m        1681 [0m[38;5;246m[40m║[39m                                                                              
[38;5;81m PA    [38;5;246m║[1m[37m        1665 [0m[38;5;246m[40m║[39m                                                                              
[38;5;81m OH    [38;5;246m║[1m[37m        1515 [0m[38;5;246m[40m║[39m                                                                              
[38;5;81m MI    [38;5;246m║[1m[37m        1234 [0m[38;5;246m[40m║[39m                                                                              
[38;5;81m MO    [38;5;246m║[1m[37m        1140 [0m[38;5;246m[40m║[39m                                                                              
[38;5;81m UT    [38;5;246m║[1m[37m        1049 [0m[38;5;246m[40m║[39m                                                                              
[38;5;81m WA    [38;5;246m║[1m[37m         874 [0m[38;5;246m[40m║[39m                                                                              
[38;5;81m HI    [38;5;246m║[1m[37m         873 [0m[38;5;246m[40m║[39m                                                                              
[38;5;81m GA    [38;5;246m║[1m[37m         824 [0m[38;5;246m[40m║[39m                                                                              
[38;5;81m NC    [38;5;246m║[1m[37m         813 [0m[38;5;246m[40m║[39m                                                                              
[38;5;81m MA    [38;5;246m║[1m[37m         801 [0m[38;5;246m[40m║[39m                                                                              
[38;5;81m TN    [38;5;246m║[1m[37m         774 [0m[38;5;246m[40m║[39m                                                                              
[38;5;81m IN    [38;5;246m║[1m[37m         773 [0m[38;5;246m[40m║[39m                                                                              
[38;5;81m LA    [38;5;246m║[1m[37m         737 [0m[38;5;246m[40m║[39m                                                                              
[1m[30m[48;5;110m3› known_species_STATE_freq|              [0m[39m[48;5;110m                    [1m[30m      [38;5;233m -[30m  hide-col        63 bins  •0[0m[39m[40m 