[38;5;246m[40m<[1;4;7m[37mSTATE   [0m[38;5;246m[40m|[1;4m[37m AIRPORT            [0m[38;5;246m[40m|[1;4m[37m PHASE_OF_FLT   [0m[38;5;246m[40m|[1;4m[37m HEIGHT   [0m[38;5;246m[40m|[1;4m[37m SPEED   [0m[38;5;246m[40m|[1;4m[37m SPECIES            [0m[38;5;246m[40m|[1;4m[37m BIRDS_S[0m[38;5;246m[40m>[39m 
[1;7m[37m MO      [0;7m[37m[40m| LAMBERT-ST LOUIS I…| APPROACH       |          |         | Owls               | 1       [0m[39m[40m 
[1m[37m FL      [0m[37m[40m| OPA-LOCKA EXECUTIV…| APPROACH       |          |         | Hawks[39m              [37m| 1[39m        
[1m[37m CA      [0m[37m[40m| NORMAN Y. MINETA S…|[39m                [37m|          |         | Gulls[39m              [37m| 1[39m        
[1m[37m TX      [0m[37m[40m| GEORGE BUSH INTERC…| LANDING ROLL   | 0        |         | Sparrows           | 1[39m        
[1m[37m FL      [0m[37m[40m| VERO BEACH MUNICIP…| DEPARTURE      |          |         | Sandhill crane     | 1[39m        
[1m[37m CA      [0m[37m[40m| ONTARIO INTL ARPT  |[39m                [37m|          |         | Owls[39m               [37m| 1[39m        
[1m[37m TN      [0m[37m[40m| MC GHEE TYSON ARPT | APPROACH       |          |         | Barn swallow       | 1[39m        
[1m[37m SC      [0m[37m[40m| CHARLESTON AFB/INT…| DEPARTURE      |          |         | Gulls[39m              [37m| 1[39m        
[1m[37m CA      [0m[37m[40m| WHITEMAN AIRPORT   | LANDING ROLL   | 0        |         | Rock pigeon        | 1[39m        
[1m[37m WA      [0m[37m[40m| SEATTLE-TACOMA INTL|[39m                [37m|          |         | Barn owl           | 1[39m        
[1m[37m HI      [0m[37m[40m| KAHULUI ARPT       | LANDING ROLL   | 0        |         | Gulls[39m              [37m| 1[39m        
[1m[37m TX      [0m[37m[40m| CORPUS CHRISTI INT…| TAKE-OFF RUN   | 0        |         | Gulls[39m              [37m| 1[39m        
[1m[37m FL      [0m[37m[40m| TALLAHASSEE REGION…| APPROACH       |          |         | Gulls[39m              [37m| 2-10[39m     
[1m[37m TX      [0m[37m[40m| JACK BROOKS REGION…| APPROACH       |          |         | Owls[39m               [37m| 1[39m        
[1m[37m PA      [0m[37m[40m| CAPITAL CITY ARPT …| LANDING ROLL   | 0        |         | Bank swallow       | 1[39m        
[1m[37m AL      [0m[37m[40m| MOBILE REGIONAL    | APPROACH       | 2000     | 200     | Gulls[39m              [37m| 1[39m        
[1m[37m PA      [0m[37m[40m| HARRISBURG INTL    | DEPARTURE[39m      [37m|          |         | Swallows           | 1[39m        
[1m[37m CT      [0m[37m[40m| BRADLEY INTL       |[39m                [37m|          |         | Horned lark        | 2-10[39m     
[1m[37m MA      [0m[37m[40m| GENERAL EDWARD LAW…|                |          |         | Horned lark        | 1[39m        
[1m[37m CA      [0m[37m[40m| SACRAMENTO INTL    | Climb          | 1500     | 210     | Northern pintail   | 2-10[39m     
[1m[37m OH      [0m[37m[40m| RICKENBACKER INTL  |                |          |         | American robin     | 1[39m        
[1m[37m PA      [0m[37m[40m| HARRISBURG INTL    |[39m                [37m|          |         | American kestrel   | 1[39m        
[1m[37mknown_species| "STATE"[0m[39m[40m                                                            [37mc[1m     47460 rows [0m[39m[40m 