[1;4;7m[38;5;81m[40m STATE [0m[38;5;246m[40m║[1;4m[37m count♯[0m[38;5;246m[40m|[1;4m[37m percent%[0m[38;5;246m[40m|[1;4m[37m histogram                                         ~[0m[38;5;246m[40m║[39m                     
[1;7m[38;5;81m TX    [0;7m[37m[40m║  4670 |    9.84 | ************************************************** ║[0m[39m[40m                     
      [1m[38;5;81m [0m[37m[40m║  4428 |    9.33 | ***********************************************[39m    [37m║[39m                     
[1m[38;5;81m CA    [0m[37m[40m║  3391 |    7.14 | ************************************   [39m            [37m║[39m                     
[1m[38;5;81m FL    [0m[37m[40m║  3096 |    6.52 | *********************************[39m                 [37m ║[39m                     
[1m[38;5;81m CO    [0m[37m[40m║  2914 |    6.14 | *******************************[39m                    [37m║[39m                     
[1m[38;5;81m NY    [0m[37m[40m║  2626 |    5.53 | ****************************[39m                       [37m║[39m                     
[1m[38;5;81m IL    [0m[37m[40m║  2153 |    4.54 | ***********************[39m                            [37m║[39m                     
[1m[38;5;81m NJ    [0m[37m[40m║  1681 |    3.54 | *****************[39m                                  [37m║[39m                     
[1m[38;5;81m PA    [0m[37m[40m║  1665 |    3.51 | *****************   [39m                               [37m║[39m                     
[1m[38;5;81m OH    [0m[37m[40m║  1515 |    3.19 | ****************[39m                                   [37m║[39m                     
[1m[38;5;81m MI    [0m[37m[40m║  1234 |    2.60 | *************[39m                                      [37m║[39m                     
[1m[38;5;81m MO    [0m[37m[40m║  1140 |    2.40 | ************[39m                                       [37m║[39m                     
[1m[38;5;81m UT    [0m[37m[40m║  1049 |    2.21 | ***********     [39m                                   [37m║[39m                     
[1m[38;5;81m WA    [0m[37m[40m║   874 |    1.84 | *********[39m                                          [37m║[39m                     
[1m[38;5;81m HI    [0m[37m[40m║   873 |    1.84 | *********          [39m                                [37m║[39m                     
[1m[38;5;81m GA    [0m[37m[40m║   824 |    1.74 | ********[39m                       [37m    [39m                [37m║[39m                     
[1m[38;5;81m NC    [0m[37m[40m║   813 |    1.71 | ********[39m                                           [37m║[39m                     
[1m[38;5;81m MA    [0m[37m[40m║   801 |    1.69 | ********[39m                                           [37m║[39m                     
[1m[38;5;81m TN    [0m[37m[40m║   774 |    1.63 | ********[39m                                           [37m║[39m                     
[1m[38;5;81m IN    [0m[37m[40m║   773 |    1.63 | ********[39m                                           [37m║[39m                     
[1m[38;5;81m LA    [0m[37m[40m║   737 |    1.55 | *******[39m                                            [37m║[39m                     
[1m[38;5;81m OR    [0m[37m[40m║   734 |    1.55 | *******[39m                                            [37m║[39m                     
[1m[37m3› known_species_STATE_freq|[0m[39m[40m                                   [1m[37m                 F          63 bins [0m[39m[40m 