[1;4m[38;5;81m[40m STATE   [0m[38;5;246m[40m‖[1;4m[37m SPECIES            [0m[38;5;246m[40m|[1;4m[37m count  #[0m[38;5;246m[40m|[1;4;7m[37m state_total#[0m[38;5;246m[40m|[1;4m[37m count * 100 / state_total   [0m[38;5;246m[40m‖[39m               
[7m[38;5;81m CO      [37m‖ Horned lark        |    1117 |[1m        2914 [0;7m[37m[40m| 38.33218943033631          [38;5;226m%[37m‖[0m[39m[40m               
[38;5;81m CO      [38;5;246m‖[37m Western meadowlark [38;5;246m|[37m     307 [38;5;246m|[1m[37m        2914 [0m[38;5;246m[40m|[37m 10.535346602608099[39m         [38;5;226m%[38;5;246m‖[39m               
[38;5;81m CO      [38;5;246m‖[37m Mourning dove[39m      [38;5;246m|[37m     282 [38;5;246m|[1m[37m        2914 [0m[38;5;246m[40m|[37m 9.67741935483871[39m           [38;5;226m%[38;5;246m‖[39m               
[38;5;81m CO      [38;5;246m‖[37m Cliff swallow[39m      [38;5;246m|[37m     148 [38;5;246m|[1m[37m        2914 [0m[38;5;246m[40m|[37m 5.078929306794784[39m          [38;5;226m%[38;5;246m‖[39m               
[38;5;81m CO      [38;5;246m‖[37m Lark bunting[39m       [38;5;246m|[39m      [37m91 [38;5;246m|[1m[37m        2914 [0m[38;5;246m[40m|[37m 3.1228551818805763[39m         [38;5;226m%[38;5;246m‖[39m               
[38;5;81m CO      [38;5;246m‖[37m Rock pigeon[39m        [38;5;246m|[39m      [37m82 [38;5;246m|[1m[37m        2914 [0m[38;5;246m[40m|[37m 2.8140013726835966[39m         [38;5;226m%[38;5;246m‖[39m               
[38;5;81m CO      [38;5;246m‖[37m American kestrel   [38;5;246m|[39m      [37m78 [38;5;246m|[1m[37m        2914 [0m[38;5;246m[40m|[37m 2.676733013040494[39m          [38;5;226m%[38;5;246m‖[39m               
[38;5;81m CO      [38;5;246m‖[37m Red-tailed hawk    [38;5;246m|[39m      [37m73 [38;5;246m|[1m[37m        2914 [0m[38;5;246m[40m|[37m 2.5051475634866165[39m         [38;5;226m%[38;5;246m‖[39m               
[38;5;81m CO      [38;5;246m‖[37m Black-tailed jackr…[38;5;246m|[39m      [37m61 [38;5;246m|[1m[37m        2914 [0m[38;5;246m[40m|[37m 2.0933424845573096[39m         [38;5;226m%[38;5;246m‖[39m               
[38;5;81m CO      [38;5;246m‖[37m Killdeer[39m           [38;5;246m|[39m      [37m41 [38;5;246m|[1m[37m        2914 [0m[38;5;246m[40m|[37m 1.4070006863417983[39m         [38;5;226m%[38;5;246m‖[39m               
[38;5;81m CO      [38;5;246m‖[37m Great horned owl   [38;5;246m|[39m      [37m31 [38;5;246m|[1m[37m        2914 [0m[38;5;246m[40m|[37m 1.0638297872340425[39m         [38;5;226m%[38;5;246m‖[39m               
[38;5;81m CO      [38;5;246m‖[37m Black-tailed prair…[38;5;246m|[39m      [37m31 [38;5;246m|[1m[37m        2914 [0m[38;5;246m[40m|[37m 1.0638297872340425[39m         [38;5;226m%[38;5;246m‖[39m               
[38;5;81m CO      [38;5;246m‖[37m Sparrows[39m           [38;5;246m|[39m      [37m30 [38;5;246m|[1m[37m        2914 [0m[38;5;246m[40m|[37m 1.029512697323267[39m          [38;5;226m%[38;5;246m‖[39m               
[38;5;81m CO      [38;5;246m‖[37m Western kingbird   [38;5;246m|[39m      [37m25 [38;5;246m|[1m[37m        2914 [0m[38;5;246m[40m|[37m 0.8579272477693891[39m         [38;5;226m%[38;5;246m‖[39m               
[38;5;81m CO      [38;5;246m‖[37m Desert cottontail  [38;5;246m|[39m      [37m24 [38;5;246m|[1m[37m        2914 [0m[38;5;246m[40m|[37m 0.8236101578586136[39m         [38;5;226m%[38;5;246m‖[39m               
[38;5;81m CO      [38;5;246m‖[37m Perching birds (y) [38;5;246m|[39m      [37m20 [38;5;246m|[1m[37m        2914 [0m[38;5;246m[40m|[37m 0.6863417982155113[39m         [38;5;226m%[38;5;246m‖[39m               
[38;5;81m CO      [38;5;246m‖[37m Burrowing owl[39m      [38;5;246m|[39m      [37m20 [38;5;246m|[1m[37m        2914 [0m[38;5;246m[40m|[37m 0.6863417982155113[39m         [38;5;226m%[38;5;246m‖[39m               
[38;5;81m CO      [38;5;246m‖[37m Mountain bluebird  [38;5;246m|[39m      [37m16 [38;5;246m|[1m[37m        2914 [0m[38;5;246m[40m|[37m 0.5490734385724091[39m         [38;5;226m%[38;5;246m‖[39m               
[38;5;81m CO      [38;5;246m‖[37m Vesper sparrow     [38;5;246m|[39m      [37m16 [38;5;246m|[1m[37m        2914 [0m[38;5;246m[40m|[37m 0.5490734385724091[39m         [38;5;226m%[38;5;246m‖[39m               
[38;5;81m CO      [38;5;246m‖[37m Red-winged blackbi…[38;5;246m|[39m      [37m15 [38;5;246m|[1m[37m        2914 [0m[38;5;246m[40m|[37m 0.5147563486616334[39m         [38;5;226m%[38;5;246m‖[39m               
[38;5;81m CO      [38;5;246m‖[37m Little brown bat   [38;5;246m|[39m      [37m15 [38;5;246m|[1m[37m        2914 [0m[38;5;246m[40m|[37m 0.5147563486616334[39m         [38;5;226m%[38;5;246m‖[39m               
[38;5;81m CO      [38;5;246m‖[37m Barn owl[39m           [38;5;246m|[39m      [37m15 [38;5;246m|[1m[37m        2914 [0m[38;5;246m[40m|[37m 0.5147563486616334[39m         [38;5;226m%[38;5;246m‖[39m               
[1m[37mknown_species_STATE-SPECIES_freq+known_species_STATE_freq| "count * 100 / state_to[0m[37m[40m =[1m      5135 rows[0m[39m[40m 