[1;4m[38;5;81m[40m SPECIES                     [0m[38;5;246m[40m‖[1;4m[37m count#[0m[38;5;246m[40m|[1;4m[37m mean_HEIGHT%[0m[38;5;246m[40m|[1;4;7m[37m count >= 20 [0m[38;5;246m[40m‖[39m                                  
[7m[38;5;81m Yellow-bellied sapsucker    [37m‖    24 |     3585.42 |[1m True        [0;7m[37m[40m‖[0m[39m[40m                                  
[38;5;81m Swainson's thrush           [38;5;246m‖[37m    56 [38;5;246m|[37m     3454.46 [38;5;246m|[1m[37m True        [0m[38;5;246m[40m‖[39m                                  
[38;5;81m Snow goose                  [38;5;246m‖[37m    34 [38;5;246m|[37m     3258.82 [38;5;246m|[1m[37m True        [0m[38;5;246m[40m‖[39m                                  
[38;5;81m Hermit thrush               [38;5;246m‖[37m    49 [38;5;246m|[37m     2770.10 [38;5;246m|[1m[37m True        [0m[38;5;246m[40m‖[39m                                  
[38;5;81m Red-eyed vireo              [38;5;246m‖[37m    39 [38;5;246m|[37m     2768.72 [38;5;246m|[1m[37m True        [0m[38;5;246m[40m‖[39m                                  
[38;5;81m Unknown bird - large        [38;5;246m‖[37m   693 [38;5;246m|[37m     2691.92 [38;5;246m|[1m[37m True        [0m[38;5;246m[40m‖[39m                                  
[38;5;81m Northern shoveler           [38;5;246m‖[37m    23 [38;5;246m|[37m     2602.17 [38;5;246m|[1m[37m True        [0m[38;5;246m[40m‖[39m                                  
[38;5;81m American robin              [38;5;246m‖[37m   183 [38;5;246m|[37m     2545.00 [38;5;246m|[1m[37m True        [0m[38;5;246m[40m‖[39m                                  
[38;5;81m White-throated sparrow      [38;5;246m‖[37m    56 [38;5;246m|[37m     2426.79 [38;5;246m|[1m[37m True        [0m[38;5;246m[40m‖[39m                                  
[38;5;81m Greater white-fronted goose [38;5;246m‖[37m    32 [38;5;246m|[37m     2335.94 [38;5;246m|[1m[37m True        [0m[38;5;246m[40m‖[39m                                  
[38;5;81m Unknown bird - medium       [38;5;246m‖[37m  3056 [38;5;246m|[37m     2260.49 [38;5;246m|[1m[37m True        [0m[38;5;246m[40m‖[39m                                  
[38;5;81m Unknown bird                [38;5;246m‖[37m  2098 [38;5;246m|[37m     2253.93 [38;5;246m|[1m[37m True        [0m[38;5;246m[40m‖[39m                                  
[38;5;81m Dark-eyed junco             [38;5;246m‖[37m    39 [38;5;246m|[37m     2031.28 [38;5;246m|[1m[37m True        [0m[38;5;246m[40m‖[39m                                  
[38;5;81m Perching birds (y)          [38;5;246m‖[37m   211 [38;5;246m|[37m     2018.73 [38;5;246m|[1m[37m True        [0m[38;5;246m[40m‖[39m                                  
[38;5;81m Northern pintail            [38;5;246m‖[37m    64 [38;5;246m|[37m     1980.19 [38;5;246m|[1m[37m True        [0m[38;5;246m[40m‖[39m                                  
[38;5;81m American coot               [38;5;246m‖[37m    53 [38;5;246m|[37m     1965.66 [38;5;246m|[1m[37m True        [0m[38;5;246m[40m‖[39m                                  
[38;5;81m Unknown bird or bat         [38;5;246m‖[37m    43 [38;5;246m|[37m     1892.88 [38;5;246m|[1m[37m True        [0m[38;5;246m[40m‖[39m                                  
[38;5;81m Red bat                     [38;5;246m‖[37m    20 [38;5;246m|[37m     1750.00 [38;5;246m|[1m[37m True        [0m[38;5;246m[40m‖[39m                                  
[38;5;81m Geese[39m              [38;5;81m         [38;5;246m‖[37m    56 [38;5;246m|[37m     1696.88 [38;5;246m|[1m[37m True        [0m[38;5;246m[40m‖[39m                                  
[38;5;81m Gadwall                     [38;5;246m‖[37m    25 [38;5;246m|[37m     1675.80 [38;5;246m|[1m[37m True        [0m[38;5;246m[40m‖[39m                                  
[38;5;81m Gray catbird                [38;5;246m‖[37m    37 [38;5;246m|[37m     1573.27 [38;5;246m|[1m[37m True        [0m[38;5;246m[40m‖[39m                                  
[38;5;81m New World Vultures          [38;5;246m‖[37m    60 [38;5;246m|[37m     1541.50 [38;5;246m|[1m[37m True        [0m[38;5;246m[40m‖[39m                                  
[1m[37mfaa-wildlife-strikes_True_SPECIES_freq_True|            [0m[39m[40m                         [37m g_[1m        75 bins[0m[39m[40m 