[1;4m[38;5;81m[40m STATE   [0m[38;5;246m[40m|[1;4m[38;5;81m SPECIES            [0m[38;5;246m[40m‖<[1;4m[37mPHASE_OF_FLT   [0m[38;5;246m[40m|[1;4m[37m HEIGHT   [0m[38;5;246m[40m|[1;4m[37m SPEED   [0m[38;5;246m[40m|[1;4;7m[37m BIRDS_STRUCK   [0m[38;5;246m[40m|[1;4m[37m EFFECT     [0m[38;5;246m[40m>[39m 
[7m[38;5;81m MO      [37m|[38;5;81m Owls               [37m‖ APPROACH       |          |         |[1m 1              [0;7m[37m[40m| NONE        [0m[39m[40m 
[38;5;81m FL      [38;5;246m|[38;5;81m Hawks[39m              [38;5;246m‖[37m APPROACH       [38;5;246m|[37m          [38;5;246m|[37m  [39m       [38;5;246m|[1m[37m 1    [0m[39m[40m          [38;5;246m|[37m NONE[39m         
[38;5;81m CA      [38;5;246m|[38;5;81m Gulls[39m              [38;5;246m‖[39m                [38;5;246m|[37m          [38;5;246m|[37m         [38;5;246m|[1m[37m 1    [0m[39m[40m          [38;5;246m|[37m NONE[39m         
[38;5;81m TX      [38;5;246m|[38;5;81m Sparrows           [38;5;246m‖[37m LANDING ROLL   [38;5;246m|[37m 0        [38;5;246m|[37m         [38;5;246m|[1m[37m 1              [0m[38;5;246m[40m|[37m NONE[39m         
[38;5;81m FL      [38;5;246m|[38;5;81m Sandhill crane     [38;5;246m‖[37m DEPARTURE      [38;5;246m|[37m          [38;5;246m|[37m   [39m      [38;5;246m|[1m[37m 1[0m[39m[40m              [38;5;246m|[37m NONE[39m         
[38;5;81m CA      [38;5;246m|[38;5;81m Owls[39m               [38;5;246m‖[39m                [38;5;246m|[37m    [39m      [38;5;246m|[39m         [38;5;246m|[1m[37m 1   [0m[39m[40m           [38;5;246m|[37m NONE[39m         
[38;5;81m TN      [38;5;246m|[38;5;81m Barn swallow       [38;5;246m‖[37m APPROACH       [38;5;246m|[37m          [38;5;246m|[37m  [39m       [38;5;246m|[1m[37m 1[0m[39m[40m              [38;5;246m|[37m NONE[39m         
[38;5;81m SC      [38;5;246m|[38;5;81m Gulls[39m              [38;5;246m‖[37m DEPARTURE      [38;5;246m|[37m          [38;5;246m|[37m   [39m      [38;5;246m|[1m[37m 1    [0m[39m[40m          [38;5;246m|[37m NONE[39m         
[38;5;81m CA      [38;5;246m|[38;5;81m Rock pigeon        [38;5;246m‖[37m LANDING ROLL   [38;5;246m|[37m 0        [38;5;246m|[37m         [38;5;246m|[1m[37m 1[0m[39m[40m              [38;5;246m|[37m NONE[39m         
[38;5;81m WA      [38;5;246m|[38;5;81m Barn owl           [38;5;246m‖[39m                [38;5;246m|[37m    [39m      [38;5;246m|[39m         [38;5;246m|[1m[37m 1              [0m[38;5;246m[40m|[37m NONE[39m         
[38;5;81m HI      [38;5;246m|[38;5;81m Gulls[39m              [38;5;246m‖[37m LANDING ROLL   [38;5;246m|[37m 0        [38;5;246m|[37m         [38;5;246m|[1m[37m 1    [0m[39m[40m          [38;5;246m|[37m NONE[39m         
[38;5;81m TX      [38;5;246m|[38;5;81m Gulls[39m              [38;5;246m‖[37m TAKE-OFF RUN   [38;5;246m|[37m 0        [38;5;246m|[37m         [38;5;246m|[1m[37m 1    [0m[39m[40m          [38;5;246m|[37m NONE[39m         
[38;5;81m FL      [38;5;246m|[38;5;81m Gulls[39m              [38;5;246m‖[37m APPROACH       [38;5;246m|[37m          [38;5;246m|[37m  [39m       [38;5;246m|[1m[37m 2-10 [0m[39m[40m          [38;5;246m|[37m NONE[39m         
[38;5;81m TX      [38;5;246m|[38;5;81m Owls[39m               [38;5;246m‖[37m APPROACH       [38;5;246m|[37m          [38;5;246m|[37m  [39m       [38;5;246m|[1m[37m 1   [0m[39m[40m           [38;5;246m|[37m NONE[39m         
[38;5;81m PA      [38;5;246m|[38;5;81m Bank swallow       [38;5;246m‖[37m LANDING ROLL   [38;5;246m|[37m 0        [38;5;246m|[37m         [38;5;246m|[1m[37m 1[0m[39m[40m              [38;5;246m|[37m NONE[39m         
[38;5;81m AL      [38;5;246m|[38;5;81m Gulls[39m              [38;5;246m‖[37m APPROACH       [38;5;246m|[37m 2000     [38;5;246m|[37m 200     [38;5;246m|[1m[37m 1    [0m[39m[40m          [38;5;246m|[37m NONE[39m         
[38;5;81m PA      [38;5;246m|[38;5;81m Swallows           [38;5;246m‖[37m DEPARTURE      [38;5;246m|[37m          [38;5;246m|[37m   [39m      [38;5;246m|[1m[37m 1              [0m[38;5;246m[40m|[37m NONE[39m         
[38;5;81m CT      [38;5;246m|[38;5;81m Horned lark        [38;5;246m‖[39m                [38;5;246m|[37m    [39m      [38;5;246m|[39m         [38;5;246m|[1m[37m 2-10           [0m[38;5;246m[40m|[39m              
[38;5;81m MA      [38;5;246m|[38;5;81m Horned lark        [38;5;246m‖[39m                [38;5;246m|[37m    [39m      [38;5;246m|[39m         [38;5;246m|[1m[37m 1[0m[39m[40m              [38;5;246m|[39m              
[38;5;81m CA      [38;5;246m|[38;5;81m Northern pintail   [38;5;246m‖[37m Climb          [38;5;246m|[37m 1500     [38;5;246m|[37m 210     [38;5;246m|[1m[37m 2-10           [0m[38;5;246m[40m|[37m Precautiona…[39m 
[38;5;81m OH      [38;5;246m|[38;5;81m American robin     [38;5;246m‖[39m                [38;5;246m|[37m    [39m      [38;5;246m|[39m         [38;5;246m|[1m[37m 1[0m[39m[40m              [38;5;246m|[39m              
[38;5;81m PA      [38;5;246m|[38;5;81m American kestrel   [38;5;246m‖[39m                [38;5;246m|[37m    [39m      [38;5;246m|[39m         [38;5;246m|[1m[37m 1[0m[39m[40m              [38;5;246m|[39m              
[1m[37mknown_species|          [0m[39m[40m                                                          [37m ![1m     47460 rows[0m[39m[40m 