[38;5;246m[40m<[1;4m[37mSTATE [0m[38;5;246m[40m|[1;4m[37m AIRPORT            [0m[38;5;246m[40m|[1;4m[37m PHASE_OF_FLT [0m[38;5;246m[40m|[1;4;7m[37m HEIGHT#[0m[38;5;246m[40m|[1;4m[37m SPEED [0m[38;5;246m[40m|[1;4m[37m SPECIES            [0m[38;5;246m[40m|[1;4m[37m BIRDS_STRUCK [0m[38;5;246m[40m|[1;4m[37m [0m[38;5;246m[40m>[39m 
[7m[37m FL    | TAMPA INTL         | APPROACH     |[1m   6000 [0;7m[37m[40m|       | Unknown bird       | 1            | …[0m[39m[40m 
[37m FL    | FORT LAUDERDALE/HO…| APPROACH     |[1m   1500 [0m[37m[40m|       | Unknown bird - sma…| 1            | …[39m 
[37m IL    | CHICAGO O'HARE INT…| CLIMB[39m        [37m|[1m  12000 [0m[37m[40m|       | Unknown bird       | 1            | …[39m 
[37m FL    | TAMPA INTL         | APPROACH     |[1m     50 [0m[37m[40m|       | Unknown bird       | 1            | …[39m 
[37m OR    | SOUTHWEST OREGON R…| APPROACH     |[1m    300 [0m[37m[40m|       | Unknown bird       | 1            |[39m [37m…[39m 
[37m ME    | PORTLAND INTL JETP…| CLIMB[39m        [37m|[1m   1000 [0m[37m[40m|       | Unknown bird       | 1            | …[39m 
[37m VA    | ROANOKE REGNL ARPT…| APPROACH     |[1m   3000 [0m[37m[40m|       | Unknown bird       | 1            | …[39m 
[37m FL    | MIAMI INTL         | APPROACH     |[1m    400 [0m[37m[40m|       | Unknown bird       | 1            | …[39m 
[37m NY    | SYRACUSE HANCOCK I…| APPROACH     |[1m    200 [0m[37m[40m|       | Unknown bird       | 1            | …[39m 
      [37m | UNKNOWN            | EN ROUTE     |[1m   8000 [0m[37m[40m|       | Unknown bird[39m       [37m| 1            | …[39m 
[37m PA    | PITTSBURGH INTL AR…| APPROACH     |[1m   6000 [0m[37m[40m|       | Unknown bird[39m       [37m| 1            | …[39m 
[37m MD    | BALTIMORE/WASH INT…| APPROACH[39m     [37m|[1m   1000 [0m[37m[40m|       | Unknown bird[39m       [37m| 1            | …[39m 
[37m NC    | RALEIGH-DURHAM INTL| APPROACH     |[1m   1000 [0m[37m[40m|       | Unknown bird       | 1            | …[39m 
[37m MI    | WILLOW RUN ARPT    | APPROACH     |[1m   3000 [0m[37m[40m|       | Unknown bird - lar…| 1            | …[39m 
[37m AK    | TED STEVENS ANCHOR…| APPROACH     |[1m    100 [0m[37m[40m|       | Unknown bird       | 1            | …[39m 
      [37m | UNKNOWN            | LOCAL        |[1m     80 [0m[37m[40m|       | Unknown bird       | 1            | …[39m 
[1;4m[90m2› faa-wildlife-strikes_selectedref|                                  aggregate-col     22883 rows [0m[39m[40m 
[1;4;7m[38;5;81m key      [0m[38;5;246m[40m║[1;4m[37m desc                                           [0m[38;5;246m[40m║[39m                                        
[1m[38;5;81m min      [0m[37m[40m║ minimum value[39m                                  [37m║[39m                                        
[1m[38;5;81m max      [0m[37m[40m║ minimum value[39m                            [37m      ║[39m                                        
[1m[38;5;81m avg      [0m[37m[40m║ arithmetic mean of values[39m                [37m      ║[39m                                        
[1;7m[38;5;81m mean     [0;7m[37m[40m║ arithmetic mean of values                      ║[0m[39m[40m                                        
[1m[37m+› choices| "mean"[0m[39m[40m                                                [1m[37m /  search-col        14 choices [0m[39m[40m 