[1;4m[38;5;81m[40m STATE [0m[38;5;246m[40m║[1;4m[37m SPECIES            [0m[38;5;246m[40m|[1;4m[37m count♯[0m[38;5;246m[40m|[1;4m[37m state_total♯[0m[38;5;246m[40m|[1;4;7m[37m↓pct_of_state%[0m[38;5;246m[40m║[39m                                  
[7m[37m SK    ║ Gulls              |     1 |           1 |[1m       100.00 [0;7m[37m[40m║[0m[39m[40m                                  
[38;5;81m NS    [38;5;246m║[37m Striped skunk[39m      [38;5;246m|[37m     1 [38;5;246m|[39m           [37m1 [38;5;246m|[1m[37m       100.00 [0m[38;5;246m[40m║[39m                                  
[38;5;81m NL    [38;5;246m║[37m Snow bunting[39m       [38;5;246m|[37m     1 [38;5;246m|[39m           [37m1 [38;5;246m|[1m[37m       100.00 [0m[38;5;246m[40m║[39m                                  
[38;5;81m MB    [38;5;246m║[37m Mallard[39m            [38;5;246m|[37m     1 [38;5;246m|[39m           [37m2 [38;5;246m|[1m[37m        50.00 [0m[38;5;246m[40m║[39m                                  
[38;5;81m MB    [38;5;246m║[37m Cedar waxwing[39m      [38;5;246m|[37m     1 [38;5;246m|[39m           [37m2 [38;5;246m|[1m[37m        50.00 [0m[38;5;246m[40m║[39m                                  
[38;5;81m AB    [38;5;246m║[37m Canada goose[39m       [38;5;246m|[37m     1 [38;5;246m|[39m           [37m2 [38;5;246m|[1m[37m        50.00 [0m[38;5;246m[40m║[39m                                  
[38;5;81m AB    [38;5;246m║[37m Perching birds (y) [38;5;246m|[37m     1 [38;5;246m|[39m           [37m2 [38;5;246m|[1m[37m        50.00 [0m[38;5;246m[40m║[39m                                  
[38;5;81m PI    [38;5;246m║[37m Yellow bittern     [38;5;246m|[37m    72 [38;5;246m|[39m         [37m173 [38;5;246m|[1m[37m        41.62 [0m[38;5;246m[40m║[39m                                  
[38;5;81m CO    [38;5;246m║[37m Horned lark[39m        [38;5;246m|[37m  1117 [38;5;246m|[39m        [37m2914 [38;5;246m|[1m[37m        38.33 [0m[38;5;246m[40m║[39m                                  
[38;5;81m HI    [38;5;246m║[37m Pacific golden-plo…[38;5;246m|[37m   329 [38;5;246m|[39m         [37m873 [38;5;246m|[1m[37m        37.69 [0m[38;5;246m[40m║[39m                                  
[38;5;81m AZ    [38;5;246m║[37m Mourning dove[39m      [38;5;246m|[37m   134 [38;5;246m|[39m         [37m438 [38;5;246m|[1m[37m        30.59 [0m[38;5;246m[40m║[39m                                  
[38;5;81m MS    [38;5;246m║[37m Mourning dove[39m      [38;5;246m|[37m    60 [38;5;246m|[39m         [37m197 [38;5;246m|[1m[37m        30.46 [0m[38;5;246m[40m║[39m                                  
[38;5;81m WV    [38;5;246m║[37m Killdeer[39m           [38;5;246m|[37m    21 [38;5;246m|[39m          [37m78 [38;5;246m|[1m[37m        26.92 [0m[38;5;246m[40m║[39m                                  
[38;5;81m VT    [38;5;246m║[37m American kestrel   [38;5;246m|[37m    29 [38;5;246m|[39m         [37m109 [38;5;246m|[1m[37m        26.61 [0m[38;5;246m[40m║[39m                                  
[38;5;81m IA    [38;5;246m║[37m Killdeer[39m           [38;5;246m|[37m    49 [38;5;246m|[39m         [37m189 [38;5;246m|[1m[37m        25.93 [0m[38;5;246m[40m║[39m                                  
[38;5;81m UT    [38;5;246m║[37m Horned lark[39m        [38;5;246m|[37m   260 [38;5;246m|[39m        [37m1049 [38;5;246m|[1m[37m        24.79 [0m[38;5;246m[40m║[39m                                  
[38;5;81m WY    [38;5;246m║[37m Greater sage-grouse[38;5;246m|[37m    10 [38;5;246m|[39m          [37m41 [38;5;246m|[1m[37m        24.39 [0m[38;5;246m[40m║[39m                                  
[38;5;81m IN    [38;5;246m║[37m Mourning dove[39m      [38;5;246m|[37m   179 [38;5;246m|[39m         [37m773 [38;5;246m|[1m[37m        23.16 [0m[38;5;246m[40m║[39m                                  
[38;5;81m LA    [38;5;246m║[37m Barn swallow[39m       [38;5;246m|[37m   168 [38;5;246m|[39m         [37m737 [38;5;246m|[1m[37m        22.80 [0m[38;5;246m[40m║[39m                                  
[38;5;81m MD    [38;5;246m║[37m European starling  [38;5;246m|[37m    90 [38;5;246m|[39m         [37m405 [38;5;246m|[1m[37m        22.22 [0m[38;5;246m[40m║[39m                                  
[38;5;81m BC    [38;5;246m║[37m Red-tailed hawk    [38;5;246m|[37m     2 [38;5;246m|[39m           [37m9 [38;5;246m|[1m[37m        22.22 [0m[38;5;246m[40m║[39m                                  
[38;5;81m TX    [38;5;246m║[37m Mourning dove[39m      [38;5;246m|[37m   984 [38;5;246m|[39m        [37m4670 [38;5;246m|[1m[37m        21.07 [0m[38;5;246m[40m║[39m                                  
[37mselect by expr:[39m [37mcount[39m [37m>=[39m [37m20[39m                                     [1m[37m z|  select-expr      5135 rows  •0[0m[39m[40m 