[1;4;7m[38;5;81m[40m STATE   [0m[38;5;246m[40m|[1;4m[38;5;81m SPECIES            [0m[38;5;246m[40m‖[1;4m[37m count  #[0m[38;5;246m[40m|[1;4m[37m percent  %[0m[38;5;246m[40m|[1;4m[37m histogram                                    [0m[39m[40m 
[1;7m[38;5;81m CO      [0;7m[37m[40m|[38;5;81m Horned lark        [37m‖    1117 |      2.35 | ********************************************…[0m[39m[40m 
[1m[38;5;81m TX      [0m[37m[40m|[38;5;81m Mourning dove[39m      [37m‖     984 |      2.07 | ********************************************[39m  
[1m[38;5;81m TX      [0m[37m[40m|[38;5;81m Rock pigeon[39m        [37m‖     339 |      0.71 | ***************[39m                               
[1m[38;5;81m HI      [0m[37m[40m|[38;5;81m Pacific golden-plo…[37m‖     329 |      0.69 | **************[39m                                
[1m[38;5;81m FL      [0m[37m[40m|[38;5;81m Barn swallow       [37m‖     316 |      0.67 | **************[39m                                
[1m[38;5;81m CO      [0m[37m[40m|[38;5;81m Western meadowlark[39m [37m‖     307 |      0.65 | *************[39m                                 
[1m[38;5;81m FL      [0m[37m[40m|[38;5;81m Mourning dove      [37m‖     304 |      0.64 | *************[39m                                 
[1m[38;5;81m CO      [0m[37m[40m|[38;5;81m Mourning dove[39m      [37m‖     282 |      0.59 | ************[39m                                  
        [1m[38;5;81m [0m[37m[40m|[38;5;81m Perching birds (y) [37m‖     274 |      0.58 | ************[39m                                  
[1m[38;5;81m IL      [0m[37m[40m|[38;5;81m American kestrel   [37m‖     273 |      0.58 | ************[39m                                  
[1m[38;5;81m IL      [0m[37m[40m|[38;5;81m Killdeer[39m           [37m‖     266 |      0.56 | ***********[39m                                   
[1m[38;5;81m TX      [0m[37m[40m|[38;5;81m Killdeer[39m           [37m‖     260 |      0.55 | ***********[39m                                   
[1m[38;5;81m UT      [0m[37m[40m|[38;5;81m Horned lark[39m        [37m‖     260 |      0.55 | ***********[39m                                   
[1m[38;5;81m CA      [0m[37m[40m|[38;5;81m American kestrel[39m   [37m‖     258 |      0.54 | ***********[39m                                   
[1m[38;5;81m FL      [0m[37m[40m|[38;5;81m Killdeer           [37m‖     236 |      0.50 | **********[39m                                    
[1m[38;5;81m CA      [0m[37m[40m|[38;5;81m Red-tailed hawk[39m    [37m‖     229 |      0.48 | **********[39m                                    
[1m[38;5;81m TX      [0m[37m[40m|[38;5;81m Barn swallow       [37m‖     219 |      0.46 | *********[39m                                     
[1m[38;5;81m CA      [0m[37m[40m|[38;5;81m Cliff swallow      [37m‖     213 |      0.45 | *********[39m                                     
[1m[38;5;81m NY      [0m[37m[40m|[38;5;81m Barn swallow       [37m‖     208 |      0.44 | *********[39m                                     
[1m[38;5;81m CA      [0m[37m[40m|[38;5;81m Barn owl           [37m‖     200 |      0.42 | ********[39m                                      
[1m[38;5;81m NY      [0m[37m[40m|[38;5;81m American kestrel   [37m‖     196 |      0.41 | ********[39m                                      
        [1m[38;5;81m [0m[37m[40m|[38;5;81m Mourning dove      [37m‖     195 |      0.41 | ********[39m                                      
[1m[37mknown_species_STATE-SPECIES_freq|[0m[39m[40m                                      [1m[37m   [0m[39m[40m      [37m gF[1m      5135 bins [0m[39m[40m 