[1;4m[38;5;81m[40m STATE [0m[38;5;246m[40m║[1;4m[37m SPECIES            [0m[38;5;246m[40m|[1;4m[37m count♯[0m[38;5;246m[40m|[1;4m[37m state_total♯[0m[38;5;246m[40m|[1;4;7m[37m↓pct_of_state%[0m[38;5;246m[40m║[39m                                  
[7m[38;5;81m SK    [37m║ Gulls              |     1 |           1 |[1m       100.00 [0;7m[37m[40m║[0m[39m[40m                                  
[38;5;81m NS    [38;5;246m║[37m Striped skunk[39m      [38;5;246m|[37m     1 [38;5;246m|[39m           [37m1 [38;5;246m|[1m[37m       100.00 [0m[38;5;246m[40m║[39m                                  
[38;5;81m NL    [38;5;246m║[37m Snow bunting[39m       [38;5;246m|[37m     1 [38;5;246m|[39m           [37m1 [38;5;246m|[1m[37m       100.00 [0m[38;5;246m[40m║[39m                                  
[38;5;81m MB    [38;5;246m║[37m Mallard[39m            [38;5;246m|[37m     1 [38;5;246m|[39m           [37m2 [38;5;246m|[1m[37m        50.00 [0m[38;5;246m[40m║[39m                                  
[38;5;81m MB    [38;5;246m║[37m Cedar waxwing[39m      [38;5;246m|[37m     1 [38;5;246m|[39m           [37m2 [38;5;246m|[1m[37m        50.00 [0m[38;5;246m[40m║[39m                                  
[38;5;81m AB    [38;5;246m║[37m Canada goose[39m       [38;5;246m|[37m     1 [38;5;246m|[39m           [37m2 [38;5;246m|[1m[37m        50.00 [0m[38;5;246m[40m║[39m                                  
[38;5;81m AB    [38;5;246m║[37m Perching birds (y) [38;5;246m|[37m     1 [38;5;246m|[39m           [37m2 [38;5;246m|[1m[37m        50.00 [0m[38;5;246m[40m║[39m                                  
[38;5;220m•[38;5;215mPI    [38;5;246m║[38;5;215m Yellow bittern     [38;5;246m|[38;5;215m    72 [38;5;246m|[38;5;215m         173 [38;5;246m|[1m[38;5;215m        41.62 [0m[38;5;246m[40m║[39m                                  
[38;5;220m•[38;5;215mCO    [38;5;246m║[38;5;215m Horned lark        [38;5;246m|[38;5;215m  1117 [38;5;246m|[38;5;215m        2914 [38;5;246m|[1m[38;5;215m        38.33 [0m[38;5;246m[40m║[39m                                  
[38;5;220m•[38;5;215mHI    [38;5;246m║[38;5;215m Pacific golden-plo…[38;5;246m|[38;5;215m   329 [38;5;246m|[38;5;215m         873 [38;5;246m|[1m[38;5;215m        37.69 [0m[38;5;246m[40m║[39m                                  
[38;5;220m•[38;5;215mAZ    [38;5;246m║[38;5;215m Mourning dove      [38;5;246m|[38;5;215m   134 [38;5;246m|[38;5;215m         438 [38;5;246m|[1m[38;5;215m        30.59 [0m[38;5;246m[40m║[39m                                  
[38;5;220m•[38;5;215mMS    [38;5;246m║[38;5;215m Mourning dove      [38;5;246m|[38;5;215m    60 [38;5;246m|[38;5;215m         197 [38;5;246m|[1m[38;5;215m        30.46 [0m[38;5;246m[40m║[39m                                  
[38;5;220m•[38;5;215mWV    [38;5;246m║[38;5;215m Killdeer           [38;5;246m|[38;5;215m    21 [38;5;246m|[38;5;215m          78 [38;5;246m|[1m[38;5;215m        26.92 [0m[38;5;246m[40m║[39m                                  
[38;5;220m•[38;5;215mVT    [38;5;246m║[38;5;215m American kestrel   [38;5;246m|[38;5;215m    29 [38;5;246m|[38;5;215m         109 [38;5;246m|[1m[38;5;215m        26.61 [0m[38;5;246m[40m║[39m                                  
[38;5;220m•[38;5;215mIA    [38;5;246m║[38;5;215m Killdeer           [38;5;246m|[38;5;215m    49 [38;5;246m|[38;5;215m         189 [38;5;246m|[1m[38;5;215m        25.93 [0m[38;5;246m[40m║[39m                                  
[38;5;220m•[38;5;215mUT    [38;5;246m║[38;5;215m Horned lark        [38;5;246m|[38;5;215m   260 [38;5;246m|[38;5;215m        1049 [38;5;246m|[1m[38;5;215m        24.79 [0m[38;5;246m[40m║[39m                                  
[38;5;81m WY    [38;5;246m║[37m Greater sage-grouse[38;5;246m|[37m    10 [38;5;246m|[39m          [37m41 [38;5;246m|[1m[37m        24.39 [0m[38;5;246m[40m║[39m                                  
[38;5;220m•[38;5;215mIN    [38;5;246m║[38;5;215m Mourning dove      [38;5;246m|[38;5;215m   179 [38;5;246m|[38;5;215m         773 [38;5;246m|[1m[38;5;215m        23.16 [0m[38;5;246m[40m║[39m                                  
[38;5;220m•[38;5;215mLA    [38;5;246m║[38;5;215m Barn swallow       [38;5;246m|[38;5;215m   168 [38;5;246m|[38;5;215m         737 [38;5;246m|[1m[38;5;215m        22.80 [0m[38;5;246m[40m║[39m                                  
[38;5;220m•[38;5;215mMD    [38;5;246m║[38;5;215m European starling  [38;5;246m|[38;5;215m    90 [38;5;246m|[38;5;215m         405 [38;5;246m|[1m[38;5;215m        22.22 [0m[38;5;246m[40m║[39m                                  
[38;5;81m BC    [38;5;246m║[37m Red-tailed hawk    [38;5;246m|[37m     2 [38;5;246m|[39m           [37m9 [38;5;246m|[1m[37m        22.22 [0m[38;5;246m[40m║[39m                                  
[38;5;220m•[38;5;215mTX    [38;5;246m║[38;5;215m Mourning dove      [38;5;246m|[38;5;215m   984 [38;5;246m|[38;5;215m        4670 [38;5;246m|[1m[38;5;215m        21.07 [0m[38;5;246m[40m║[39m                                  
[1m[37m5› joined| "count >= 20"[0m[39m[40m [1m[37m| selected 498 rows[0m[39m[40m     [1m[37m [0m[39m[40m                 [1m[37m z|  select-expr      5135 rows [0m[39m[40m 