[38;5;246m[40m<[1;4m[37mSTATE   [0m[38;5;246m[40m|[1;4m[37m AIRPORT            [0m[38;5;246m[40m|[1;4m[37m PHASE_OF_FLT   [0m[38;5;246m[40m|[1;4m[37m HEIGHT   [0m[38;5;246m[40m|[1;4m[37m SPEED   [0m[38;5;246m[40m|[1;4;7m[37m SPECIES            [0m[38;5;246m[40m|[1;4m[37m BIRDS_S[0m[38;5;246m[40m>[39m 
[7m[38;5;215m MO      | LAMBERT-ST LOUIS I…| APPROACH       |          |         |[1m Owls               [0;7m[38;5;215m[40m| 1       [0m[39m[40m 
[38;5;215m FL      | OPA-LOCKA EXECUTIV…| APPROACH       |          |         |[1m Hawks[0m[39m[40m              [38;5;215m| 1       [39m 
[38;5;215m CA      | NORMAN Y. MINETA S…|[39m                [38;5;215m|          |         |[1m Gulls[0m[39m[40m              [38;5;215m| 1       [39m 
[38;5;215m TX      | GEORGE BUSH INTERC…| LANDING ROLL   | 0        |         |[1m Sparrows           [0m[38;5;215m[40m| 1       [39m 
[38;5;215m FL      | VERO BEACH MUNICIP…| DEPARTURE      |          |         |[1m Sandhill crane     [0m[38;5;215m[40m| 1       [39m 
[38;5;215m CA      | ONTARIO INTL ARPT  |[39m                [38;5;215m|          |         |[1m Owls[0m[39m[40m               [38;5;215m| 1       [39m 
[38;5;215m TN      | MC GHEE TYSON ARPT | APPROACH       |          |         |[1m Barn swallow       [0m[38;5;215m[40m| 1       [39m 
[38;5;215m SC      | CHARLESTON AFB/INT…| DEPARTURE      |          |         |[1m Gulls[0m[39m[40m              [38;5;215m| 1       [39m 
[38;5;215m CA      | WHITEMAN AIRPORT   | LANDING ROLL   | 0        |         |[1m Rock pigeon        [0m[38;5;215m[40m| 1       [39m 
[38;5;215m WA      | SEATTLE-TACOMA INTL|[39m                [38;5;215m|          |         |[1m Barn owl           [0m[38;5;215m[40m| 1       [39m 
[38;5;215m HI      | KAHULUI ARPT       | LANDING ROLL   | 0        |         |[1m Gulls[0m[39m[40m              [38;5;215m| 1       [39m 
[38;5;215m TX      | CORPUS CHRISTI INT…| TAKE-OFF RUN   | 0        |         |[1m Gulls[0m[39m[40m              [38;5;215m| 1       [39m 
[38;5;215m FL      | TALLAHASSEE REGION…| APPROACH       |          |         |[1m Gulls[0m[39m[40m              [38;5;215m| 2-10    [39m 
[38;5;215m TX      | JACK BROOKS REGION…| APPROACH       |          |         |[1m Owls[0m[39m[40m               [38;5;215m| 1       [39m 
[38;5;215m PA      | CAPITAL CITY ARPT …| LANDING ROLL   | 0        |         |[1m Bank swallow       [0m[38;5;215m[40m| 1       [39m 
[38;5;215m AL      | MOBILE REGIONAL    | APPROACH       | 2000     | 200     |[1m Gulls[0m[39m[40m              [38;5;215m| 1       [39m 
[38;5;215m PA      | HARRISBURG INTL    | DEPARTURE      |          |         |[1m Swallows           [0m[38;5;215m[40m| 1       [39m 
[38;5;215m CT      | BRADLEY INTL       |[39m                [38;5;215m|          |         |[1m Horned lark        [0m[38;5;215m[40m| 2-10    [39m 
[38;5;215m MA      | GENERAL EDWARD LAW…|[39m                [38;5;215m|          |         |[1m Horned lark        [0m[38;5;215m[40m| 1       [39m 
[38;5;215m CA      | SACRAMENTO INTL    | Climb          | 1500     | 210     |[1m Northern pintail   [0m[38;5;215m[40m| 2-10    [39m 
[38;5;215m OH      | RICKENBACKER INTL  |[39m                [38;5;215m|          |         |[1m American robin     [0m[38;5;215m[40m| 1       [39m 
[38;5;215m PA      | HARRISBURG INTL    |[39m                [38;5;215m|          |         |[1m American kestrel   [0m[38;5;215m[40m| 1       [39m 
[1m[37mfaa-wildlife-strikes_selectedref|[0m[39m[40m                                                [1m[37m [0m[37m[40m "[1m     47460 rows[0m[39m[40m 