[1;4m[38;5;81m[40m SPECIES            [0m[38;5;246m[40m‖[1;4m[37m count  #[0m[38;5;246m[40m|[1;4m[37m mean_HEIGHT  %[0m[38;5;246m[40m|[1;4;7m[37m count >= 20   [0m[38;5;246m[40m‖[39m                                     
[7m[38;5;81m Yellow-bellied sap…[37m‖      24 |       3585.42 |[1m True          [0;7m[37m[40m‖[0m[39m[40m                                     
[38;5;81m Swainson's thrush  [38;5;246m‖[37m      56 [38;5;246m|[37m       3454.46 [38;5;246m|[1m[37m True          [0m[38;5;246m[40m‖[39m                                     
[38;5;81m Snow goose         [38;5;246m‖[39m      [37m34 [38;5;246m|[39m       [37m3258.82 [38;5;246m|[1m[37m True          [0m[38;5;246m[40m‖[39m                                     
[38;5;81m Hermit thrush      [38;5;246m‖[39m      [37m49 [38;5;246m|[39m       [37m2770.10 [38;5;246m|[1m[37m True          [0m[38;5;246m[40m‖[39m                                     
[38;5;81m Red-eyed vireo     [38;5;246m‖[39m      [37m39 [38;5;246m|[39m       [37m2768.72 [38;5;246m|[1m[37m True          [0m[38;5;246m[40m‖[39m                                     
[38;5;81m Unknown bird - lar…[38;5;246m‖[37m     693 [38;5;246m|[39m       [37m2691.92 [38;5;246m|[1m[37m True          [0m[38;5;246m[40m‖[39m                                     
[38;5;81m Northern shoveler  [38;5;246m‖[39m      [37m23 [38;5;246m|[39m       [37m2602.17 [38;5;246m|[1m[37m True          [0m[38;5;246m[40m‖[39m                                     
[38;5;81m American robin     [38;5;246m‖[37m     183 [38;5;246m|[39m       [37m2545.00 [38;5;246m|[1m[37m True          [0m[38;5;246m[40m‖[39m                                     
[38;5;81m White-throated spa…[38;5;246m‖[39m      [37m56 [38;5;246m|[39m       [37m2426.79 [38;5;246m|[1m[37m True          [0m[38;5;246m[40m‖[39m                                     
[38;5;81m Greater white-fron…[38;5;246m‖[39m      [37m32 [38;5;246m|[39m       [37m2335.94 [38;5;246m|[1m[37m True          [0m[38;5;246m[40m‖[39m                                     
[38;5;81m Unknown bird - med…[38;5;246m‖[37m    3056 [38;5;246m|[39m       [37m2260.49 [38;5;246m|[1m[37m True          [0m[38;5;246m[40m‖[39m                                     
[38;5;81m Unknown bird       [38;5;246m‖[37m    2098 [38;5;246m|[39m       [37m2253.93 [38;5;246m|[1m[37m True          [0m[38;5;246m[40m‖[39m                                     
[38;5;81m Dark-eyed junco    [38;5;246m‖[39m      [37m39 [38;5;246m|[39m       [37m2031.28 [38;5;246m|[1m[37m True          [0m[38;5;246m[40m‖[39m                                     
[38;5;81m Perching birds (y) [38;5;246m‖[37m     211 [38;5;246m|[39m       [37m2018.73 [38;5;246m|[1m[37m True          [0m[38;5;246m[40m‖[39m                                     
[38;5;81m Northern pintail   [38;5;246m‖[39m      [37m64 [38;5;246m|[39m       [37m1980.19 [38;5;246m|[1m[37m True          [0m[38;5;246m[40m‖[39m                                     
[38;5;81m American coot      [38;5;246m‖[39m      [37m53 [38;5;246m|[39m       [37m1965.66 [38;5;246m|[1m[37m True          [0m[38;5;246m[40m‖[39m                                     
[38;5;81m Unknown bird or bat[38;5;246m‖[39m      [37m43 [38;5;246m|[39m       [37m1892.88 [38;5;246m|[1m[37m True          [0m[38;5;246m[40m‖[39m                                     
[38;5;81m Red bat            [38;5;246m‖[39m      [37m20 [38;5;246m|[39m       [37m1750.00 [38;5;246m|[1m[37m True          [0m[38;5;246m[40m‖[39m                                     
[38;5;81m Geese[39m              [38;5;246m‖[39m      [37m56 [38;5;246m|[39m       [37m1696.88 [38;5;246m|[1m[37m True          [0m[38;5;246m[40m‖[39m                                     
[38;5;81m Gadwall            [38;5;246m‖[39m      [37m25 [38;5;246m|[39m       [37m1675.80 [38;5;246m|[1m[37m True          [0m[38;5;246m[40m‖[39m                                     
[38;5;81m Gray catbird       [38;5;246m‖[39m      [37m37 [38;5;246m|[39m       [37m1573.27 [38;5;246m|[1m[37m True          [0m[38;5;246m[40m‖[39m                                     
[38;5;81m New World Vultures [38;5;246m‖[39m      [37m60 [38;5;246m|[39m       [37m1541.50 [38;5;246m|[1m[37m True          [0m[38;5;246m[40m‖[39m                                     
[1m[37mfaa-wildlife-strikes_True_SPECIES_freq_True|            [0m[39m[40m                         [37m ^J[1m        75 bins[0m[39m[40m 