[38;5;246m[40m<[1;4m[37mSTATE   [0m[38;5;246m[40m|[1;4m[37m AIRPORT            [0m[38;5;246m[40m|[1;4m[37m PHASE_OF_FLT   [0m[38;5;246m[40m|[1;4m[37m HEIGHT  #[0m[38;5;246m[40m|[1;4;7m[37m HEIGHT > 0   [0m[38;5;246m[40m|[1;4m[37m SPEED   [0m[38;5;246m[40m|[1;4m[37m SPECIES      [0m[38;5;246m[40m>[39m 
[7m[37m FL      | TAMPA INTL         | APPROACH       |     6000 |[1m True         [0;7m[37m[40m|         | Unknown bird  [0m[39m[40m 
[37m FL      [38;5;246m|[37m FORT LAUDERDALE/HO…[38;5;246m|[37m APPROACH       [38;5;246m|[37m     1500 [38;5;246m|[1m[37m True         [0m[38;5;246m[40m|[37m         [38;5;246m|[37m Unknown bird …[39m 
[37m IL      [38;5;246m|[37m CHICAGO O'HARE INT…[38;5;246m|[37m CLIMB          [38;5;246m|[37m    12000 [38;5;246m|[1m[37m True         [0m[38;5;246m[40m|[37m  [39m       [38;5;246m|[37m Unknown bird[39m   
[37m FL[39m      [38;5;246m|[37m TAMPA INTL[39m         [38;5;246m|[37m APPROACH[39m       [38;5;246m|[39m       [37m50 [38;5;246m|[1m[37m True         [0m[38;5;246m[40m|[39m         [38;5;246m|[37m Unknown bird[39m   
[37m OR[39m      [38;5;246m|[37m SOUTHWEST OREGON R…[38;5;246m|[37m APPROACH[39m       [38;5;246m|[39m      [37m300 [38;5;246m|[1m[37m True         [0m[38;5;246m[40m|[39m         [38;5;246m|[37m Unknown bird[39m   
[37m ME[39m      [38;5;246m|[37m PORTLAND INTL JETP…[38;5;246m|[37m CLIMB[39m          [38;5;246m|[37m     1000 [38;5;246m|[1m[37m True         [0m[38;5;246m[40m|[39m         [38;5;246m|[37m Unknown bird[39m   
[37m VA[39m      [38;5;246m|[37m ROANOKE REGNL ARPT…[38;5;246m|[37m APPROACH[39m       [38;5;246m|[37m     3000 [38;5;246m|[1m[37m True         [0m[38;5;246m[40m|[39m         [38;5;246m|[37m Unknown bird[39m   
[37m FL[39m      [38;5;246m|[37m MIAMI INTL[39m         [38;5;246m|[37m APPROACH[39m       [38;5;246m|[39m      [37m400 [38;5;246m|[1m[37m True         [0m[38;5;246m[40m|[39m         [38;5;246m|[37m Unknown bird[39m   
[37m NY[39m      [38;5;246m|[37m SYRACUSE HANCOCK I…[38;5;246m|[37m APPROACH[39m       [38;5;246m|[39m      [37m200 [38;5;246m|[1m[37m True         [0m[38;5;246m[40m|[39m         [38;5;246m|[37m Unknown bird[39m   
         [38;5;246m|[37m UNKNOWN[39m            [38;5;246m|[37m EN ROUTE[39m       [38;5;246m|[37m     8000 [38;5;246m|[1m[37m True         [0m[38;5;246m[40m|[39m         [38;5;246m|[37m Unknown bird[39m   
[37m PA[39m      [38;5;246m|[37m PITTSBURGH INTL AR…[38;5;246m|[37m APPROACH[39m       [38;5;246m|[37m     6000 [38;5;246m|[1m[37m True         [0m[38;5;246m[40m|[39m         [38;5;246m|[37m Unknown bird[39m   
[37m MD[39m      [38;5;246m|[37m BALTIMORE/WASH INT…[38;5;246m|[37m APPROACH[39m       [38;5;246m|[37m     1000 [38;5;246m|[1m[37m True         [0m[38;5;246m[40m|[39m         [38;5;246m|[37m Unknown bird[39m   
[37m NC[39m      [38;5;246m|[37m RALEIGH-DURHAM INTL[38;5;246m|[37m APPROACH[39m       [38;5;246m|[37m     1000 [38;5;246m|[1m[37m True         [0m[38;5;246m[40m|[39m         [38;5;246m|[37m Unknown bird[39m   
[37m MI[39m      [38;5;246m|[37m WILLOW RUN ARPT    [38;5;246m|[37m APPROACH[39m       [38;5;246m|[37m     3000 [38;5;246m|[1m[37m True         [0m[38;5;246m[40m|[39m         [38;5;246m|[37m Unknown bird …[39m 
[37m AK[39m      [38;5;246m|[37m TED STEVENS ANCHOR…[38;5;246m|[37m APPROACH[39m       [38;5;246m|[39m      [37m100 [38;5;246m|[1m[37m True         [0m[38;5;246m[40m|[39m         [38;5;246m|[37m Unknown bird[39m   
         [38;5;246m|[37m UNKNOWN[39m            [38;5;246m|[37m LOCAL[39m          [38;5;246m|[39m       [37m80 [38;5;246m|[1m[37m True         [0m[38;5;246m[40m|[39m         [38;5;246m|[37m Unknown bird[39m   
[37m DC[39m      [38;5;246m|[37m RONALD REAGAN WASH…[38;5;246m|[37m APPROACH[39m       [38;5;246m|[39m      [37m100 [38;5;246m|[1m[37m True         [0m[38;5;246m[40m|[39m         [38;5;246m|[37m Unknown bird[39m   
[37m AL[39m      [38;5;246m|[37m BIRMINGHAM-SHUTTLE…[38;5;246m|[37m APPROACH[39m       [38;5;246m|[37m     1100 [38;5;246m|[1m[37m True         [0m[38;5;246m[40m|[39m         [38;5;246m|[37m Unknown bird[39m   
[37m NY[39m      [38;5;246m|[37m LA GUARDIA ARPT    [38;5;246m|[37m CLIMB[39m          [38;5;246m|[39m      [37m400 [38;5;246m|[1m[37m True         [0m[38;5;246m[40m|[39m         [38;5;246m|[37m Unknown bird[39m   
[37m CA[39m      [38;5;246m|[37m JOHN WAYNE-ORANGE …[38;5;246m|[37m APPROACH[39m       [38;5;246m|[37m     1700 [38;5;246m|[1m[37m True         [0m[38;5;246m[40m|[39m         [38;5;246m|[37m Unknown bird …[39m 
[37m FL[39m      [38;5;246m|[37m TAMPA INTL[39m         [38;5;246m|[37m APPROACH[39m       [38;5;246m|[37m     1000 [38;5;246m|[1m[37m True         [0m[38;5;246m[40m|[39m         [38;5;246m|[37m Unknown bird[39m   
[37m NE[39m      [38;5;246m|[37m EPPLEY AIRFIELD    [38;5;246m|[39m                [38;5;246m|[37m     3000 [38;5;246m|[1m[37m True         [0m[38;5;246m[40m|[39m         [38;5;246m|[37m Unknown bird …[39m 
[1m[37mfaa-wildlife-strikes_True|           [0m[39m[40m                                            [37m ^J[1m     22883 rows[0m[39m[40m 