[1;4m[38;5;81m[40m STATE   [0m[38;5;246m[40m‖[1;4m[37m SPECIES            [0m[38;5;246m[40m|[1;4m[37m count  #[0m[38;5;246m[40m|[1;4m[37m state_total#[0m[38;5;246m[40m|[1;4;7m[37m pct_of_state%[0m[38;5;246m[40m‖[39m                              
[7m[38;5;81m CO      [37m‖ Horned lark        |    1117 |        2914 |[1m        38.33 [0;7m[37m[40m‖[0m[39m[40m                              
[38;5;81m CO      [37m‖ Western meadowlark |     307 |        2914 |[39m        [1m[37m10.54 [0m[37m[40m‖[39m                              
[38;5;81m CO      [37m‖ Mourning dove[39m      [37m|     282 |        2914 |[39m  [1m[37m       9.68 [0m[37m[40m‖[39m                              
[38;5;81m CO      [37m‖ Cliff swallow[39m      [37m|     148 |        2914 |[39m   [1m[37m      5.08 [0m[37m[40m‖[39m                              
[38;5;81m CO      [37m‖ Lark bunting[39m       [37m|[39m      [37m91 |        2914 |[39m         [1m[37m3.12 [0m[37m[40m‖[39m                              
[38;5;81m CO      [37m‖ Rock pigeon[39m        [37m|[39m      [37m82 |        2914 |[39m         [1m[37m2.81 [0m[37m[40m‖[39m                              
[38;5;81m CO      [37m‖ American kestrel   |[39m      [37m78 |        2914 |[39m   [1m[37m      2.68 [0m[37m[40m‖[39m                              
[38;5;81m CO      [37m‖ Red-tailed hawk    |[39m      [37m73 |        2914 |[39m         [1m[37m2.51 [0m[37m[40m‖[39m                              
[38;5;81m CO      [37m‖ Black-tailed jackr…|[39m      [37m61 |        2914 |[39m         [1m[37m2.09 [0m[37m[40m‖[39m                              
[38;5;81m CO      [37m‖ Killdeer[39m           [37m|[39m      [37m41 |        2914 |[39m         [1m[37m1.41 [0m[37m[40m‖[39m                              
[38;5;81m CO      [37m‖ Great horned owl   |[39m      [37m31 |        2914 |[39m         [1m[37m1.06 [0m[37m[40m‖[39m                              
[38;5;81m CO      [37m‖ Black-tailed prair…|[39m      [37m31 |        2914 |[39m         [1m[37m1.06 [0m[37m[40m‖[39m                              
[38;5;81m CO      [37m‖ Sparrows[39m           [37m|[39m      [37m30 |        2914 |[39m   [1m[37m      1.03 [0m[37m[40m‖[39m                              
[38;5;81m CO      [37m‖ Western kingbird   |[39m      [37m25 |        2914 |[39m         [1m[37m0.86 [0m[37m[40m‖[39m                              
[38;5;81m CO      [37m‖ Desert cottontail  |[39m      [37m24 |        2914 |[39m         [1m[37m0.82 [0m[37m[40m‖[39m                              
[38;5;81m CO      [37m‖ Perching birds (y) |[39m      [37m20 |        2914 |[39m         [1m[37m0.69 [0m[37m[40m‖[39m                              
[38;5;81m CO      [37m‖ Burrowing owl[39m      [37m|[39m      [37m20 |        2914 |[39m         [1m[37m0.69 [0m[37m[40m‖[39m                              
[38;5;81m CO      [37m‖ Mountain bluebird  |[39m      [37m16 |        2914 |[39m         [1m[37m0.55 [0m[37m[40m‖[39m                              
[38;5;81m CO      [37m‖ Vesper sparrow     |[39m      [37m16 |        2914 |[39m         [1m[37m0.55 [0m[37m[40m‖[39m                              
[38;5;81m CO      [37m‖ Red-winged blackbi…|[39m      [37m15 |        2914 |[39m         [1m[37m0.51 [0m[37m[40m‖[39m                              
[38;5;81m CO      [37m‖ Little brown bat   |[39m      [37m15 |        2914 |[39m         [1m[37m0.51 [0m[37m[40m‖[39m                              
[38;5;81m CO      [37m‖ Barn owl[39m           [37m|[39m      [37m15 |        2914 |[39m         [1m[37m0.51 [0m[37m[40m‖[39m                              
[1m[37mknown_species_STATE-SPECIES_freq+known_species_STATE_freq| [0m[39m[40m                      [37m _[1m      5135 rows [0m[39m[40m 