[30m[48;5;68m  [4mF[0m[30m[48;5;68mile  [4mE[0m[30m[48;5;68mdit  [4mV[0m[30m[48;5;68miew  [4mC[0m[30m[48;5;68molumn  [4mR[0m[30m[48;5;68mow  [4mD[0m[30m[48;5;68mata  [4mP[0m[30m[48;5;68mlot  [4mS[0m[30m[48;5;68mystem  [4mH[0m[30m[48;5;68melp     | VisiData 3.0.2 | Alt+H for help men
[1;4m[38;5;81m[40m STATE [0m[38;5;246m[40m│[1;4m[38;5;81m SPECIES            [0m[38;5;246m[40m║[1;4;7m[37m↓count♯[0m[38;5;246m[40m║[39m                                                              
[7m[37m CO    │ Horned lark        ║[1m  1117 [0;7m[37m[40m║[0m[40m                                                   
[38;5;81m TX    [38;5;246m│[38;5;81m Mourning dove[39m      [38;5;246m║[1m[37m   984 [0m[38;5;246m[40m║[39m                                                   
[38;5;81m TX    [38;5;246m│[38;5;81m Rock pigeon[39m        [38;5;246m║[1m[37m   339 [0m[38;5;246m[40m║[39m                                                   
[38;5;81m HI    [38;5;246m│[38;5;81m Pacific golden-plo…[38;5;246m║[1m[37m   329 [0m[38;5;246m[40m║[39m                                                   
[38;5;81m FL    [38;5;246m│[38;5;81m Barn swallow       [38;5;246m║[1m[37m   316 [0m[38;5;246m[40m║[39m                                                   
[38;5;81m CO    [38;5;246m│[38;5;81m Western meadowlark [38;5;246m║[1m[37m   307 [0m[38;5;246m[40m║[39m                                                   
[38;5;81m FL    [38;5;246m│[38;5;81m Mourning dove      [38;5;246m║[1m[37m   304 [0m[38;5;246m[40m║[39m                                                   
[38;5;81m CO    [38;5;246m│[38;5;81m Mourning dove[39m      [38;5;246m║[1m[37m   282 [0m[38;5;246m[40m║[39m                                                   
      [38;5;81m [38;5;246m│[38;5;81m Perching birds (y) [38;5;246m║[1m[37m   274 [0m[38;5;246m[40m║[39m                                                   
[38;5;81m IL    [38;5;246m│[38;5;81m American kestrel   [38;5;246m║[1m[37m   273 [0m[38;5;246m[40m║[39m                                                   
[38;5;81m IL    [38;5;246m│[38;5;81m Killdeer[39m           [38;5;246m║[1m[37m   266 [0m[38;5;246m[40m║[39m                                                   
[38;5;81m TX    [38;5;246m│[38;5;81m Killdeer[39m           [38;5;246m║[1m[37m   260 [0m[38;5;246m[40m║[39m                                                   
[38;5;81m UT    [38;5;246m│[38;5;81m Horned lark[39m        [38;5;246m║[1m[37m   260 [0m[38;5;246m[40m║[39m                                                   
[38;5;81m CA    [38;5;246m│[38;5;81m American kestrel[39m   [38;5;246m║[1m[37m   258 [0m[38;5;246m[40m║[39m                                                   
[38;5;81m FL    [38;5;246m│[38;5;81m Killdeer           [38;5;246m║[1m[37m   236 [0m[38;5;246m[40m║[39m                                                   
[38;5;81m CA    [38;5;246m│[38;5;81m Red-tailed hawk[39m    [38;5;246m║[1m[37m   229 [0m[38;5;246m[40m║[39m                                                   
[38;5;81m TX    [38;5;246m│[38;5;81m Barn swallow       [38;5;246m║[1m[37m   219 [0m[38;5;246m[40m║[39m                                                   
[38;5;81m CA    [38;5;246m│[38;5;81m Cliff swallow      [38;5;246m║[1m[37m   213 [0m[38;5;246m[40m║[39m                                                   
[38;5;81m NY    [38;5;246m│[38;5;81m Barn swallow       [38;5;246m║[1m[37m   208 [0m[38;5;246m[40m║[39m                                                   
[38;5;81m CA    [38;5;246m│[38;5;81m Barn owl           [38;5;246m║[1m[37m   200 [0m[38;5;246m[40m║[39m                                                   
[38;5;81m NY    [38;5;246m│[38;5;81m American kestrel   [38;5;246m║[1m[37m   196 [0m[38;5;246m[40m║[39m                                                   
[4m[30m[48;5;68m4› known_species_STATE-SPECIES_freq[0m[30m[48;5;68m|[39m                     [30m             [1m[37m[48;5;237m-[0m[30m[48;5;68m   [1m[38;5;52m[48;5;114mhide-col[0m[30m[48;5;68m       5135 bins 