[1;4;7m[38;5;81m[40m STATE [0m[38;5;246m[40m║[1;4m[37m SPECIES            [0m[38;5;246m[40m|[1;4m[37m count♯[0m[38;5;246m[40m|[1;4m[37m state_total♯[0m[38;5;246m[40m║[39m                                                 
[1;7m[38;5;81m CO    [0;7m[37m[40m║ Horned lark        |  1117 |        2914 ║[0m[39m[40m                                                 
[1m[38;5;81m CO    [0m[37m[40m║ Western meadowlark |   307 |[39m        [37m2914 ║[39m                                                 
[1m[38;5;81m CO    [0m[37m[40m║ Mourning dove[39m      [37m|   282 |[39m        [37m2914 ║[39m                                                 
[1m[38;5;81m CO    [0m[37m[40m║ Cliff swallow[39m      [37m|   148 |[39m        [37m2914 ║[39m                                                 
[1m[38;5;81m CO    [0m[37m[40m║ Lark bunting[39m       [37m|    91 |[39m        [37m2914 ║[39m                                                 
[1m[38;5;81m CO    [0m[37m[40m║ Rock pigeon[39m        [37m|    82 |[39m        [37m2914 ║[39m                                                 
[1m[38;5;81m CO    [0m[37m[40m║ American kestrel   |    78 |[39m        [37m2914 ║[39m                                                 
[1m[38;5;81m CO    [0m[37m[40m║ Red-tailed hawk    |    73 |[39m        [37m2914 ║[39m                                                 
[1m[38;5;81m CO    [0m[37m[40m║ Black-tailed jackr…|    61 |[39m        [37m2914 ║[39m                                                 
[1m[38;5;81m CO    [0m[37m[40m║ Killdeer[39m           [37m|    41 |[39m        [37m2914 ║[39m                                                 
[1m[38;5;81m CO    [0m[37m[40m║ Great horned owl   |    31 |[39m        [37m2914 ║[39m                                                 
[1m[38;5;81m CO    [0m[37m[40m║ Black-tailed prair…|    31 |[39m        [37m2914 ║[39m                                                 
[1m[38;5;81m CO    [0m[37m[40m║ Sparrows[39m           [37m|    30 |[39m        [37m2914 ║[39m                                                 
[1m[38;5;81m CO    [0m[37m[40m║ Western kingbird   |    25 |[39m        [37m2914 ║[39m                                                 
[1m[38;5;81m CO    [0m[37m[40m║ Desert cottontail  |    24 |[39m        [37m2914 ║[39m                                                 
[1m[38;5;81m CO    [0m[37m[40m║ Perching birds (y) |    20 |[39m        [37m2914 ║[39m                                                 
[1m[38;5;81m CO    [0m[37m[40m║ Burrowing owl[39m      [37m|    20 |[39m        [37m2914 ║[39m                                                 
[1m[38;5;81m CO    [0m[37m[40m║ Mountain bluebird  |    16 |[39m        [37m2914 ║[39m                                                 
[1m[38;5;81m CO    [0m[37m[40m║ Vesper sparrow     |    16 |[39m        [37m2914 ║[39m                                                 
[1m[38;5;81m CO    [0m[37m[40m║ Red-winged blackbi…|    15 |[39m        [37m2914 ║[39m                                                 
[1m[38;5;81m CO    [0m[37m[40m║ Little brown bat   |    15 |[39m        [37m2914 ║[39m                                                 
[1m[38;5;81m CO    [0m[37m[40m║ Barn owl[39m           [37m|    15 |[39m        [37m2914 ║[39m                                                 
[1m[37m5› known_species_STATE-SPECIES_freq+known_species_STATE_freq| ['inner']        ^J        5135 rows [0m[39m[40m 