[30m[48;5;68m  [4mF[0m[30m[48;5;68mile  [4mE[0m[30m[48;5;68mdit  [4mV[0m[30m[48;5;68miew  [4mC[0m[30m[48;5;68molumn  [4mR[0m[30m[48;5;68mow  [4mD[0m[30m[48;5;68mata  [4mP[0m[30m[48;5;68mlot  [4mS[0m[30m[48;5;68mystem  [4mH[0m[30m[48;5;68melp     | VisiData 3.0.2 | Alt+H for help men
[1;4m[38;5;81m[40m STATE [0m[38;5;246m[40m║[1;4;7m[37m SPECIES            [0m[38;5;246m[40m│[1;4m[37m↓count♯[0m[38;5;246m[40m║[39m                                                              
[7m[37m CO    ║[1m Horned lark        [0;7m[37m[40m│  1117 ║[0m[40m                                                   
[38;5;81m TX    [38;5;246m║[1m[37m Mourning dove      [0m[38;5;246m[40m│[37m   984 [38;5;246m║[39m                                                   
[38;5;81m TX    [38;5;246m║[1m[37m Rock pigeon        [0m[38;5;246m[40m│[37m   339 [38;5;246m║[39m                                                   
[38;5;81m HI    [38;5;246m║[1m[37m Pacific golden-plo…[0m[38;5;246m[40m│[37m   329 [38;5;246m║[39m                                                   
[38;5;81m FL    [38;5;246m║[1m[37m Barn swallow       [0m[38;5;246m[40m│[37m   316 [38;5;246m║[39m                                                   
[38;5;81m CO    [38;5;246m║[1m[37m Western meadowlark [0m[38;5;246m[40m│[37m   307 [38;5;246m║[39m                                                   
[38;5;81m FL    [38;5;246m║[1m[37m Mourning dove      [0m[38;5;246m[40m│[37m   304 [38;5;246m║[39m                                                   
[38;5;81m CO    [38;5;246m║[1m[37m Mourning dove      [0m[38;5;246m[40m│[37m   282 [38;5;246m║[39m                                                   
      [38;5;81m [38;5;246m║[1m[37m Perching birds (y) [0m[38;5;246m[40m│[37m   274 [38;5;246m║[39m                                                   
[38;5;81m IL    [38;5;246m║[1m[37m American kestrel   [0m[38;5;246m[40m│[37m   273 [38;5;246m║[39m                                                   
[38;5;81m IL    [38;5;246m║[1m[37m Killdeer           [0m[38;5;246m[40m│[37m   266 [38;5;246m║[39m                                                   
[38;5;81m TX    [38;5;246m║[1m[37m Killdeer           [0m[38;5;246m[40m│[37m   260 [38;5;246m║[39m                                                   
[38;5;81m UT    [38;5;246m║[1m[37m Horned lark        [0m[38;5;246m[40m│[37m   260 [38;5;246m║[39m                                                   
[38;5;81m CA    [38;5;246m║[1m[37m American kestrel   [0m[38;5;246m[40m│[37m   258 [38;5;246m║[39m                                                   
[38;5;81m FL    [38;5;246m║[1m[37m Killdeer           [0m[38;5;246m[40m│[37m   236 [38;5;246m║[39m                                                   
[38;5;81m CA    [38;5;246m║[1m[37m Red-tailed hawk    [0m[38;5;246m[40m│[37m   229 [38;5;246m║[39m                                                   
[38;5;81m TX    [38;5;246m║[1m[37m Barn swallow       [0m[38;5;246m[40m│[37m   219 [38;5;246m║[39m                                                   
[38;5;81m CA    [38;5;246m║[1m[37m Cliff swallow      [0m[38;5;246m[40m│[37m   213 [38;5;246m║[39m                                                   
[38;5;81m NY    [38;5;246m║[1m[37m Barn swallow       [0m[38;5;246m[40m│[37m   208 [38;5;246m║[39m                                                   
[38;5;81m CA    [38;5;246m║[1m[37m Barn owl           [0m[38;5;246m[40m│[37m   200 [38;5;246m║[39m                                                   
[38;5;81m NY    [38;5;246m║[1m[37m American kestrel   [0m[38;5;246m[40m│[37m   196 [38;5;246m║[39m                                                   
[4m[30m[48;5;68m4› known_species_STATE-SPECIES_freq[0m[30m[48;5;68m|[39m                     [30m              [1m[37m[48;5;237m![0m[30m[48;5;68m   [1m[38;5;52m[48;5;114mkey-col[0m[30m[48;5;68m       5135 bins 