[38;5;246m[40m<[1;4m[37mSTATE [0m[38;5;246m[40m|[1;4m[37m AIRPORT            [0m[38;5;246m[40m|[1;4m[37m PHASE_OF_FLT [0m[38;5;246m[40m|[1;4m[37m HEIGHT [0m[38;5;246m[40m|[1;4m[37m SPEED [0m[38;5;246m[40m|[1;4;7m[37m SPECIES            [0m[38;5;246m[40m|[1;4m[37m BIRDS_STRUCK [0m[38;5;246m[40m|[1;4m[37m [0m[38;5;246m[40m>[39m 
[38;5;220m•[7m[38;5;215mFL    | VERO BEACH MUNICIP…| APPROACH     |        |       |[1m Unknown bird       [0;7m[38;5;215m[40m| 1            | …[0m[39m[40m 
[38;5;220m•[38;5;215mAK    [38;5;246m|[38;5;215m KENAI MUNICIPAL AR…[38;5;246m|[38;5;215m APPROACH     [38;5;246m|[38;5;215m        [38;5;246m|[38;5;215m       [38;5;246m|[1m[38;5;215m Unknown bird       [0m[38;5;246m[40m|[38;5;215m 1            [38;5;246m|[38;5;215m …[39m 
[38;5;220m•[38;5;215mTX    [38;5;246m|[38;5;215m DAVID WAYNE HOOKS …[38;5;246m|[39m              [38;5;246m|[38;5;215m        [38;5;246m|[38;5;215m       [38;5;246m|[1m[38;5;215m Unknown bird       [0m[38;5;246m[40m|[38;5;215m 1            [38;5;246m|[38;5;215m …[39m 
[38;5;220m•[38;5;215mMO    [38;5;246m|[38;5;215m LAMBERT-ST LOUIS I…[38;5;246m|[38;5;215m APPROACH     [38;5;246m|[38;5;215m        [38;5;246m|[38;5;215m       [38;5;246m|[1m[38;5;215m Unknown bird       [0m[38;5;246m[40m|[38;5;215m 1            [38;5;246m|[38;5;215m …[39m 
[38;5;220m•[38;5;215mFL    [38;5;246m|[38;5;215m POMPANO BEACH AIRP…[38;5;246m|[38;5;215m LANDING ROLL [38;5;246m|[38;5;215m 0      [38;5;246m|[38;5;215m       [38;5;246m|[1m[38;5;215m Unknown bird       [0m[38;5;246m[40m|[38;5;215m 1            [38;5;246m|[38;5;215m  [39m 
[38;5;220m•[38;5;215mVI    [38;5;246m|[38;5;215m HENRY E ROHLSEN AR…[38;5;246m|[39m              [38;5;246m|[38;5;215m        [38;5;246m|[38;5;215m       [38;5;246m|[1m[38;5;215m Unknown bird       [0m[38;5;246m[40m|[38;5;215m 1            [38;5;246m|[38;5;215m …[39m 
[38;5;220m•[38;5;215mTX    [38;5;246m|[38;5;215m SAN ANTONIO INTL   [38;5;246m|[38;5;215m APPROACH     [38;5;246m|[38;5;215m        [38;5;246m|[38;5;215m       [38;5;246m|[1m[38;5;215m Unknown bird       [0m[38;5;246m[40m|[38;5;215m 1            [38;5;246m|[38;5;215m …[39m 
[38;5;220m•[38;5;215mTX    [38;5;246m|[38;5;215m LONE STAR EXECUTIV…[38;5;246m|[38;5;215m DEPARTURE    [38;5;246m|[38;5;215m        [38;5;246m|[38;5;215m       [38;5;246m|[1m[38;5;215m Unknown bird       [0m[38;5;246m[40m|[38;5;215m 1            [38;5;246m|[38;5;215m …[39m 
[38;5;220m•[38;5;215mFL    [38;5;246m|[38;5;215m TAMPA INTL         [38;5;246m|[38;5;215m APPROACH     [38;5;246m|[38;5;215m 6000   [38;5;246m|[38;5;215m       [38;5;246m|[1m[38;5;215m Unknown bird       [0m[38;5;246m[40m|[38;5;215m 1            [38;5;246m|[38;5;215m …[39m 
[37m MO    [38;5;246m|[37m LAMBERT-ST LOUIS I…[38;5;246m|[37m APPROACH     [38;5;246m|[37m        [38;5;246m|[37m       [38;5;246m|[1m[37m Owls[0m[39m[40m               [38;5;246m|[37m 1            [38;5;246m|[37m …[39m 
[37m FL    [38;5;246m|[37m OPA-LOCKA EXECUTIV…[38;5;246m|[37m APPROACH     [38;5;246m|[37m        [38;5;246m|[37m       [38;5;246m|[1m[37m Hawks[0m[39m[40m              [38;5;246m|[37m 1            [38;5;246m|[37m …[39m 
[37m CA    [38;5;246m|[37m NORMAN Y. MINETA S…[38;5;246m|[39m      [37m        [38;5;246m|[37m        [38;5;246m|[37m       [38;5;246m|[1m[37m Gulls[0m[39m[40m              [38;5;246m|[37m 1 [39m           [38;5;246m|[37m …[39m 
[38;5;220m•[38;5;215mFL    [38;5;246m|[38;5;215m FORT LAUDERDALE/HO…[38;5;246m|[38;5;215m APPROACH     [38;5;246m|[38;5;215m 1500   [38;5;246m|[38;5;215m       [38;5;246m|[1m[38;5;215m Unknown bird - sma…[0m[38;5;246m[40m|[38;5;215m 1            [38;5;246m|[38;5;215m …[39m 
[38;5;220m•[38;5;215mAR    [38;5;246m|[38;5;215m FORT SMITH REGIONA…[38;5;246m|[38;5;215m CLIMB        [38;5;246m|[38;5;215m        [38;5;246m|[38;5;215m       [38;5;246m|[1m[38;5;215m Unknown bird - sma…[0m[38;5;246m[40m|[38;5;215m 1            [38;5;246m|[38;5;215m …[39m 
[38;5;220m•[38;5;215mAR    [38;5;246m|[38;5;215m BILL AND  HILLARY …[38;5;246m|[38;5;215m LANDING ROLL [38;5;246m|[38;5;215m 0      [38;5;246m|[38;5;215m       [38;5;246m|[1m[38;5;215m Unknown bird - sma…[0m[38;5;246m[40m|[38;5;215m 1            [38;5;246m|[38;5;215m …[39m 
[38;5;220m•[38;5;215m      [38;5;246m|[38;5;215m UNKNOWN            [38;5;246m|[38;5;215m En Route     [38;5;246m|[38;5;215m        [38;5;246m|[38;5;215m       [38;5;246m|[1m[38;5;215m Unknown bird       [0m[38;5;246m[40m|[38;5;215m 1            [38;5;246m|[38;5;215m …[39m 
[38;5;220m•[38;5;215mCA    [38;5;246m|[38;5;215m METRO OAKLAND INTL [38;5;246m|[39m              [38;5;246m|[38;5;215m        [38;5;246m|[38;5;215m       [38;5;246m|[1m[38;5;215m Unknown bird       [0m[38;5;246m[40m|[38;5;215m 1            [38;5;246m|[38;5;215m …[39m 
[38;5;220m•[38;5;215mUT    [38;5;246m|[38;5;215m SALT LAKE CITY INTL[38;5;246m|[39m              [38;5;246m|[38;5;215m        [38;5;246m|[38;5;215m       [38;5;246m|[1m[38;5;215m Unknown bird       [0m[38;5;246m[40m|[38;5;215m 1            [38;5;246m|[38;5;215m …[39m 
[38;5;220m•[38;5;215mTX    [38;5;246m|[38;5;215m GEORGE BUSH INTERC…[38;5;246m|[38;5;215m CLIMB        [38;5;246m|[38;5;215m        [38;5;246m|[38;5;215m       [38;5;246m|[1m[38;5;215m Unknown bird       [0m[38;5;246m[40m|[38;5;215m 1            [38;5;246m|[38;5;215m …[39m 
[38;5;220m•[38;5;215mFL    [38;5;246m|[38;5;215m ORLANDO SANFORD IN…[38;5;246m|[38;5;215m APPROACH     [38;5;246m|[38;5;215m        [38;5;246m|[38;5;215m       [38;5;246m|[1m[38;5;215m Unknown bird       [0m[38;5;246m[40m|[38;5;215m 1            [38;5;246m|[38;5;215m …[39m 
[38;5;220m•[38;5;215mIL    [38;5;246m|[38;5;215m CHICAGO O'HARE INT…[38;5;246m|[38;5;215m CLIMB        [38;5;246m|[38;5;215m 12000  [38;5;246m|[38;5;215m       [38;5;246m|[1m[38;5;215m Unknown bird       [0m[38;5;246m[40m|[38;5;215m 1            [38;5;246m|[38;5;215m …[39m 
[38;5;220m•[38;5;215mAL    [38;5;246m|[38;5;215m BIRMINGHAM-SHUTTLE…[38;5;246m|[38;5;215m LANDING ROLL [38;5;246m|[38;5;215m 0      [38;5;246m|[38;5;215m       [38;5;246m|[1m[38;5;215m Unknown bird - sma…[0m[38;5;246m[40m|[38;5;215m 1            [38;5;246m|[38;5;215m …[39m 
[1m[37m1› faa-wildlife-strikes| "unknown"[0m[39m[40m [1m[37m| search wrapped | 25988 mat |  select-col-regex     73448 rows [0m[39m[40m 