[30m[48;5;110m  [4mF[0m[30m[48;5;110mile  [4mE[0m[30m[48;5;110mdit  [4mV[0m[30m[48;5;110miew  [4mC[0m[30m[48;5;110molumn  [4mR[0m[30m[48;5;110mow  [4mD[0m[30m[48;5;110mata  [4mP[0m[30m[48;5;110mlot  [4mS[0m[30m[48;5;110mystem  [4mH[0m[30m[48;5;110melp[39m               [30mCtrl+H for help menu       [39m[49m 
[38;5;246m[40m<[1;4m[37mSTATE [0m[38;5;246m[40m|[1;4m[37m AIRPORT            [0m[38;5;246m[40m|[1;4m[37m PHASE_OF_FLT [0m[38;5;246m[40m|[1;4;7m[37m HEIGHT#[0m[38;5;246m[40m|[1;4m[37m SPEED [0m[38;5;246m[40m|[1;4m[37m SPECIES            [0m[38;5;246m[40m|[1;4m[37m BIRDS_STRUCK [0m[38;5;246m[40m|[1;4m[37m [0m[38;5;246m[40m>[39m 
[7m[37m FL    | TAMPA INTL         | APPROACH     |[1m   6000 [0;7m[37m[40m|       | Unknown bird       | 1            | …[0m[39m[40m 
[37m FL    [38;5;246m|[37m FORT LAUDERDALE/HO…[38;5;246m|[37m APPROACH     [38;5;246m|[1m[37m   1500 [0m[38;5;246m[40m|[37m       [38;5;246m|[37m Unknown bird - sma…[38;5;246m|[37m 1            [38;5;246m|[37m …[39m 
[37m IL    [38;5;246m|[37m CHICAGO O'HARE INT…[38;5;246m|[37m CLIMB[39m        [38;5;246m|[1m[37m  12000 [0m[38;5;246m[40m|[37m       [38;5;246m|[37m Unknown bird       [38;5;246m|[37m 1            [38;5;246m|[37m …[39m 
[37m FL    [38;5;246m|[37m TAMPA INTL         [38;5;246m|[37m APPROACH     [38;5;246m|[1m[37m     50 [0m[38;5;246m[40m|[37m       [38;5;246m|[37m Unknown bird       [38;5;246m|[37m 1            [38;5;246m|[37m …[39m 
[37m OR    [38;5;246m|[37m SOUTHWEST OREGON R…[38;5;246m|[37m APPROACH     [38;5;246m|[1m[37m    300 [0m[38;5;246m[40m|[37m       [38;5;246m|[37m Unknown bird       [38;5;246m|[37m 1            [38;5;246m|[39m [37m…[39m 
[37m ME    [38;5;246m|[37m PORTLAND INTL JETP…[38;5;246m|[37m CLIMB[39m        [38;5;246m|[1m[37m   1000 [0m[38;5;246m[40m|[37m       [38;5;246m|[37m Unknown bird       [38;5;246m|[37m 1            [38;5;246m|[37m …[39m 
[37m VA    [38;5;246m|[37m ROANOKE REGNL ARPT…[38;5;246m|[37m APPROACH     [38;5;246m|[1m[37m   3000 [0m[38;5;246m[40m|[37m       [38;5;246m|[37m Unknown bird       [38;5;246m|[37m 1            [38;5;246m|[37m …[39m 
[37m FL    [38;5;246m|[37m MIAMI INTL         [38;5;246m|[37m APPROACH     [38;5;246m|[1m[37m    400 [0m[38;5;246m[40m|[37m       [38;5;246m|[37m Unknown bird       [38;5;246m|[37m 1            [38;5;246m|[37m …[39m 
[37m NY    [38;5;246m|[37m SYRACUSE HANCOCK I…[38;5;246m|[37m APPROACH     [38;5;246m|[1m[37m    200 [0m[38;5;246m[40m|[37m       [38;5;246m|[37m Unknown bird       [38;5;246m|[37m 1            [38;5;246m|[37m …[39m 
      [37m [38;5;246m|[37m UNKNOWN            [38;5;246m|[37m EN ROUTE     [38;5;246m|[1m[37m   8000 [0m[38;5;246m[40m|[37m       [38;5;246m|[37m Unknown bird[39m       [38;5;246m|[37m 1            [38;5;246m|[37m …[39m 
[37m PA    [38;5;246m|[37m PITTSBURGH INTL AR…[38;5;246m|[37m APPROACH     [38;5;246m|[1m[37m   6000 [0m[38;5;246m[40m|[37m       [38;5;246m|[37m Unknown bird[39m       [38;5;246m|[37m 1            [38;5;246m|[37m …[39m 
[37m MD    [38;5;246m|[37m BALTIMORE/WASH INT…[38;5;246m|[37m APPROACH[39m     [38;5;246m|[1m[37m   1000 [0m[38;5;246m[40m|[37m       [38;5;246m|[37m Unknown bird[39m       [38;5;246m|[37m 1            [38;5;246m|[37m …[39m 
[37m NC    [38;5;246m|[37m RALEIGH-DURHAM INTL[38;5;246m|[37m APPROACH     [38;5;246m|[1m[37m   1000 [0m[38;5;246m[40m|[37m       [38;5;246m|[37m Unknown bird       [38;5;246m|[37m 1            [38;5;246m|[37m …[39m 
[37m MI    [38;5;246m|[37m WILLOW RUN ARPT    [38;5;246m|[37m APPROACH     [38;5;246m|[1m[37m   3000 [0m[38;5;246m[40m|[37m       [38;5;246m|[37m Unknown bird - lar…[38;5;246m|[37m 1            [38;5;246m|[37m …[39m 
[37m AK    [38;5;246m|[37m TED STEVENS ANCHOR…[38;5;246m|[37m APPROACH     [38;5;246m|[1m[37m    100 [0m[38;5;246m[40m|[37m       [38;5;246m|[37m Unknown bird       [38;5;246m|[37m 1            [38;5;246m|[37m …[39m 
      [37m [38;5;246m|[37m UNKNOWN            [38;5;246m|[37m LOCAL        [38;5;246m|[1m[37m     80 [0m[38;5;246m[40m|[37m       [38;5;246m|[37m Unknown bird       [38;5;246m|[37m 1            [38;5;246m|[37m …[39m 
[37m DC    [38;5;246m|[37m RONALD REAGAN WASH…[38;5;246m|[37m APPROACH[39m     [38;5;246m|[1m[37m    100 [0m[38;5;246m[40m|[37m       [38;5;246m|[37m Unknown bird       [38;5;246m|[37m 1            [38;5;246m|[37m …[39m 
[37m AL    [38;5;246m|[37m BIRMINGHAM-SHUTTLE…[38;5;246m|[37m APPROACH[39m     [38;5;246m|[1m[37m   1100 [0m[38;5;246m[40m|[37m       [38;5;246m|[37m Unknown bird       [38;5;246m|[37m 1            [38;5;246m|[37m …[39m 
[37m NY    [38;5;246m|[37m LA GUARDIA ARPT    [38;5;246m|[37m CLIMB        [38;5;246m|[1m[37m    400 [0m[38;5;246m[40m|[37m       [38;5;246m|[37m Unknown bird       [38;5;246m|[37m 1            [38;5;246m|[37m …[39m 
[37m CA    [38;5;246m|[37m JOHN WAYNE-ORANGE …[38;5;246m|[37m APPROACH     [38;5;246m|[1m[37m   1700 [0m[38;5;246m[40m|[37m       [38;5;246m|[37m Unknown bird - med…[38;5;246m|[37m 1            [38;5;246m|[37m …[39m 
[37m FL    [38;5;246m|[37m TAMPA INTL         [38;5;246m|[37m APPROACH     [38;5;246m|[1m[37m   1000 [0m[38;5;246m[40m|[37m       [38;5;246m|[37m Unknown bird       [38;5;246m|[37m 1            [38;5;246m|[37m …[39m 
[1m[30m[48;5;110m2› faa-wildlife-strikes_selectedref|[0m[39m[48;5;110m                                        [1m[38;5;233m "[30m       22883 rows  •0[0m[39m[40m 