[1;4m[38;5;81m[40m STATE   [0m[38;5;246m[40m‖[1;4m[37m SPECIES            [0m[38;5;246m[40m|[1;4m[37m count  #[0m[38;5;246m[40m|[1;4m[37m state_total#[0m[38;5;246m[40m|[1;4m[37m pct_of_state%[0m[38;5;246m[40m|[1;4;7m[37m count >= 20   [0m[38;5;246m[40m‖[39m              
[7m[38;5;81m PI      [37m‖ Yellow bittern     |      72 |         173 |        41.62 |[1m True          [0;7m[37m[40m‖[0m[39m[40m              
[38;5;81m CO      [38;5;246m‖[37m Horned lark        [38;5;246m|[37m    1117 [38;5;246m|[37m        2914 [38;5;246m|[37m        38.33 [38;5;246m|[1m[37m True          [0m[38;5;246m[40m‖[39m              
[38;5;81m HI      [38;5;246m‖[37m Pacific golden-plo…[38;5;246m|[37m     329 [38;5;246m|[39m         [37m873 [38;5;246m|[39m        [37m37.69 [38;5;246m|[1m[37m True          [0m[38;5;246m[40m‖[39m              
[38;5;81m AZ      [38;5;246m‖[37m Mourning dove[39m      [38;5;246m|[37m     134 [38;5;246m|[39m         [37m438 [38;5;246m|[39m        [37m30.59 [38;5;246m|[1m[37m True          [0m[38;5;246m[40m‖[39m              
[38;5;81m MS      [38;5;246m‖[37m Mourning dove[39m      [38;5;246m|[39m      [37m60 [38;5;246m|[39m         [37m197 [38;5;246m|[39m        [37m30.46 [38;5;246m|[1m[37m True          [0m[38;5;246m[40m‖[39m              
[38;5;81m WV      [38;5;246m‖[37m Killdeer[39m           [38;5;246m|[39m      [37m21 [38;5;246m|[39m          [37m78 [38;5;246m|[39m        [37m26.92 [38;5;246m|[1m[37m True          [0m[38;5;246m[40m‖[39m              
[38;5;81m VT      [38;5;246m‖[37m American kestrel   [38;5;246m|[39m      [37m29 [38;5;246m|[39m         [37m109 [38;5;246m|[39m        [37m26.61 [38;5;246m|[1m[37m True          [0m[38;5;246m[40m‖[39m              
[38;5;81m IA      [38;5;246m‖[37m Killdeer[39m           [38;5;246m|[39m      [37m49 [38;5;246m|[39m         [37m189 [38;5;246m|[39m        [37m25.93 [38;5;246m|[1m[37m True          [0m[38;5;246m[40m‖[39m              
[38;5;81m UT      [38;5;246m‖[37m Horned lark[39m        [38;5;246m|[37m     260 [38;5;246m|[39m        [37m1049 [38;5;246m|[39m        [37m24.79 [38;5;246m|[1m[37m True          [0m[38;5;246m[40m‖[39m              
[38;5;81m IN      [38;5;246m‖[37m Mourning dove[39m      [38;5;246m|[37m     179 [38;5;246m|[39m         [37m773 [38;5;246m|[39m        [37m23.16 [38;5;246m|[1m[37m True          [0m[38;5;246m[40m‖[39m              
[38;5;81m LA      [38;5;246m‖[37m Barn swallow[39m       [38;5;246m|[37m     168 [38;5;246m|[39m         [37m737 [38;5;246m|[39m        [37m22.80 [38;5;246m|[1m[37m True          [0m[38;5;246m[40m‖[39m              
[38;5;81m MD      [38;5;246m‖[37m European starling  [38;5;246m|[39m      [37m90 [38;5;246m|[39m         [37m405 [38;5;246m|[39m        [37m22.22 [38;5;246m|[1m[37m True          [0m[38;5;246m[40m‖[39m              
[38;5;81m TX      [38;5;246m‖[37m Mourning dove[39m      [38;5;246m|[37m     984 [38;5;246m|[39m        [37m4670 [38;5;246m|[39m        [37m21.07 [38;5;246m|[1m[37m True          [0m[38;5;246m[40m‖[39m              
[38;5;81m NH      [38;5;246m‖[37m American kestrel   [38;5;246m|[39m      [37m24 [38;5;246m|[39m         [37m117 [38;5;246m|[39m        [37m20.51 [38;5;246m|[1m[37m True          [0m[38;5;246m[40m‖[39m              
[38;5;81m PI      [38;5;246m‖[37m Pacific golden-plo…[38;5;246m|[39m      [37m35 [38;5;246m|[39m         [37m173 [38;5;246m|[39m        [37m20.23 [38;5;246m|[1m[37m True          [0m[38;5;246m[40m‖[39m              
[38;5;81m SC      [38;5;246m‖[37m Killdeer[39m           [38;5;246m|[39m      [37m45 [38;5;246m|[39m         [37m229 [38;5;246m|[39m        [37m19.65 [38;5;246m|[1m[37m True          [0m[38;5;246m[40m‖[39m              
[38;5;81m ID      [38;5;246m‖[37m American kestrel   [38;5;246m|[39m      [37m30 [38;5;246m|[39m         [37m172 [38;5;246m|[39m        [37m17.44 [38;5;246m|[1m[37m True          [0m[38;5;246m[40m‖[39m              
[38;5;81m VA      [38;5;246m‖[37m Mourning dove[39m      [38;5;246m|[39m      [37m92 [38;5;246m|[39m         [37m544 [38;5;246m|[39m        [37m16.91 [38;5;246m|[1m[37m True          [0m[38;5;246m[40m‖[39m              
[38;5;81m VA      [38;5;246m‖[37m Killdeer[39m           [38;5;246m|[39m      [37m89 [38;5;246m|[39m         [37m544 [38;5;246m|[39m        [37m16.36 [38;5;246m|[1m[37m True          [0m[38;5;246m[40m‖[39m              
[38;5;81m NE      [38;5;246m‖[37m Barn swallow[39m       [38;5;246m|[39m      [37m68 [38;5;246m|[39m         [37m419 [38;5;246m|[39m        [37m16.23 [38;5;246m|[1m[37m True          [0m[38;5;246m[40m‖[39m              
[38;5;81m AR      [38;5;246m‖[37m Mourning dove[39m      [38;5;246m|[39m      [37m30 [38;5;246m|[39m         [37m187 [38;5;246m|[39m        [37m16.04 [38;5;246m|[1m[37m True          [0m[38;5;246m[40m‖[39m              
[38;5;81m RI      [38;5;246m‖[37m American kestrel   [38;5;246m|[39m      [37m35 [38;5;246m|[39m         [37m219 [38;5;246m|[39m        [37m15.98 [38;5;246m|[1m[37m True          [0m[38;5;246m[40m‖[39m              
[1m[37mknown_species_STATE-SPECIES_freq+known_species_STATE_freq_True|                  [0m[37m[40m ^J[1m       498 rows[0m[39m[40m 