[30m[48;5;110m  [4mF[0m[30m[48;5;110mile  [4mE[0m[30m[48;5;110mdit  [4mV[0m[30m[48;5;110miew  [4mC[0m[30m[48;5;110molumn  [4mR[0m[30m[48;5;110mow  [4mD[0m[30m[48;5;110mata  [4mP[0m[30m[48;5;110mlot  [4mS[0m[30m[48;5;110mystem  [4mH[0m[30m[48;5;110melp     Ctrl+H for help menu[39m                 [49m 
[1;4m[38;5;81m[40m SPECIES            [0m[38;5;246m[40m║[1;4m[37m count♯[0m[38;5;246m[40m|[1;4;7m[37m↓HEIGHT_mean%[0m[38;5;246m[40m║[39m                                                         
[7m[37m Eared grebe        ║     1 |[1m    20000.00 [0;7m[37m[40m║[0m[39m[40m                                                         
[38;5;81m Long-billed curlew [38;5;246m║[37m     1 [38;5;246m|[1m[37m    15000.00 [0m[38;5;246m[40m║[39m                                                         
[38;5;81m Whimbrel           [38;5;246m║[37m     1 [38;5;246m|[1m[37m    12000.00 [0m[38;5;246m[40m║[39m                                                         
[38;5;81m Lesser yellowlegs  [38;5;246m║[37m     4 [38;5;246m|[1m[37m     9925.00 [0m[38;5;246m[40m║[39m                                                         
[38;5;81m Dusky flycatcher   [38;5;246m║[37m     1 [38;5;246m|[1m[37m     9500.00 [0m[38;5;246m[40m║[39m                                                         
[38;5;81m Sanderling         [38;5;246m║[37m     1 [38;5;246m|[1m[37m     9500.00 [0m[38;5;246m[40m║[39m                                                         
[38;5;81m Red-necked phalaro…[38;5;246m║[37m     4 [38;5;246m|[1m[37m     8525.00 [0m[38;5;246m[40m║[39m                                                         
[38;5;81m Clark's grebe      [38;5;246m║[37m     1 [38;5;246m|[1m[37m     8500.00 [0m[38;5;246m[40m║[39m                                                         
[38;5;81m Northern saw-whet …[38;5;246m║[37m     1 [38;5;246m|[1m[37m     8000.00 [0m[38;5;246m[40m║[39m                                                         
[38;5;81m Grebes             [38;5;246m║[37m     1 [38;5;246m|[1m[37m     8000.00 [0m[38;5;246m[40m║[39m                                                         
[38;5;81m Spotted sandpiper  [38;5;246m║[37m     1 [38;5;246m|[1m[37m     7700.00 [0m[38;5;246m[40m║[39m                                                         
[38;5;81m Least flycatcher   [38;5;246m║[37m     3 [38;5;246m|[1m[37m     7566.67 [0m[38;5;246m[40m║[39m                                                         
[38;5;81m Lark sparrow       [38;5;246m║[37m     2 [38;5;246m|[1m[37m     7400.00 [0m[38;5;246m[40m║[39m                                                         
[38;5;81m Greater yellowlegs [38;5;246m║[37m     3 [38;5;246m|[1m[37m     7333.33 [0m[38;5;246m[40m║[39m                                                         
[38;5;81m Pacific-slope flyc…[38;5;246m║[37m     3 [38;5;246m|[1m[37m     7000.00 [0m[38;5;246m[40m║[39m                                                         
[38;5;81m Seminole bat       [38;5;246m║[37m     1 [38;5;246m|[1m[37m     7000.00 [0m[38;5;246m[40m║[39m                                                         
[38;5;81m Solitary sandpiper [38;5;246m║[37m     2 [38;5;246m|[1m[37m     6250.00 [0m[38;5;246m[40m║[39m                                                         
[38;5;81m Pocketed free-tail…[38;5;246m║[37m     1 [38;5;246m|[1m[37m     6000.00 [0m[38;5;246m[40m║[39m                                                         
[38;5;81m Red-naped sapsucker[38;5;246m║[37m     2 [38;5;246m|[1m[37m     5750.00 [0m[38;5;246m[40m║[39m                                                         
[38;5;81m Cinnamon teal      [38;5;246m║[37m     1 [38;5;246m|[1m[37m     5600.00 [0m[38;5;246m[40m║[39m                                                         
[38;5;81m Horned grebe       [38;5;246m║[37m     2 [38;5;246m|[1m[37m     5400.00 [0m[38;5;246m[40m║[39m                                                         
[37mselect by expr:[39m [37mcount[39m [37m>=[39m [37m20[39m                                    [1m[30m[48;5;110m z|   select-expr       420 bins  •0[0m[39m[40m 