[1;4;7m[38;5;81m[40m SPECIES            [0m[38;5;246m[40m║[1;4m[37m 0  #[0m[38;5;246m[40m|[1;4m[37m 1 #[0m[38;5;246m[40m║[39m                                                                    
[1;7m[38;5;81m Unknown bird       [0;7m[37m[40m║ 6677| 393║[0m[39m[40m                                                                    
[1m[38;5;81m Owls[0m[39m[40m               [37m║  36 | 23 ║[39m                                                                    
[1m[38;5;81m Hawks[0m[39m[40m              [37m║ 202 | 106║[39m                                                                    
[1m[38;5;81m Gulls[0m[39m[40m              [37m║ 559 | 525║[39m                                                                    
[1m[38;5;81m Unknown bird - sma…[0m[37m[40m║ 125…| 15…║[39m                                                                    
[1m[38;5;81m Sparrows           [0m[37m[40m║ 346 | 542║[39m                                                                    
[1m[38;5;81m Sandhill crane     [0m[37m[40m║  15 | 26 ║[39m                                                                    
[1m[38;5;81m Unknown bird - med…[0m[37m[40m║ 3585| 322║[39m                                                                    
[1m[38;5;81m Unknown bird - lar…[0m[37m[40m║ 769 | 58 ║[39m                                                                    
[1m[38;5;81m Barn swallow       [0m[37m[40m║ 246 | 28…║[39m                                                                    
[1m[38;5;81m Rock pigeon        [0m[37m[40m║ 149 | 10…║[39m                                                                    
[1m[38;5;81m Barn owl           [0m[37m[40m║  22 | 517║[39m                                                                    
[1m[38;5;81m Bank swallow       [0m[37m[40m║  14 | 267║[39m                                                                    
[1m[38;5;81m Swallows           [0m[37m[40m║ 152 | 302║[39m                                                                    
[1m[38;5;81m Horned lark        [0m[37m[40m║  56 | 26…║[39m                                                                    
[1m[38;5;81m Northern pintail   [0m[37m[40m║   0 | 93 ║[39m                                                                    
[1m[38;5;81m American robin     [0m[37m[40m║  32 | 644║[39m                                                                    
[1m[38;5;81m American kestrel   [0m[37m[40m║  81 | 25…║[39m                                                                    
[1m[38;5;81m Microbats          [0m[37m[40m║  43 | 443║[39m                                                                    
[1m[38;5;81m Mourning dove      [0m[37m[40m║ 200 | 39…║[39m                                                                    
[1m[38;5;81m Free-tailed bats   [0m[37m[40m║   1 | 50 ║[39m                                                                    
[1m[38;5;81m Red-tailed hawk    [0m[37m[40m║ 103 | 10…║[39m                                                                    
[1m[37m2› faa-wildlife-strikes_pivot_REMAINS_COLLECTED_count|  [0m[39m[40m         [1m[37m       W         641 grouped rows [0m[39m[40m 