[30m[48;5;110m  [4mF[0m[30m[48;5;110mile  [4mE[0m[30m[48;5;110mdit  [4mV[0m[30m[48;5;110miew  [4mC[0m[30m[48;5;110molumn  [4mR[0m[30m[48;5;110mow  [4mD[0m[30m[48;5;110mata  [4mP[0m[30m[48;5;110mlot  [4mS[0m[30m[48;5;110mystem  [4mH[0m[30m[48;5;110melp[39m               [30mCtrl+H for help menu       [39m[49m 
[1;4m[38;5;81m[40m OPERATOR           [0m[38;5;246m[40m|[1;4m[38;5;81m ATYPE        [0m[38;5;246m[40m║<[1;4;7m[37mAIRPORT            [0m[38;5;246m[40m║[39m                                           
[7m[37m BUSINESS           | PA-28        ║[1m VERO BEACH MUNICIP…[0;7m[37m[40m║[0m[39m[40m                                           
[38;5;81m BUSINESS           [38;5;246m|[38;5;81m BE-1900      [38;5;246m║[1m[37m KENAI MUNICIPAL AR…[0m[38;5;246m[40m║[39m                                           
[38;5;81m BUSINESS           [38;5;246m|[38;5;81m PA-46 MALIBU [38;5;246m║[1m[37m DAVID WAYNE HOOKS …[0m[38;5;246m[40m║[39m                                           
[38;5;81m DELTA AIR LINES    [38;5;246m|[38;5;81m B-717-200    [38;5;246m║[1m[37m LAMBERT-ST LOUIS I…[0m[38;5;246m[40m║[39m                                           
[38;5;81m BUSINESS           [38;5;246m|[38;5;81m BE-90 KING   [38;5;246m║[1m[37m POMPANO BEACH AIRP…[0m[38;5;246m[40m║[39m                                           
[38;5;81m DELTA AIR LINES    [38;5;246m|[38;5;81m B-757        [38;5;246m║[1m[37m HENRY E ROHLSEN AR…[0m[38;5;246m[40m║[39m                                           
[38;5;81m DELTA AIR LINES    [38;5;246m|[38;5;81m B-717-200    [38;5;246m║[1m[37m SAN ANTONIO INTL   [0m[38;5;246m[40m║[39m                                           
[38;5;81m BUSINESS           [38;5;246m|[38;5;81m C-414        [38;5;246m║[1m[37m LONE STAR EXECUTIV…[0m[38;5;246m[40m║[39m                                           
[38;5;81m ALLEGIANT AIR      [38;5;246m|[38;5;81m MD-80        [38;5;246m║[1m[37m TAMPA INTL         [0m[38;5;246m[40m║[39m                                           
[38;5;81m TRANS STATES AIRLI…[38;5;246m|[38;5;81m EMB-145      [38;5;246m║[1m[37m LAMBERT-ST LOUIS I…[0m[38;5;246m[40m║[39m                                           
[38;5;81m BUSINESS           [38;5;246m|[38;5;81m C-172        [38;5;246m║[1m[37m OPA-LOCKA EXECUTIV…[0m[38;5;246m[40m║[39m                                           
[38;5;81m GOVERNMENT         [38;5;246m|[38;5;81m EC120        [38;5;246m║[1m[37m NORMAN Y. MINETA S…[0m[38;5;246m[40m║[39m                                           
[38;5;81m AMERICAN AIRLINES  [38;5;246m|[38;5;81m A-321        [38;5;246m║[1m[37m FORT LAUDERDALE/HO…[0m[38;5;246m[40m║[39m                                           
[38;5;81m EXPRESSJET AIRLINES[38;5;246m|[38;5;81m CRJ100/200   [38;5;246m║[1m[37m FORT SMITH REGIONA…[0m[38;5;246m[40m║[39m                                           
[38;5;81m MESA AIRLINES      [38;5;246m|[38;5;81m CRJ900       [38;5;246m║[1m[37m BILL AND  HILLARY …[0m[38;5;246m[40m║[39m                                           
[38;5;81m BUSINESS           [38;5;246m|[38;5;81m HELICOPTER   [38;5;246m║[1m[37m UNKNOWN            [0m[38;5;246m[40m║[39m                                           
[38;5;81m DELTA AIR LINES    [38;5;246m|[38;5;81m A-320        [38;5;246m║[1m[37m METRO OAKLAND INTL [0m[38;5;246m[40m║[39m                                           
[38;5;81m DELTA AIR LINES    [38;5;246m|[38;5;81m A-320        [38;5;246m║[1m[37m SALT LAKE CITY INTL[0m[38;5;246m[40m║[39m                                           
[38;5;81m LUFTHANSA          [38;5;246m|[38;5;81m A-380        [38;5;246m║[1m[37m GEORGE BUSH INTERC…[0m[38;5;246m[40m║[39m                                           
[38;5;81m BUSINESS           [38;5;246m|[38;5;81m C-172        [38;5;246m║[1m[37m ORLANDO SANFORD IN…[0m[38;5;246m[40m║[39m                                           
[38;5;81m SPIRIT AIRLINES    [38;5;246m|[38;5;81m A-319        [38;5;246m║[1m[37m CHICAGO O'HARE INT…[0m[38;5;246m[40m║[39m                                           
[1m[30m[48;5;110m1› faa-wildlife-strikes|       [0m[39m[48;5;110m                              [1m[30m       [38;5;233m g[30m  hide-col     73448 rows  •0[0m[39m[40m 