[30m[48;5;68m  [4mF[0m[30m[48;5;68mile  [4mE[0m[30m[48;5;68mdit  [4mV[0m[30m[48;5;68miew  [4mC[0m[30m[48;5;68molumn  [4mR[0m[30m[48;5;68mow  [4mD[0m[30m[48;5;68mata  [4mP[0m[30m[48;5;68mlot  [4mS[0m[30m[48;5;68mystem  [4mH[0m[30m[48;5;68melp     | VisiData 3.0.2 | Alt+H for help men
[1;4m[38;5;81m[40m SPECIES            [0m[38;5;246m[40m║<[1;4m[37mEFFECT             [0m[38;5;246m[40m│[1;4m[37m DAMAGE [0m[38;5;246m[40m│[1;4m[37m COST_REPAIRS [0m[38;5;246m[40m│[1;4m[37m PERSON [0m[38;5;246m[40m│[1;4;7m[37m REMAINS_COLLECTED [0m[38;5;246m[40m│[1;4m[37m RE…
[0;7m[37m[40m Unknown bird       ║ NONE               │ M      │              │ Tower  │[1m 0                 [0;7m[37m[40m│ N9…[0m[40m 
[38;5;81m Unknown bird       [38;5;246m║[37m NONE[39m               [38;5;246m│[37m M      [38;5;246m│[39m              [38;5;246m│[37m Tower  [38;5;246m│[1m[37m 0[0m[40m                 [38;5;246m│[37m ON…[39m 
[38;5;81m Unknown bird       [38;5;246m║[37m NONE[39m               [38;5;246m│[37m M      [38;5;246m│[37m              [38;5;246m│[37m Tower  [38;5;246m│[1m[37m 0[0m[40m                 [38;5;246m│[37m N9…[39m 
[38;5;81m Unknown bird       [38;5;246m║[37m NONE[39m               [38;5;246m│[37m M      [38;5;246m│[39m              [38;5;246m│[37m Tower  [38;5;246m│[1m[37m 0[0m[40m                 [38;5;246m│[37m NO…[39m 
[38;5;81m Unknown bird       [38;5;246m║[37m [39m                   [38;5;246m│[37m M      [38;5;246m│[39m              [38;5;246m│[37m Tower  [38;5;246m│[1m[37m 0[0m[40m                 [38;5;246m│[37m ME…[39m 
[38;5;81m Unknown bird       [38;5;246m║[37m Other[39m              [38;5;246m│[37m M?     [38;5;246m│[39m              [38;5;246m│[37m Tower  [38;5;246m│[1m[37m 0[0m[40m                 [38;5;246m│[37m DA…[39m 
[38;5;81m Unknown bird       [38;5;246m║[37m NONE[39m               [38;5;246m│[37m M?     [38;5;246m│[39m              [38;5;246m│[37m Tower  [38;5;246m│[1m[37m 0[0m[40m                 [38;5;246m│[37m DA…[39m 
[38;5;81m Unknown bird       [38;5;246m║[37m PRECAUTIONARY LAND…[38;5;246m│[37m M?     [38;5;246m│[39m              [38;5;246m│[37m Tower  [38;5;246m│[1m[37m 0[0m[40m                 [38;5;246m│[37m N9…[39m 
[38;5;81m Unknown bird       [38;5;246m║[37m NONE[39m               [38;5;246m│[37m M?     [38;5;246m│[39m              [38;5;246m│[37m Tower  [38;5;246m│[1m[37m 0[0m[40m                 [38;5;246m│[37m AA…[39m 
[38;5;81m Owls[39m               [38;5;246m║[37m NONE[39m               [38;5;246m│[37m M?     [38;5;246m│[39m              [38;5;246m│[37m Tower  [38;5;246m│[1m[37m 0[0m[40m                 [38;5;246m│[37m LO…[39m 
[38;5;81m Hawks[39m              [38;5;246m║[37m NONE[39m               [38;5;246m│[37m M?     [38;5;246m│[39m              [38;5;246m│[37m Tower  [38;5;246m│[1m[37m 0[0m[40m                 [38;5;246m│[37m N5…[39m 
[38;5;81m Gulls[39m              [38;5;246m║[37m NONE[39m               [38;5;246m│[37m M?     [38;5;246m│[39m              [38;5;246m│[37m Tower  [38;5;246m│[1m[37m 0[0m[40m                 [38;5;246m│[37m PO…[39m 
[38;5;81m Unknown bird - sma…[38;5;246m║[37m NONE[39m               [38;5;246m│[37m N      [38;5;246m│[39m              [38;5;246m│[37m Tower  [38;5;246m│[1m[37m 0[0m[40m                 [38;5;246m│[37m PI…[39m 
[38;5;81m Unknown bird - sma…[38;5;246m║[37m NONE[39m               [38;5;246m│[37m N      [38;5;246m│[39m              [38;5;246m│[37m Tower  [38;5;246m│[1m[37m 0[0m[40m                 [38;5;246m│[37m AS…[39m 
[38;5;81m Unknown bird - sma…[38;5;246m║[37m NONE[39m               [38;5;246m│[37m N      [38;5;246m│[39m              [38;5;246m│[37m Tower  [38;5;246m│[1m[37m 0[0m[40m                 [38;5;246m│[37m AS…[39m 
[38;5;81m Unknown bird       [38;5;246m║[37m PRECAUTIONARY LAND…[38;5;246m│[37m N      [38;5;246m│[39m              [38;5;246m│[37m Tower  [38;5;246m│[1m[37m 0[0m[40m                 [38;5;246m│[37m CM…[39m 
[38;5;81m Unknown bird       [38;5;246m║[37m NONE[39m               [38;5;246m│[37m N      [38;5;246m│[39m              [38;5;246m│[37m Tower  [38;5;246m│[1m[37m 0[0m[40m                 [38;5;246m│[37m DA…[39m 
[38;5;81m Unknown bird       [38;5;246m║[37m NONE[39m               [38;5;246m│[37m N      [38;5;246m│[39m              [38;5;246m│[37m Tower  [38;5;246m│[1m[37m 0[0m[40m                 [38;5;246m│[37m De…[39m 
[38;5;81m Unknown bird       [38;5;246m║[37m NONE[39m               [38;5;246m│[37m N      [38;5;246m│[39m              [38;5;246m│[37m Tower  [38;5;246m│[1m[37m 0[0m[40m                 [38;5;246m│[37m DL…[39m 
[38;5;81m Unknown bird       [38;5;246m║[37m NONE[39m               [38;5;246m│[37m N      [38;5;246m│[39m              [38;5;246m│[37m Tower  [38;5;246m│[1m[37m 0[0m[40m                 [38;5;246m│[37m AI…[39m 
[38;5;81m Unknown bird       [38;5;246m║[37m PRECAUTIONARY LAND…[38;5;246m│[37m N      [38;5;246m│[39m              [38;5;246m│[37m Tower  [38;5;246m│[1m[37m 0[0m[40m                 [38;5;246m│[37m Ai…[39m 
[4m[30m[48;5;68m1› faa-wildlife-strikes[0m[30m[48;5;68m|[39m                                          [1m[37m[48;5;237mc[0m[30m[48;5;68m   [1m[38;5;52m[48;5;114mgo-col-regex[0m[30m[48;5;68m      73448 rows 