[1;4;7m[38;5;81m[40m OPERATOR           [0m[38;5;246m[40m|[1;4m[38;5;81m ATYPE              [0m[38;5;246m[40m║[1;4m[37m Variable [0m[38;5;246m[40m|[1;4m[37m Value                           [0m[38;5;246m[40m║[39m             
[1;7m[38;5;81m BUSINESS           [0;7m[37m[40m|[38;5;81m PA-28              [37m║ STATE    | FL                              ║[0m[39m[40m             
[1m[38;5;81m BUSINESS           [0m[37m[40m|[38;5;81m PA-28              [37m║ AIRPORT  | VERO BEACH MUNICIPAL[39m            [37m║[39m             
[1m[38;5;81m BUSINESS           [0m[37m[40m|[38;5;81m BE-1900            [37m║ STATE    | AK[39m              [37m [39m               [37m║[39m             
[1m[38;5;81m BUSINESS           [0m[37m[40m|[38;5;81m BE-1900            [37m║ AIRPORT  | KENAI MUNICIPAL ARPT[39m            [37m║[39m             
[1m[38;5;81m BUSINESS           [0m[37m[40m|[38;5;81m PA-46 MALIBU       [37m║ STATE    | TX[39m              [37m [39m               [37m║[39m             
[1m[38;5;81m BUSINESS           [0m[37m[40m|[38;5;81m PA-46 MALIBU[39m       [37m║ AIRPORT  | DAVID WAYNE HOOKS MEMORIAL ARPT ║[39m             
[1m[38;5;81m DELTA AIR LINES    [0m[37m[40m|[38;5;81m B-717-200          [37m║ STATE    | MO               [39m               [37m║[39m             
[1m[38;5;81m DELTA AIR LINES    [0m[37m[40m|[38;5;81m B-717-200[39m          [37m║ AIRPORT  | LAMBERT-ST LOUIS INTL[39m           [37m║[39m             
[1m[38;5;81m BUSINESS           [0m[37m[40m|[38;5;81m BE-90 KING[39m         [37m║ STATE    | FL       [39m       [37m [39m               [37m║[39m             
[1m[38;5;81m BUSINESS           [0m[37m[40m|[38;5;81m BE-90 KING         [37m║ AIRPORT  | POMPANO BEACH AIRPARK[39m           [37m║[39m             
[1m[38;5;81m DELTA AIR LINES    [0m[37m[40m|[38;5;81m B-757[39m              [37m║ STATE    | VI[39m              [37m [39m               [37m║[39m             
[1m[38;5;81m DELTA AIR LINES    [0m[37m[40m|[38;5;81m B-757[39m              [37m║ AIRPORT  | HENRY E ROHLSEN ARPT[39m            [37m║[39m             
[1m[38;5;81m DELTA AIR LINES    [0m[37m[40m|[38;5;81m B-717-200[39m          [37m║ STATE    | TX[39m              [37m [39m               [37m║[39m             
[1m[38;5;81m DELTA AIR LINES    [0m[37m[40m|[38;5;81m B-717-200          [37m║ AIRPORT  | SAN ANTONIO INTL [39m               [37m║[39m             
[1m[38;5;81m BUSINESS           [0m[37m[40m|[38;5;81m C-414              [37m║ STATE    | TX[39m              [37m [39m               [37m║[39m             
[1m[38;5;81m BUSINESS           [0m[37m[40m|[38;5;81m C-414              [37m║ AIRPORT  | LONE STAR EXECUTIVE ARPT[39m        [37m║[39m             
[1m[38;5;81m ALLEGIANT AIR      [0m[37m[40m|[38;5;81m MD-80[39m              [37m║ STATE    | FL               [39m               [37m║[39m             
[1m[38;5;81m ALLEGIANT AIR      [0m[37m[40m|[38;5;81m MD-80[39m              [37m║ AIRPORT  | TAMPA INTL       [39m               [37m║[39m             
[1m[38;5;81m TRANS STATES AIRLI…[0m[37m[40m|[38;5;81m EMB-145[39m            [37m║ STATE    | MO[39m              [37m [39m               [37m║[39m             
[1m[38;5;81m TRANS STATES AIRLI…[0m[37m[40m|[38;5;81m EMB-145[39m            [37m║ AIRPORT  | LAMBERT-ST LOUIS INTL[39m           [37m║[39m             
[1m[38;5;81m BUSINESS           [0m[37m[40m|[38;5;81m C-172[39m              [37m║ STATE    | FL[39m              [37m [39m               [37m║[39m             
[1m[38;5;81m BUSINESS           [0m[37m[40m|[38;5;81m C-172              [37m║ AIRPORT  | OPA-LOCKA EXECUTIVE ARPT[39m        [37m║[39m             
[1m[37m4› faa-wildlife-strikes_melted|[0m[39m[40m                        [1m[37m [0m[39m[40m      [1m[37m         M      146896 melted values [0m[39m[40m 