[1;4;7m[38;5;81m[40m OPERATOR           [0m[38;5;246m[40m║[1;4m[37m count♯[0m[38;5;246m[40m|[1;4m[37m percent%[0m[38;5;246m[40m|[1;4m[37m histogram                                         ~[0m[38;5;246m[40m║[39m        
[1;7m[38;5;81m UNKNOWN            [0;7m[37m[40m║ 23076 |   31.42 | ************************************************** ║[0m[39m[40m        
[1m[38;5;81m SOUTHWEST AIRLINES [0m[37m[40m║  7752 |   10.55 | ****************[39m                                   [37m║[39m        
[1m[38;5;81m BUSINESS           [0m[37m[40m║  5868 |    7.99 | ************[39m                                       [37m║[39m        
[1m[38;5;81m AMERICAN AIRLINES  [0m[37m[40m║  4337 |    5.90 | *********[39m                                          [37m║[39m        
[1m[38;5;81m DELTA AIR LINES    [0m[37m[40m║  2817 |    3.84 | ******[39m                                             [37m║[39m        
[1m[38;5;81m FEDEX EXPRESS      [0m[37m[40m║  2709 |    3.69 | *****   [39m                                           [37m║[39m        
[1m[38;5;81m UNITED AIRLINES    [0m[37m[40m║  2194 |    2.99 | ****[39m                                               [37m║[39m        
[1m[38;5;81m US AIRWAYS         [0m[37m[40m║  1885 |    2.57 | ****[39m                                               [37m║[39m        
[1m[38;5;81m UPS AIRLINES       [0m[37m[40m║  1773 |    2.41 | ***[39m                                                [37m║[39m        
[1m[38;5;81m SKYWEST AIRLINES   [0m[37m[40m║  1769 |    2.41 | ***[39m                                                [37m║[39m        
[1m[38;5;81m JETBLUE AIRWAYS    [0m[37m[40m║  1740 |    2.37 | ***[39m                                                [37m║[39m        
[1m[38;5;81m EXPRESSJET AIRLINES[0m[37m[40m║  1347 |    1.83 | **  [39m                                               [37m║[39m        
[1m[38;5;81m AMERICAN EAGLE AIR…[0m[37m[40m║  1041 |    1.42 | **[39m                                                 [37m║[39m        
[1m[38;5;81m ENVOY AIR          [0m[37m[40m║   883 |    1.20 | *   [39m                                               [37m║[39m        
[1m[38;5;81m ALASKA AIRLINES    [0m[37m[40m║   835 |    1.14 | * [39m                                                 [37m║[39m        
[1m[38;5;81m REPUBLIC AIRLINES  [0m[37m[40m║   804 |    1.09 | *[39m                                                  [37m║[39m        
[1m[38;5;81m MESA AIRLINES      [0m[37m[40m║   693 |    0.94 | *[39m                                                  [37m║[39m        
[1m[38;5;81m AIR WISCONSIN AIRL…[0m[37m[40m║   623 |    0.85 | *[39m                                                  [37m║[39m        
[1m[38;5;81m PSA AIRLINES       [0m[37m[40m║   577 |    0.79 | *[39m                                                  [37m║[39m        
[1m[38;5;81m PRIVATELY OWNED    [0m[37m[40m║   516 |    0.70 | *[39m                                                  [37m║[39m        
[1m[38;5;81m PHI INC            [0m[37m[40m║   491 |    0.67 | *    [39m                                              [37m║[39m        
[1m[38;5;81m SHUTTLE AMERICA    [0m[37m[40m║   467 |    0.64 | *[39m                                                  [37m║[39m        
[1m[37m6› faa-wildlife-strikes_OPERATOR_freq|[0m[39m[40m                 [1m[37m [0m[39m[40m    [1m[37m [0m[39m[40m [1m[37m                  F         282 bins [0m[39m[40m 