[1;4m[38;5;81m[40m OPERATOR           [0m[38;5;246m[40m|[1;4;7m[38;5;81m ATYPE          [0m[38;5;246m[40m‖[1;4m[37m INCIDENT_DATE      [0m[38;5;246m[40m|[1;4m[37m STATE   [0m[38;5;246m[40m|[1;4m[37m AIRPORT            [0m[38;5;246m[40m|[1;4m[37m PHASE_O[0m[38;5;246m[40m>[39m 
[7m[38;5;81m BUSINESS           [37m|[1m[38;5;81m PA-28          [0;7m[37m[40m‖ 05/22/15 00:00:00  | FL      | VERO BEACH MUNICIP…| APPROACH[0m[39m[40m 
[38;5;81m BUSINESS           [37m|[1m[38;5;81m BE-1900        [0m[37m[40m‖ 06/18/15 00:00:00  | AK[39m      [37m| KENAI MUNICIPAL AR…| APPROACH[39m 
[38;5;81m BUSINESS           [37m|[1m[38;5;81m PA-46 MALIBU   [0m[37m[40m‖ 09/20/15 00:00:00  | TX[39m      [37m| DAVID WAYNE HOOKS …|[39m          
[38;5;81m DELTA AIR LINES    [37m|[1m[38;5;81m B-717-200      [0m[37m[40m‖ 11/07/15 00:00:00  | MO[39m      [37m| LAMBERT-ST LOUIS I…| APPROACH[39m 
[38;5;81m BUSINESS           [37m|[1m[38;5;81m BE-90 KING     [0m[37m[40m‖ 12/17/15 00:00:00  | FL[39m      [37m| POMPANO BEACH AIRP…| LANDING…[39m 
[38;5;81m DELTA AIR LINES    [37m|[1m[38;5;81m B-757          [0m[37m[40m‖ 07/17/15 00:00:00  | VI[39m      [37m| HENRY E ROHLSEN AR…|[39m          
[38;5;81m DELTA AIR LINES    [37m|[1m[38;5;81m B-717-200      [0m[37m[40m‖ 08/02/15 00:00:00  | TX[39m      [37m| SAN ANTONIO INTL   | APPROACH[39m 
[38;5;81m BUSINESS           [37m|[1m[38;5;81m C-414          [0m[37m[40m‖ 08/03/15 00:00:00  | TX[39m      [37m| LONE STAR EXECUTIV…| DEPARTU…[39m 
[38;5;81m ALLEGIANT AIR      [37m|[1m[38;5;81m MD-80          [0m[37m[40m‖ 09/02/15 00:00:00  | FL[39m      [37m| TAMPA INTL[39m         [37m| APPROACH[39m 
[38;5;81m TRANS STATES AIRLI…[37m|[1m[38;5;81m EMB-145        [0m[37m[40m‖ 09/07/15 00:00:00  | MO[39m      [37m| LAMBERT-ST LOUIS I…| APPROACH[39m 
[38;5;81m BUSINESS           [37m|[1m[38;5;81m C-172          [0m[37m[40m‖ 11/28/15 00:00:00  | FL[39m      [37m| OPA-LOCKA EXECUTIV…| APPROACH[39m 
[38;5;81m GOVERNMENT         [37m|[1m[38;5;81m EC120          [0m[37m[40m‖ 12/08/15 00:00:00  | CA[39m      [37m| NORMAN Y. MINETA S…|[39m          
[38;5;81m AMERICAN AIRLINES  [37m|[1m[38;5;81m A-321          [0m[37m[40m‖ 05/06/15 00:00:00  | FL[39m      [37m| FORT LAUDERDALE/HO…| APPROACH[39m 
[38;5;81m EXPRESSJET AIRLINES[37m|[1m[38;5;81m CRJ100/200     [0m[37m[40m‖ 05/06/15 00:00:00  | AR[39m      [37m| FORT SMITH REGIONA…| CLIMB[39m    
[38;5;81m MESA AIRLINES      [37m|[1m[38;5;81m CRJ900         [0m[37m[40m‖ 05/08/15 00:00:00  | AR[39m      [37m| BILL AND  HILLARY …| LANDING…[39m 
[38;5;81m BUSINESS           [37m|[1m[38;5;81m HELICOPTER     [0m[37m[40m‖ 05/06/15 00:00:00  |         | UNKNOWN            | En Route[39m 
[38;5;81m DELTA AIR LINES    [37m|[1m[38;5;81m A-320          [0m[37m[40m‖ 05/07/15 00:00:00  | CA[39m      [37m| METRO OAKLAND INTL |[39m          
[38;5;81m DELTA AIR LINES    [37m|[1m[38;5;81m A-320          [0m[37m[40m‖ 05/08/15 00:00:00  | UT[39m      [37m| SALT LAKE CITY INTL|[39m          
[38;5;81m LUFTHANSA          [37m|[1m[38;5;81m A-380          [0m[37m[40m‖ 05/10/15 00:00:00  | TX[39m      [37m| GEORGE BUSH INTERC…| CLIMB[39m    
[38;5;81m BUSINESS           [37m|[1m[38;5;81m C-172          [0m[37m[40m‖ 05/08/15 00:00:00  | FL[39m      [37m| ORLANDO SANFORD IN…| APPROACH[39m 
[38;5;81m SPIRIT AIRLINES    [37m|[1m[38;5;81m A-319          [0m[37m[40m‖ 05/10/15 00:00:00  | IL[39m      [37m| CHICAGO O'HARE INT…| CLIMB[39m    
[38;5;81m EXPRESSJET AIRLINES[37m|[1m[38;5;81m EMB-145        [0m[37m[40m‖ 05/11/15 00:00:00  | AL[39m      [37m| BIRMINGHAM-SHUTTLE…| LANDING…[39m 
[1m[37mfaa-wildlife-strikes|       [0m[39m[40m                                         [1m[37m            [0m[37m[40m ![1m     73448 rows [0m[39m[40m 