[30m[48;5;68m  [4mF[0m[30m[48;5;68mile  [4mE[0m[30m[48;5;68mdit  [4mV[0m[30m[48;5;68miew  [4mC[0m[30m[48;5;68molumn  [4mR[0m[30m[48;5;68mow  [4mD[0m[30m[48;5;68mata  [4mP[0m[30m[48;5;68mlot  [4mS[0m[30m[48;5;68mystem  [4mH[0m[30m[48;5;68melp     | VisiData 3.0.2 | Alt+H for help men
[1;4;7m[37m[40m Variable          [0m[38;5;246m[40m│[1;4m[37m Value                                                                         
[0;1;7m[37m[40m OPERATOR          [0;7m[37m[40m│ BUSINESS                                                                      [0m[40m 
[1m[37m ATYPE             [0m[38;5;246m[40m│[37m PA-28[39m                                                                          
[1m[37m INCIDENT_DATE     [0m[38;5;246m[40m│[37m 05/22/15 00:00:00[39m                                                              
[1m[37m STATE             [0m[38;5;246m[40m│[37m FL[39m                                                                             
[1m[37m AIRPORT           [0m[38;5;246m[40m│[37m VERO BEACH MUNICIPAL[39m                                                           
[1m[37m PHASE_OF_FLT      [0m[38;5;246m[40m│[37m APPROACH[39m                                                                       
[1m[37m HEIGHT            [0m[38;5;246m[40m│[39m                                                                                
[1m[37m SPEED             [0m[38;5;246m[40m│[39m                                                                                
[1m[37m SPECIES           [0m[38;5;246m[40m│[37m Unknown bird[39m                                                                   
[1m[37m BIRDS_STRUCK      [0m[38;5;246m[40m│[37m 1[39m                                                                              
[1m[37m EFFECT            [0m[38;5;246m[40m│[37m NONE[39m                                                                           
[1m[37m DAMAGE            [0m[38;5;246m[40m│[37m M[39m                                                                              
[1m[37m COST_REPAIRS      [0m[38;5;246m[40m│[39m                                                                                
[1m[37m PERSON            [0m[38;5;246m[40m│[37m Tower[39m                                                                          
[1m[37m REMAINS_COLLECTED [0m[38;5;246m[40m│[37m 0[39m                                                                              
[1m[37m REMARKS           [0m[38;5;246m[40m│[37m N9240F was right base to final on Runway 4, and he reported a bird strike to …[39m 
[1m[37m OPERATOR          [0m[38;5;246m[40m│[37m BUSINESS[39m                                                                       
[1m[37m ATYPE             [0m[38;5;246m[40m│[37m BE-1900[39m                                                                        
[1m[37m INCIDENT_DATE     [0m[38;5;246m[40m│[37m 06/18/15 00:00:00[39m                                                              
[1m[37m STATE             [0m[38;5;246m[40m│[37m AK[39m                                                                             
[1m[37m AIRPORT           [0m[38;5;246m[40m│[37m KENAI MUNICIPAL ARPT[39m                                                           
[4m[30m[48;5;68m3› faa-wildlife-strikes_melted[0m[30m[48;5;68m|[39m                   [30m             [1m[37m[48;5;237mShift+M[0m[30m[48;5;68m       1175168 melted values 