[30m[48;5;68m  [4mF[0m[30m[48;5;68mile  [4mE[0m[30m[48;5;68mdit  [4mV[0m[30m[48;5;68miew  [4mC[0m[30m[48;5;68molumn  [4mR[0m[30m[48;5;68mow  [4mD[0m[30m[48;5;68mata  [4mP[0m[30m[48;5;68mlot  [4mS[0m[30m[48;5;68mystem  [4mH[0m[30m[48;5;68melp     | VisiData 3.0.2 | Alt+H for help men
[1;4m[37m[40m OPERATOR           [0m[38;5;246m[40m│[1;4m[37m ATYPE        [0m[38;5;246m[40m│[1;4m[37m INCIDENT_DATE     [0m[38;5;246m[40m│[1;4;7m[37m STATE [0m[38;5;246m[40m│[1;4m[37m AIRPORT            [0m[38;5;246m[40m│[1;4m[37m PHASE_OF_FLT[0m[38;5;246m>
[7m[37m[40m BUSINESS           │ PA-28        │ 05/22/15 00:00:00 │[1m FL    [0;7m[37m[40m│ VERO BEACH MUNICIP…│ APPROACH     │
[0m[37m[40m BUSINESS           [38;5;246m│[37m BE-1900      [38;5;246m│[37m 06/18/15 00:00:00 [38;5;246m│[1m[37m AK    [0m[38;5;246m[40m│[37m KENAI MUNICIPAL AR…[38;5;246m│[37m APPROACH     [38;5;246m│
[38;5;220m[49m•[38;5;215m[40mBUSINESS           │ PA-46 MALIBU │ 09/20/15 00:00:00 │[1m TX    [0m[38;5;215m[40m│ DAVID WAYNE HOOKS …│[39m              [38;5;215m│
[37m DELTA AIR LINES    [38;5;246m│[37m B-717-200    [38;5;246m│[37m 11/07/15 00:00:00 [38;5;246m│[1m[37m MO    [0m[38;5;246m[40m│[37m LAMBERT-ST LOUIS I…[38;5;246m│[37m APPROACH     [38;5;246m│
[37m BUSINESS           [38;5;246m│[37m BE-90 KING   [38;5;246m│[37m 12/17/15 00:00:00 [38;5;246m│[1m[37m FL    [0m[38;5;246m[40m│[37m POMPANO BEACH AIRP…[38;5;246m│[37m LANDING ROLL [38;5;246m│
[37m DELTA AIR LINES    [38;5;246m│[37m B-757[39m        [38;5;246m│[37m 07/17/15 00:00:00 [38;5;246m│[1m[37m VI    [0m[38;5;246m[40m│[37m HENRY E ROHLSEN AR…[38;5;246m│[39m              [38;5;246m│
[38;5;220m[49m•[38;5;215m[40mDELTA AIR LINES    │ B-717-200    │ 08/02/15 00:00:00 │[1m TX    [0m[38;5;215m[40m│ SAN ANTONIO INTL   │ APPROACH     │
[38;5;220m[49m•[38;5;215m[40mBUSINESS           │ C-414        │ 08/03/15 00:00:00 │[1m TX    [0m[38;5;215m[40m│ LONE STAR EXECUTIV…│ DEPARTURE    │
[37m ALLEGIANT AIR      [38;5;246m│[37m MD-80[39m        [38;5;246m│[37m 09/02/15 00:00:00 [38;5;246m│[1m[37m FL    [0m[38;5;246m[40m│[37m TAMPA INTL         [38;5;246m│[37m APPROACH     [38;5;246m│
[37m TRANS STATES AIRLI…[38;5;246m│[37m EMB-145[39m      [38;5;246m│[37m 09/07/15 00:00:00 [38;5;246m│[1m[37m MO    [0m[38;5;246m[40m│[37m LAMBERT-ST LOUIS I…[38;5;246m│[37m APPROACH     [38;5;246m│
[37m BUSINESS           [38;5;246m│[37m C-172[39m        [38;5;246m│[37m 11/28/15 00:00:00 [38;5;246m│[1m[37m FL    [0m[38;5;246m[40m│[37m OPA-LOCKA EXECUTIV…[38;5;246m│[37m APPROACH     [38;5;246m│
[37m GOVERNMENT         [38;5;246m│[37m EC120[39m        [38;5;246m│[37m 12/08/15 00:00:00 [38;5;246m│[1m[37m CA    [0m[38;5;246m[40m│[37m NORMAN Y. MINETA S…[38;5;246m│[39m              [38;5;246m│
[37m AMERICAN AIRLINES  [38;5;246m│[37m A-321[39m        [38;5;246m│[37m 05/06/15 00:00:00 [38;5;246m│[1m[37m FL    [0m[38;5;246m[40m│[37m FORT LAUDERDALE/HO…[38;5;246m│[37m APPROACH     [38;5;246m│
[37m EXPRESSJET AIRLINES[38;5;246m│[37m CRJ100/200   [38;5;246m│[37m 05/06/15 00:00:00 [38;5;246m│[1m[37m AR    [0m[38;5;246m[40m│[37m FORT SMITH REGIONA…[38;5;246m│[37m CLIMB        [38;5;246m│
[37m MESA AIRLINES      [38;5;246m│[37m CRJ900[39m       [38;5;246m│[37m 05/08/15 00:00:00 [38;5;246m│[1m[37m AR    [0m[38;5;246m[40m│[37m BILL AND  HILLARY …[38;5;246m│[37m LANDING ROLL [38;5;246m│
[37m BUSINESS           [38;5;246m│[37m HELICOPTER   [38;5;246m│[37m 05/06/15 00:00:00 [38;5;246m│[1m[37m       [0m[38;5;246m[40m│[37m UNKNOWN            [38;5;246m│[37m En Route     [38;5;246m│
[37m DELTA AIR LINES    [38;5;246m│[37m A-320[39m        [38;5;246m│[37m 05/07/15 00:00:00 [30m[48;5;114m┌─────────────────────────────|[43m statuses [48;5;114m|─┐[38;5;246m[40m│
[37m DELTA AIR LINES    [38;5;246m│[37m A-320[39m        [38;5;246m│[37m 05/08/15 00:00:00 [30m[48;5;114m│ search wrapped[39m                           [30m│[38;5;246m[40m│
[38;5;220m[49m•[38;5;215m[40mLUFTHANSA          │ A-380        │ 05/10/15 00:00:00 [30m[48;5;114m│ 7309 matches for /TX/[39m                    [30m│[38;5;215m[40m│
[37m BUSINESS           [38;5;246m│[37m C-172[39m        [38;5;246m│[37m 05/08/15 00:00:00 [30m[48;5;114m│ selected 7309 rows[39m                       [30m│[38;5;246m[40m│
[37m SPIRIT AIRLINES    [38;5;246m│[37m A-319[39m        [38;5;246m│[37m 05/10/15 00:00:00 [30m[48;5;114m└──────────────────────────────────────────┘[38;5;246m[40m│
[4m[30m[48;5;68m1› faa-wildlife-strikes[0m[30m[48;5;68m|[39m                              [30m [1m[37m[48;5;237m|[0m[30m[48;5;68m   [1m[38;5;52m[48;5;114mselect-col-regex[0m[30m[48;5;68m      73448 rows  [4m[38;5;215m•7309[0m[30m[48;5;68m 