[30m[48;5;110m  [4mF[0m[30m[48;5;110mile  [4mE[0m[30m[48;5;110mdit  [4mV[0m[30m[48;5;110miew  [4mC[0m[30m[48;5;110molumn  [4mR[0m[30m[48;5;110mow  [4mD[0m[30m[48;5;110mata  [4mP[0m[30m[48;5;110mlot  [4mS[0m[30m[48;5;110mystem  [4mH[0m[30m[48;5;110melp[39m               [30mCtrl+H for help menu       [39m[49m 
[38;5;246m[40m<[1;4m[37mHEIGHT [0m[38;5;246m[40m|[1;4m[37m SPEED [0m[38;5;246m[40m|[1;4m[37m SPECIES            [0m[38;5;246m[40m|[1;4m[37m BIRDS_STRUCK [0m[38;5;246m[40m|[1;4m[37m EFFECT             [0m[38;5;246m[40m|[1;4m[37m DAMAGE [0m[38;5;246m[40m|[1;4;7m[37m↓COST_REPAIRS#[0m[38;5;246m[40m|>[39m 
[7m[37m 0      | 143   | Red-tailed hawk    | 1            | Engine Shut Down   | S      |[1m      6500000 [0;7m[37m[40m|…[0m[39m[40m 
 [37m25     [38;5;246m|[39m       [38;5;246m|[37m Gadwall[39m            [38;5;246m|[37m 2-10[39m         [38;5;246m|[37m Precautionary Land…[38;5;246m|[37m S[39m      [38;5;246m|[1m[37m      5818528 [0m[38;5;246m[40m|[37m…[39m 
        [38;5;246m|[39m       [38;5;246m|[37m Mallard[39m            [38;5;246m|[37m 1[39m            [38;5;246m|[37m None[39m               [38;5;246m|[37m S[39m      [38;5;246m|[1m[37m      5548924 [0m[38;5;246m[40m|[37m…[39m 
[37m 0[39m      [38;5;246m|[39m       [38;5;246m|[37m Gray partridge     [38;5;246m|[37m 2-10[39m         [38;5;246m|[37m Precautionary Land…[38;5;246m|[37m S[39m      [38;5;246m|[1m[37m      5427992 [0m[38;5;246m[40m|[37m…[39m 
[37m 5000   [38;5;246m|[39m       [38;5;246m|[37m American white pel…[38;5;246m|[37m 2-10[39m         [38;5;246m|[37m Engine Shut Down   [38;5;246m|[37m S[39m      [38;5;246m|[1m[37m      5111000 [0m[38;5;246m[40m|[39m  
 [37m250    [38;5;246m|[37m 150   [38;5;246m|[37m American coot[39m      [38;5;246m|[37m 1[39m            [38;5;246m|[37m Engine Shut Down   [38;5;246m|[37m S[39m      [38;5;246m|[1m[37m      5000000 [0m[38;5;246m[40m|[37m…[39m 
[37m 972    [38;5;246m|[37m 180   [38;5;246m|[37m Northern pintail   [38;5;246m|[37m 2-10[39m         [38;5;246m|[37m Engine Shut Down   [38;5;246m|[37m S[39m      [38;5;246m|[1m[37m      5000000 [0m[38;5;246m[40m|[37m…[39m 
[37m 0[39m      [38;5;246m|[37m 96    [38;5;246m|[37m Red-tailed hawk    [38;5;246m|[37m 2-10[39m         [38;5;246m|[37m Engine Shut Down   [38;5;246m|[37m S[39m      [38;5;246m|[1m[37m      4600279 [0m[38;5;246m[40m|[37m…[39m 
[37m 10     [38;5;246m|[37m 160   [38;5;246m|[37m Bald eagle[39m         [38;5;246m|[37m 1[39m            [38;5;246m|[37m Precautionary Land…[38;5;246m|[37m S[39m      [38;5;246m|[1m[37m      4500000 [0m[38;5;246m[40m|[39m  
 [37m400    [38;5;246m|[37m 170   [38;5;246m|[37m Canada goose[39m       [38;5;246m|[37m 2-10[39m         [38;5;246m|[37m Precautionary Land…[38;5;246m|[37m S[39m      [38;5;246m|[1m[37m      3909837 [0m[38;5;246m[40m|[37m…[39m 
[37m 10     [38;5;246m|[37m 130   [38;5;246m|[37m Rock pigeon[39m        [38;5;246m|[37m 11-100[39m       [38;5;246m|[37m Precautionary Land…[38;5;246m|[37m S[39m      [38;5;246m|[1m[37m      3250000 [0m[38;5;246m[40m|[37m…[39m 
[37m 2000   [38;5;246m|[37m 230   [38;5;246m|[37m Greater white-fron…[38;5;246m|[37m 2-10[39m         [38;5;246m|[37m Precautionary Land…[38;5;246m|[37m S[39m      [38;5;246m|[1m[37m      3228053 [0m[38;5;246m[40m|[37m…[39m 
[37m 90     [38;5;246m|[37m 141   [38;5;246m|[37m Mallard[39m            [38;5;246m|[37m 2-10[39m         [38;5;246m|[37m Precautionary Land…[38;5;246m|[37m S[39m      [38;5;246m|[1m[37m      3000000 [0m[38;5;246m[40m|[37m…[39m 
[37m 0[39m      [38;5;246m|[37m 120   [38;5;246m|[37m Bald eagle[39m         [38;5;246m|[37m 1[39m            [38;5;246m|[37m Engine Shut Down   [38;5;246m|[37m S[39m      [38;5;246m|[1m[37m      2900000 [0m[38;5;246m[40m|[37m…[39m 
[37m 8500   [38;5;246m|[39m       [38;5;246m|[37m Snow goose[39m         [38;5;246m|[37m 11-100[39m       [38;5;246m|[37m Precautionary Land…[38;5;246m|[37m S[39m      [38;5;246m|[1m[37m      2737462 [0m[38;5;246m[40m|[37m…[39m 
[37m 0[39m      [38;5;246m|[39m       [38;5;246m|[37m Red-tailed hawk    [38;5;246m|[37m 1[39m            [38;5;246m|[37m Precautionary Land…[38;5;246m|[37m S[39m      [38;5;246m|[1m[37m      2300000 [0m[38;5;246m[40m|[37m…[39m 
[37m 1200   [38;5;246m|[37m 190   [38;5;246m|[37m Turkey vulture     [38;5;246m|[37m 2-10[39m         [38;5;246m|[37m Precautionary Land…[38;5;246m|[37m S[39m      [38;5;246m|[1m[37m      2000000 [0m[38;5;246m[40m|[37m…[39m 
[37m 400    [38;5;246m|[37m 160   [38;5;246m|[37m Unknown bird - med…[38;5;246m|[37m 1[39m            [38;5;246m|[37m Engine Shut Down   [38;5;246m|[37m S[39m      [38;5;246m|[1m[37m      2000000 [0m[38;5;246m[40m|[37m…[39m 
[37m 2000   [38;5;246m|[37m 220   [38;5;246m|[37m Black vulture[39m      [38;5;246m|[37m 1[39m            [38;5;246m|[37m Engine Shut Down   [38;5;246m|[37m S[39m      [38;5;246m|[1m[37m      2000000 [0m[38;5;246m[40m|[37m…[39m 
        [38;5;246m|[39m       [38;5;246m|[37m Brown thrasher     [38;5;246m|[37m 1[39m            [38;5;246m|[37m None[39m               [38;5;246m|[37m M[39m      [38;5;246m|[1m[37m      2000000 [0m[38;5;246m[40m|[37m…[39m 
[37m 1000   [38;5;246m|[37m 140   [38;5;246m|[37m Great black-backed…[38;5;246m|[37m 1[39m            [38;5;246m|[39m                    [38;5;246m|[37m S[39m      [38;5;246m|[1m[37m      1529013 [0m[38;5;246m[40m|[37m…[39m 
[1m[30m[48;5;110m1› faa-wildlife-strikes|       [0m[39m[48;5;110m                           [1m[30m         [38;5;233m ][30m  sort-desc     73448 rows  •0[0m[39m[40m 