[1;4;7m[38;5;81m[40m AIRPORT            [0m[38;5;246m[40m‖[1;4m[37m count  #[0m[38;5;246m[40m|[1;4m[37m sum_COST_REPAIRS  #[0m[38;5;246m[40m‖[39m                                                
[1;7m[38;5;81m UNKNOWN            [0;7m[37m[40m‖    8424 |           17931422 ‖[0m[39m[40m                                                
[1m[38;5;81m DENVER INTL AIRPORT[0m[38;5;246m[40m‖[37m    2756 [38;5;246m|[39m            [37m9033148 [38;5;246m‖[39m                                                
[1m[38;5;81m DALLAS/FORT WORTH …[0m[38;5;246m[40m‖[37m    2392 [38;5;246m|[39m             [37m927920 [38;5;246m‖[39m                                                
[1m[38;5;81m CHICAGO O'HARE INT…[0m[38;5;246m[40m‖[37m    1583 [38;5;246m|[39m            [37m1146738 [38;5;246m‖[39m                                                
[1m[38;5;81m JOHN F KENNEDY INTL[0m[38;5;246m[40m‖[37m    1302 [38;5;246m|[39m             [37m310917 [38;5;246m‖[39m                                                
[1m[38;5;81m MEMPHIS INTL       [0m[38;5;246m[40m‖[37m    1217 [38;5;246m|[39m            [37m4507487 [38;5;246m‖[39m                                                
[1m[38;5;81m SALT LAKE CITY INTL[0m[38;5;246m[40m‖[37m    1179 [38;5;246m|[39m            [37m6031324 [38;5;246m‖[39m                                                
[1m[38;5;81m PHILADELPHIA INTL  [0m[38;5;246m[40m‖[37m    1131 [38;5;246m|[39m            [37m2213030 [38;5;246m‖[39m                                                
[1m[38;5;81m ORLANDO INTL       [0m[38;5;246m[40m‖[37m    1026 [38;5;246m|[39m              [37m71500 [38;5;246m‖[39m                                                
[1m[38;5;81m SACRAMENTO INTL    [0m[38;5;246m[40m‖[37m    1021 [38;5;246m|[39m            [37m3634816 [38;5;246m‖[39m                                                
[1m[38;5;81m LA GUARDIA ARPT    [0m[38;5;246m[40m‖[37m     974 [38;5;246m|[39m             [37m381504 [38;5;246m‖[39m                                                
[1m[38;5;81m CHARLOTTE/DOUGLAS …[0m[38;5;246m[40m‖[37m     960 [38;5;246m|[39m            [37m  86960 [38;5;246m‖[39m                                                
[1m[38;5;81m NEWARK LIBERTY INT…[0m[38;5;246m[40m‖[37m     917 [38;5;246m|[39m             [37m506489 [38;5;246m‖[39m                                                
[1m[38;5;81m LOUISVILLE INTL AR…[0m[38;5;246m[40m‖[37m     841 [38;5;246m|[39m            [37m1366299 [38;5;246m‖[39m                                                
[1m[38;5;81m AUSTIN-BERGSTROM I…[0m[38;5;246m[40m‖[37m     817 [38;5;246m|[39m           [37m  545500 [38;5;246m‖[39m                                                
[1m[38;5;81m LOUIE ARMSTRONG NE…[0m[38;5;246m[40m‖[37m     809 [38;5;246m|[39m             [37m406000 [38;5;246m‖[39m                                                
[1m[38;5;81m KANSAS CITY INTL   [0m[38;5;246m[40m‖[37m     807 [38;5;246m|[39m            [37m  75660 [38;5;246m‖[39m                                                
[1m[38;5;81m HARTSFIELD - JACKS…[0m[38;5;246m[40m‖[37m     775 [38;5;246m|[39m             [37m284232 [38;5;246m‖[39m                                                
[1m[38;5;81m GEORGE BUSH INTERC…[0m[38;5;246m[40m‖[37m     746 [38;5;246m|[39m            [37m  52000 [38;5;246m‖[39m                                                
[1m[38;5;81m DETROIT METRO WAYN…[0m[38;5;246m[40m‖[37m     734 [38;5;246m|[39m            [37m  48983 [38;5;246m‖[39m                                                
[1m[38;5;81m BALTIMORE/WASH INT…[0m[38;5;246m[40m‖[37m     691 [38;5;246m|[39m             [37m339300 [38;5;246m‖[39m                                                
[1m[38;5;81m GENERAL EDWARD LAW…[0m[38;5;246m[40m‖[37m     686 [38;5;246m|[39m            [37m7000577 [38;5;246m‖[39m                                                
[1m[37mfaa-wildlife-strikes_AIRPORT_freq|[0m[39m[40m                                                [37m F[1m      1512 bins[0m[39m[40m 