[1;4;7m[38;5;81m[40m OPERATOR                [0m[38;5;246m[40m|[1;4m[38;5;81m PERSON                   [0m[38;5;246m[40m‖[1;4m[37m count#[0m[38;5;246m[40m|[1;4m[37m percent%[0m[38;5;246m[40m|[1;4m[37m histogram                  [0m[39m[40m 
[1;7m[38;5;81m UNKNOWN                 [0;7m[37m[40m|[38;5;81m Carcass Found            [37m‖ 22842 |   31.10 | **************************…[0m[39m[40m 
[1m[38;5;81m SOUTHWEST AIRLINES      [0m[37m[40m|[38;5;81m Pilot                    [37m‖  5481 |    7.46 | ***********[39m                 
[1m[38;5;81m AMERICAN AIRLINES       [0m[37m[40m|[38;5;81m Pilot                    [37m‖  2240 |    3.05 | ****[39m                        
[1m[38;5;81m BUSINESS                [0m[37m[40m|[38;5;81m Pilot                    [37m‖  2061 |    2.81 | ****[39m                        
[1m[38;5;81m DELTA AIR LINES         [0m[37m[40m|[38;5;81m Airport Operations       [37m‖  1793 |    2.44 | ***[39m                         
[1m[38;5;81m BUSINESS                [0m[37m[40m|[38;5;81m Airport Operations       [37m‖  1642 |    2.24 | ***[39m                         
[1m[38;5;81m AMERICAN AIRLINES       [0m[37m[40m|[38;5;81m Airport Operations       [37m‖  1481 |    2.02 | ***[39m                         
[1m[38;5;81m FEDEX EXPRESS           [0m[37m[40m|[38;5;81m Air Transport Operations [37m‖  1434 |    1.95 | ***[39m                         
[1m[38;5;81m UNITED AIRLINES         [0m[37m[40m|[38;5;81m Airport Operations       [37m‖  1351 |    1.84 | **[39m                          
[1m[38;5;81m UPS AIRLINES            [0m[37m[40m|[38;5;81m Air Transport Operations [37m‖  1343 |    1.83 | **[39m                          
[1m[38;5;81m SOUTHWEST AIRLINES      [0m[37m[40m|[38;5;81m Airport Operations       [37m‖  1293 |    1.76 | **[39m                          
[1m[38;5;81m BUSINESS                [0m[37m[40m|[38;5;81m Tower                    [37m‖  1094 |    1.49 | **[39m                          
[1m[38;5;81m SKYWEST AIRLINES        [0m[37m[40m|[38;5;81m Airport Operations       [37m‖  1024 |    1.39 | **[39m                          
[1m[38;5;81m FEDEX EXPRESS           [0m[37m[40m|[38;5;81m Pilot                    [37m‖   963 |    1.31 | **[39m                          
[1m[38;5;81m EXPRESSJET AIRLINES     [0m[37m[40m|[38;5;81m Airport Operations       [37m‖   785 |    1.07 | *[39m                           
[1m[38;5;81m JETBLUE AIRWAYS         [0m[37m[40m|[38;5;81m Airport Operations       [37m‖   749 |    1.02 | *[39m                           
[1m[38;5;81m US AIRWAYS              [0m[37m[40m|[38;5;81m Air Transport Operations [37m‖   672 |    0.91 | *[39m                           
[1m[38;5;81m US AIRWAYS              [0m[37m[40m|[38;5;81m Airport Operations       [37m‖   656 |    0.89 | *[39m                           
[1m[38;5;81m ALASKA AIRLINES         [0m[37m[40m|[38;5;81m Airport Operations       [37m‖   599 |    0.82 | *[39m                           
[1m[38;5;81m DELTA AIR LINES         [0m[37m[40m|[38;5;81m Tower                    [37m‖   572 |    0.78 | *[39m                           
[1m[38;5;81m AMERICAN EAGLE AIRLINES [0m[37m[40m|[38;5;81m Pilot                    [37m‖   535 |    0.73 | *[39m                           
[1m[38;5;81m BUSINESS                [0m[37m[40m|[39m                  [38;5;81m        [37m‖   509 |    0.69 | *[39m                           
[1m[37mfaa-wildlife-strikes_OPERATOR-PERSON_freq|[0m[39m[40m                                      [37m g_[1m       879 bins [0m[39m[40m 