[1;4m[38;5;81m[40m OPERATOR           [0m[38;5;246m[40m|[1;4m[38;5;81m PERSON   [0m[38;5;246m[40m‖<[1;4m[37mDAMAGE   [0m[38;5;246m[40m|[1;4m[37m COST_REPAIRS   [0m[38;5;246m[40m|[1;4;7m[37m REMAINS_COLLECTED  [0m[38;5;246m[40m|[1;4m[37m REMARKS          [0m[39m[40m 
[7m[38;5;81m BUSINESS           [37m|[38;5;81m Tower    [37m‖ M        |                |[1m 0                  [0;7m[37m[40m| N9240F was right…[0m[39m[40m 
[38;5;81m BUSINESS           [38;5;246m|[38;5;81m Tower    [38;5;246m‖[37m M        [38;5;246m|[39m               [37m [38;5;246m|[1m[37m 0[0m[39m[40m                  [38;5;246m|[37m ON FINAL, PILOT …[39m 
[38;5;81m BUSINESS           [38;5;246m|[38;5;81m Tower    [38;5;246m‖[37m M        [38;5;246m|[39m               [37m [38;5;246m|[1m[37m 0[0m[39m[40m                  [38;5;246m|[37m N952G, P46T/G, b…[39m 
[38;5;81m DELTA AIR LINES    [38;5;246m|[38;5;81m Tower    [38;5;246m‖[37m M        [38;5;246m|[39m               [37m [38;5;246m|[1m[37m 0[0m[39m[40m                  [38;5;246m|[37m NO EMERGENCY: AF…[39m 
[38;5;81m BUSINESS           [38;5;246m|[38;5;81m Tower    [38;5;246m‖[37m M        [38;5;246m|[39m               [37m [38;5;246m|[1m[37m 0[0m[39m[40m                  [38;5;246m|[37m MEDFLY1, A BE9L,…[39m 
[38;5;81m DELTA AIR LINES    [38;5;246m|[38;5;81m Tower    [38;5;246m‖[37m M?       [38;5;246m|[37m [39m              [37m [38;5;246m|[1m[37m 0[0m[39m[40m                  [38;5;246m|[37m DAL571 EXPERIENC…[39m 
[38;5;81m DELTA AIR LINES    [38;5;246m|[38;5;81m Tower    [38;5;246m‖[37m M?       [38;5;246m|[39m               [37m [38;5;246m|[1m[37m 0[0m[39m[40m                  [38;5;246m|[37m DAL1356 ADVISED …[39m 
[38;5;81m BUSINESS           [38;5;246m|[38;5;81m Tower    [38;5;246m‖[37m M?       [38;5;246m|[39m                [38;5;246m|[1m[37m 0[0m[39m[40m                  [38;5;246m|[37m N999RK WAS DEPAR…[39m 
[38;5;81m ALLEGIANT AIR      [38;5;246m|[38;5;81m Tower    [38;5;246m‖[37m M?       [38;5;246m|[39m               [37m [38;5;246m|[1m[37m 0[0m[39m[40m                  [38;5;246m|[37m AAY843,MD80, ADV…[39m 
[38;5;81m TRANS STATES AIRLI…[38;5;246m|[38;5;81m Tower    [38;5;246m‖[37m M?       [38;5;246m|[39m               [37m [38;5;246m|[1m[37m 0[0m[39m[40m                  [38;5;246m|[37m LOF3351 hit a la…[39m 
[38;5;81m BUSINESS           [38;5;246m|[38;5;81m Tower    [38;5;246m‖[37m M?       [38;5;246m|[39m               [37m [38;5;246m|[1m[37m 0[0m[39m[40m                  [38;5;246m|[37m N5352K EXPERIENC…[39m 
[38;5;81m GOVERNMENT         [38;5;246m|[38;5;81m Tower    [38;5;246m‖[37m M?       [38;5;246m|[39m               [37m [38;5;246m|[1m[37m 0[0m[39m[40m                  [38;5;246m|[37m POLICE1 reported…[39m 
[38;5;81m AMERICAN AIRLINES  [38;5;246m|[38;5;81m Tower    [38;5;246m‖[37m N        [38;5;246m|[39m               [37m [38;5;246m|[1m[37m 0[0m[39m[40m                  [38;5;246m|[37m PILOT OF AAL1702…[39m 
[38;5;81m EXPRESSJET AIRLINES[38;5;246m|[38;5;81m Tower    [38;5;246m‖[37m N        [38;5;246m|[39m               [37m [38;5;246m|[1m[37m 0[0m[39m[40m                  [38;5;246m|[37m ASQ2607 REPORTED…[39m 
[38;5;81m MESA AIRLINES      [38;5;246m|[38;5;81m Tower    [38;5;246m‖[37m N        [38;5;246m|[39m               [37m [38;5;246m|[1m[37m 0[0m[39m[40m                  [38;5;246m|[37m ASH5753 WAS CLEA…[39m 
[38;5;81m BUSINESS           [38;5;246m|[38;5;81m Tower    [38;5;246m‖[37m N        [38;5;246m|[39m                [38;5;246m|[1m[37m 0[0m[39m[40m                  [38;5;246m|[37m CMD8 BIRD STRIKE…[39m 
[38;5;81m DELTA AIR LINES    [38;5;246m|[38;5;81m Tower    [38;5;246m‖[37m N        [38;5;246m|[39m               [37m [38;5;246m|[1m[37m 0[0m[39m[40m                  [38;5;246m|[37m DAL 1253-BIRD ST…[39m 
[38;5;81m DELTA AIR LINES    [38;5;246m|[38;5;81m Tower    [38;5;246m‖[37m N        [38;5;246m|[39m               [37m [38;5;246m|[1m[37m 0[0m[39m[40m                  [38;5;246m|[37m Delta Airlines c…[39m 
[38;5;81m LUFTHANSA          [38;5;246m|[38;5;81m Tower    [38;5;246m‖[37m N        [38;5;246m|[39m               [37m [38;5;246m|[1m[37m 0[0m[39m[40m                  [38;5;246m|[37m DLH441 reported …[39m 
[38;5;81m BUSINESS           [38;5;246m|[38;5;81m Tower    [38;5;246m‖[37m N        [38;5;246m|[39m               [37m [38;5;246m|[1m[37m 0[0m[39m[40m                  [38;5;246m|[37m AIRCRAFT ENCOUNT…[39m 
[38;5;81m SPIRIT AIRLINES    [38;5;246m|[38;5;81m Tower    [38;5;246m‖[37m N        [38;5;246m|[39m                [38;5;246m|[1m[37m 0[0m[39m[40m                  [38;5;246m|[37m Aircraft reporte…[39m 
[38;5;81m EXPRESSJET AIRLINES[38;5;246m|[38;5;81m Tower    [38;5;246m‖[37m N        [38;5;246m|[39m               [37m [38;5;246m|[1m[37m 0[0m[39m[40m                  [38;5;246m|[37m HIT A SMALL BIRD…[39m 
[1m[37mfaa-wildlife-strikes|         [0m[39m[40m                                                    [37m ![1m     73448 rows[0m[39m[40m 