[1;4;7m[38;5;81m[40m AIRPORT            [0m[38;5;246m[40m║[1;4m[37m count♯[0m[38;5;246m[40m|[1;4m[37m COST_REPAIRS_sum#[0m[38;5;246m[40m║[39m                                                    
[1;7m[38;5;81m UNKNOWN            [0;7m[37m[40m║  8424 |         17931422 ║[0m[39m[40m                                                    
[1m[38;5;81m DENVER INTL AIRPORT[0m[37m[40m║  2756 |          9033148 ║[39m                                                    
[1m[38;5;81m DALLAS/FORT WORTH …[0m[37m[40m║  2392 |           927920 ║[39m                                                    
[1m[38;5;81m CHICAGO O'HARE INT…[0m[37m[40m║  1583 |          1146738 ║[39m                                                    
[1m[38;5;81m JOHN F KENNEDY INTL[0m[37m[40m║  1302 |           310917 ║[39m                                                    
[1m[38;5;81m MEMPHIS INTL       [0m[37m[40m║  1217 |          4507487 ║[39m                                                    
[1m[38;5;81m SALT LAKE CITY INTL[0m[37m[40m║  1179 |          6031324 ║[39m                                                    
[1m[38;5;81m PHILADELPHIA INTL  [0m[37m[40m║  1131 |          2213030 ║[39m                                                    
[1m[38;5;81m ORLANDO INTL       [0m[37m[40m║  1026 |            71500 ║[39m                                                    
[1m[38;5;81m SACRAMENTO INTL    [0m[37m[40m║  1021 |          3634816 ║[39m                                                    
[1m[38;5;81m LA GUARDIA ARPT    [0m[37m[40m║   974 |           381504 ║[39m                                                    
[1m[38;5;81m CHARLOTTE/DOUGLAS …[0m[37m[40m║   960 |            86960 ║[39m                                                    
[1m[38;5;81m NEWARK LIBERTY INT…[0m[37m[40m║   917 |           506489 ║[39m                                                    
[1m[38;5;81m LOUISVILLE INTL AR…[0m[37m[40m║   841 |          1366299 ║[39m                                                    
[1m[38;5;81m AUSTIN-BERGSTROM I…[0m[37m[40m║   817 |           545500 ║[39m                                                    
[1m[38;5;81m LOUIE ARMSTRONG NE…[0m[37m[40m║   809 |           406000 ║[39m                                                    
[1m[38;5;81m KANSAS CITY INTL   [0m[37m[40m║   807 |            75660 ║[39m                                                    
[1m[38;5;81m HARTSFIELD - JACKS…[0m[37m[40m║   775 |           284232 ║[39m                                                    
[1m[38;5;81m GEORGE BUSH INTERC…[0m[37m[40m║   746 |            52000 ║[39m                                                    
[1m[38;5;81m DETROIT METRO WAYN…[0m[37m[40m║   734 |            48983 ║[39m                                                    
[1m[38;5;81m BALTIMORE/WASH INT…[0m[37m[40m║   691 |           339300 ║[39m                                                    
[1m[38;5;81m GENERAL EDWARD LAW…[0m[37m[40m║   686 |          7000577 ║[39m                                                    
[1m[37m3› faa-wildlife-strikes_AIRPORT_freq|[0m[39m[40m                          [1m[37m                 F        1512 bins [0m[39m[40m 