[1;4m[38;5;81m[40m OPERATOR           [0m[38;5;246m[40m|[1;4m[38;5;81m PERSON [0m[38;5;246m[40m║<[1;4m[37mBIRDS_STRUCK [0m[38;5;246m[40m|[1;4m[37m EFFECT             [0m[38;5;246m[40m|[1;4m[37m DAMAGE [0m[38;5;246m[40m|[1;4;7m[37m COST_REPAIRS#[0m[38;5;246m[40m|[1;4m[37m REMAINS[0m[38;5;246m[40m>[39m 
[7m[38;5;81m BUSINESS           [37m|[38;5;81m Tower  [37m║ 1            | NONE               | M      |[1m             [33m![0;7m[37m[40m| 0       [0m[39m[40m 
[38;5;81m BUSINESS           [38;5;246m|[38;5;81m Tower  [38;5;246m║[37m 1            [38;5;246m|[37m NONE[39m               [38;5;246m|[37m M      [38;5;246m|[39m             [1m[33m![0m[38;5;246m[40m|[37m 0[39m        
[38;5;81m BUSINESS           [38;5;246m|[38;5;81m Tower  [38;5;246m║[37m 1            [38;5;246m|[37m NONE[39m               [38;5;246m|[37m M      [38;5;246m|[39m             [1m[33m![0m[38;5;246m[40m|[37m 0[39m        
[38;5;81m DELTA AIR LINES    [38;5;246m|[38;5;81m Tower  [38;5;246m║[37m 1            [38;5;246m|[37m NONE[39m               [38;5;246m|[37m M      [38;5;246m|[39m             [1m[33m![0m[38;5;246m[40m|[37m 0[39m        
[38;5;81m BUSINESS           [38;5;246m|[38;5;81m Tower  [38;5;246m║[37m 1            [38;5;246m|[39m                    [38;5;246m|[37m M      [38;5;246m|[39m             [1m[33m![0m[38;5;246m[40m|[37m 0[39m        
[38;5;81m DELTA AIR LINES    [38;5;246m|[38;5;81m Tower  [38;5;246m║[37m 1            [38;5;246m|[37m Other[39m              [38;5;246m|[37m M?     [38;5;246m|[39m             [1m[33m![0m[38;5;246m[40m|[37m 0[39m        
[38;5;81m DELTA AIR LINES    [38;5;246m|[38;5;81m Tower  [38;5;246m║[37m 1            [38;5;246m|[37m NONE[39m               [38;5;246m|[37m M?     [38;5;246m|[39m             [1m[33m![0m[38;5;246m[40m|[37m 0[39m        
[38;5;81m BUSINESS           [38;5;246m|[38;5;81m Tower  [38;5;246m║[37m 1            [38;5;246m|[37m PRECAUTIONARY LAND…[38;5;246m|[37m M?     [38;5;246m|[39m             [1m[33m![0m[38;5;246m[40m|[37m 0[39m        
[38;5;81m ALLEGIANT AIR      [38;5;246m|[38;5;81m Tower  [38;5;246m║[37m 1            [38;5;246m|[37m NONE[39m               [38;5;246m|[37m M?     [38;5;246m|[39m             [1m[33m![0m[38;5;246m[40m|[37m 0[39m        
[38;5;81m TRANS STATES AIRLI…[38;5;246m|[38;5;81m Tower  [38;5;246m║[37m 1            [38;5;246m|[37m NONE[39m               [38;5;246m|[37m M?     [38;5;246m|[39m             [1m[33m![0m[38;5;246m[40m|[37m 0[39m        
[38;5;81m BUSINESS           [38;5;246m|[38;5;81m Tower  [38;5;246m║[37m 1            [38;5;246m|[37m NONE[39m               [38;5;246m|[37m M?     [38;5;246m|[39m             [1m[33m![0m[38;5;246m[40m|[37m 0[39m        
[38;5;81m GOVERNMENT         [38;5;246m|[38;5;81m Tower  [38;5;246m║[37m 1            [38;5;246m|[37m NONE[39m               [38;5;246m|[37m M?     [38;5;246m|[39m             [1m[33m![0m[38;5;246m[40m|[37m 0[39m        
[38;5;81m AMERICAN AIRLINES  [38;5;246m|[38;5;81m Tower  [38;5;246m║[37m 1            [38;5;246m|[37m NONE[39m               [38;5;246m|[37m N      [38;5;246m|[39m             [1m[33m![0m[38;5;246m[40m|[37m 0[39m        
[38;5;81m EXPRESSJET AIRLINES[38;5;246m|[38;5;81m Tower  [38;5;246m║[37m 1            [38;5;246m|[37m NONE[39m               [38;5;246m|[37m N      [38;5;246m|[39m             [1m[33m![0m[38;5;246m[40m|[37m 0[39m        
[38;5;81m MESA AIRLINES      [38;5;246m|[38;5;81m Tower  [38;5;246m║[37m 1            [38;5;246m|[37m NONE[39m               [38;5;246m|[37m N      [38;5;246m|[39m             [1m[33m![0m[38;5;246m[40m|[37m 0[39m        
[38;5;81m BUSINESS           [38;5;246m|[38;5;81m Tower  [38;5;246m║[37m 1            [38;5;246m|[37m PRECAUTIONARY LAND…[38;5;246m|[37m N      [38;5;246m|[39m             [1m[33m![0m[38;5;246m[40m|[37m 0[39m        
[1;4m[90m1› faa-wildlife-strikes|                                              aggregate-col     73448 rows [0m[39m[40m 
[1;4;7m[38;5;81m key      [0m[38;5;246m[40m║[1;4m[37m desc                                           [0m[38;5;246m[40m║[39m                                        
[1;7m[38;5;81m min      [0;7m[37m[40m║ minimum value                                  ║[0m[39m[40m                                        
[1m[38;5;81m max      [0m[38;5;246m[40m║[37m maximum value                         [39m         [38;5;246m║[39m                                        
[1m[38;5;81m avg      [0m[38;5;246m[40m║[37m arithmetic mean of values       [39m               [38;5;246m║[39m                                        
[1m[38;5;81m mean     [0m[38;5;246m[40m║[37m arithmetic mean of values             [39m         [38;5;246m║[39m                                        
[1m[37m› choices|[0m[39m[40m              [1m[37m       [0m[39m[40m                                    [1m[37m                     16 choices [0m[39m[40m 